http://finance.yahoo.com/q/op?s=TFSC&straddle=true&date=1435363200
1
http://finance.yahoo.com/q/op?s=TFSCR&straddle=true&date=1435363200
1
http://finance.yahoo.com/q/op?s=TFSCU&straddle=true&date=1435363200
1
http://finance.yahoo.com/q/op?s=TFSCW&straddle=true&date=1435363200
1
http://finance.yahoo.com/q/op?s=PIH&straddle=true&date=1435363200
1
http://finance.yahoo.com/q/op?s=FLWS&straddle=true&date=1435363200
0
http://finance.yahoo.com/q/op?s=FCTY&straddle=true&date=1435363200
1
http://finance.yahoo.com/q/op?s=FCCY&straddle=true&date=1435363200
1
http://finance.yahoo.com/q/op?s=SRCE&straddle=true&date=1435363200
1
http://finance.yahoo.com/q/op?s=VNET&straddle=true&date=1435363200
0
http://finance.yahoo.com/q/op?s=TWOU&straddle=true&date=1435363200
0
http://finance.yahoo.com/q/op?s=DGLD&straddle=true&date=1435363200
1
http://finance.yahoo.com/q/op?s=JOBS&straddle=true&date=1435363200
0
http://finance.yahoo.com/q/op?s=SIXD&straddle=true&date=1435363200
1
http://finance.yahoo.com/q/op?s=EGHT&straddle=true&date=1435363200
0
http://finance.yahoo.com/q/op?s=AVHI&straddle=true&date=1435363200
0
http://finance.yahoo.com/q/op?s=SHLM&straddle=true&date=1435363200
0
http://finance.yahoo.com/q/op?s=AAON&straddle=true&date=1435363200
0
http://finance.yahoo.com/q/op?s=ABAX&straddle=true&date=1435363200
0
http://finance.yahoo.com/q/op?s=ABY&straddle=true&date=1435363200
0
http://finance.yahoo.com/q/op?s=ABGB&straddle=true&date=1435363200
1
http://finance.yahoo.com/q/op?s=ABMD&straddle=true&date=1435363200
0
http://finance.yahoo.com/q/op?s=AXAS&straddle=true&date=1435363200
0
http://finance.yahoo.com/q/op?s=ACTG&straddle=true&date=1435363200
0
http://finance.yahoo.com/q/op?s=ACHC&straddle=true&date=1435363200
0
http://finance.yahoo.com/q/op?s=ACAD&straddle=true&date=1435363200
0
http://finance.yahoo.com/q/op?s=ACST&straddle=true&date=1435363200
1
http://finance.yahoo.com/q/op?s=AXDX&straddle=true&date=1435363200
0
http://finance.yahoo.com/q/op?s=XLRN&straddle=true&date=1435363200
0
http://finance.yahoo.com/q/op?s=ANCX&straddle=true&date=1435363200
1
http://finance.yahoo.com/q/op?s=ARAY&straddle=true&date=1435363200
0
http://finance.yahoo.com/q/op?s=ACRX&straddle=true&date=1435363200
0
http://finance.yahoo.com/q/op?s=ACET&straddle=true&date=1435363200
0
http://finance.yahoo.com/q/op?s=AKAO&straddle=true&date=1435363200
0
http://finance.yahoo.com/q/op?s=ACHN&straddle=true&date=1435363200
0
http://finance.yahoo.com/q/op?s=ACIW&straddle=true&date=1435363200
0
http://finance.yahoo.com/q/op?s=ACNB&straddle=true&date=1435363200
1
http://finance.yahoo.com/q/op?s=ACOR&straddle=true&date=1435363200
0
http://finance.yahoo.com/q/op?s=ACFN&straddle=true&date=1435363200
0
http://finance.yahoo.com/q/op?s=ACTS&straddle=true&date=1435363200
1
http://finance.yahoo.com/q/op?s=ACPW&straddle=true&date=1435363200
0
http://finance.yahoo.com/q/op?s=ATVI&straddle=true&date=1435363200
0
http://finance.yahoo.com/q/op?s=ACTA&straddle=true&date=1435363200
0
http://finance.yahoo.com/q/op?s=ACUR&straddle=true&date=1435363200
0
http://finance.yahoo.com/q/op?s=ACXM&straddle=true&date=1435363200
0
http://finance.yahoo.com/q/op?s=ADMS&straddle=true&date=1435363200
1
http://finance.yahoo.com/q/op?s=ADMP&straddle=true&date=1435363200
0
http://finance.yahoo.com/q/op?s=ADAP&straddle=true&date=1435363200
1
http://finance.yahoo.com/q/op?s=ADUS&straddle=true&date=1435363200
1
http://finance.yahoo.com/q/op?s=AEY&straddle=true&date=1435363200
1
http://finance.yahoo.com/q/op?s=ADEP&straddle=true&date=1435363200
0
http://finance.yahoo.com/q/op?s=ADMA&straddle=true&date=1435363200
1
http://finance.yahoo.com/q/op?s=ADBE&straddle=true&date=1435363200
0
http://finance.yahoo.com/q/op?s=ADTN&straddle=true&date=1435363200
0
http://finance.yahoo.com/q/op?s=ADRO&straddle=true&date=1435363200
0
http://finance.yahoo.com/q/op?s=AEIS&straddle=true&date=1435363200
0
http://finance.yahoo.com/q/op?s=AMD&straddle=true&date=1435363200
0
http://finance.yahoo.com/q/op?s=ADXS&straddle=true&date=1435363200
0
http://finance.yahoo.com/q/op?s=ADXSW&straddle=true&date=1435363200
1
http://finance.yahoo.com/q/op?s=ADVS&straddle=true&date=1435363200
0
http://finance.yahoo.com/q/op?s=MULT&straddle=true&date=1435363200
1
http://finance.yahoo.com/q/op?s=YPRO&straddle=true&date=1435363200
1
http://finance.yahoo.com/q/op?s=AEGR&straddle=true&date=1435363200
0
http://finance.yahoo.com/q/op?s=AEGN&straddle=true&date=1435363200
0
http://finance.yahoo.com/q/op?s=AEHR&straddle=true&date=1435363200
1
http://finance.yahoo.com/q/op?s=AMTX&straddle=true&date=1435363200
1
http://finance.yahoo.com/q/op?s=AEPI&straddle=true&date=1435363200
1
http://finance.yahoo.com/q/op?s=AERI&straddle=true&date=1435363200
0
http://finance.yahoo.com/q/op?s=AVAV&straddle=true&date=1435363200
0
http://finance.yahoo.com/q/op?s=AEZS&straddle=true&date=1435363200
1
http://finance.yahoo.com/q/op?s=AFMD&straddle=true&date=1435363200
1
http://finance.yahoo.com/q/op?s=AFFX&straddle=true&date=1435363200
0
http://finance.yahoo.com/q/op?s=AGEN&straddle=true&date=1435363200
0
http://finance.yahoo.com/q/op?s=AGRX&straddle=true&date=1435363200
1
http://finance.yahoo.com/q/op?s=AGYS&straddle=true&date=1435363200
0
http://finance.yahoo.com/q/op?s=AGIO&straddle=true&date=1435363200
0
http://finance.yahoo.com/q/op?s=AIRM&straddle=true&date=1435363200
0
http://finance.yahoo.com/q/op?s=AIRT&straddle=true&date=1435363200
1
http://finance.yahoo.com/q/op?s=ATSG&straddle=true&date=1435363200
0
http://finance.yahoo.com/q/op?s=AMCN&straddle=true&date=1435363200
0
http://finance.yahoo.com/q/op?s=AIXG&straddle=true&date=1435363200
0
http://finance.yahoo.com/q/op?s=AKAM&straddle=true&date=1435363200
0
http://finance.yahoo.com/q/op?s=AKBA&straddle=true&date=1435363200
0
http://finance.yahoo.com/q/op?s=AKER&straddle=true&date=1435363200
1
http://finance.yahoo.com/q/op?s=AKRX&straddle=true&date=1435363200
0
http://finance.yahoo.com/q/op?s=ALSK&straddle=true&date=1435363200
0
http://finance.yahoo.com/q/op?s=AMRI&straddle=true&date=1435363200
0
http://finance.yahoo.com/q/op?s=ABDC&straddle=true&date=1435363200
1
http://finance.yahoo.com/q/op?s=ADHD&straddle=true&date=1435363200
0
http://finance.yahoo.com/q/op?s=ALDR&straddle=true&date=1435363200
0
http://finance.yahoo.com/q/op?s=ALDX&straddle=true&date=1435363200
1
http://finance.yahoo.com/q/op?s=ALXN&straddle=true&date=1435363200
0
http://finance.yahoo.com/q/op?s=ALXA&straddle=true&date=1435363200
0
http://finance.yahoo.com/q/op?s=ALCO&straddle=true&date=1435363200
1
http://finance.yahoo.com/q/op?s=ALGN&straddle=true&date=1435363200
0
http://finance.yahoo.com/q/op?s=ALIM&straddle=true&date=1435363200
0
http://finance.yahoo.com/q/op?s=ALKS&straddle=true&date=1435363200
0
http://finance.yahoo.com/q/op?s=ALGT&straddle=true&date=1435363200
0
http://finance.yahoo.com/q/op?s=ALLB&straddle=true&date=1435363200
1
http://finance.yahoo.com/q/op?s=AFOP&straddle=true&date=1435363200
0
http://finance.yahoo.com/q/op?s=AIQ&straddle=true&date=1435363200
1
http://finance.yahoo.com/q/op?s=AHGP&straddle=true&date=1435363200
0
http://finance.yahoo.com/q/op?s=ARLP&straddle=true&date=1435363200
0
http://finance.yahoo.com/q/op?s=AHPI&straddle=true&date=1435363200
1
http://finance.yahoo.com/q/op?s=AMOT&straddle=true&date=1435363200
1
http://finance.yahoo.com/q/op?s=ALQA&straddle=true&date=1435363200
0
http://finance.yahoo.com/q/op?s=ALLT&straddle=true&date=1435363200
0
http://finance.yahoo.com/q/op?s=MDRX&straddle=true&date=1435363200
0
http://finance.yahoo.com/q/op?s=AFAM&straddle=true&date=1435363200
0
http://finance.yahoo.com/q/op?s=ALNY&straddle=true&date=1435363200
0
http://finance.yahoo.com/q/op?s=AOSL&straddle=true&date=1435363200
0
http://finance.yahoo.com/q/op?s=SMCP&straddle=true&date=1435363200
1
http://finance.yahoo.com/q/op?s=ATEC&straddle=true&date=1435363200
0
http://finance.yahoo.com/q/op?s=ALTR&straddle=true&date=1435363200
0
http://finance.yahoo.com/q/op?s=ASPS&straddle=true&date=1435363200
0
http://finance.yahoo.com/q/op?s=AIMC&straddle=true&date=1435363200
0
http://finance.yahoo.com/q/op?s=AMAG&straddle=true&date=1435363200
0
http://finance.yahoo.com/q/op?s=AMRN&straddle=true&date=1435363200
0
http://finance.yahoo.com/q/op?s=AMRK&straddle=true&date=1435363200
1
http://finance.yahoo.com/q/op?s=AMZN&straddle=true&date=1435363200
0
http://finance.yahoo.com/q/op?s=AMBC&straddle=true&date=1435363200
0
http://finance.yahoo.com/q/op?s=AMBCW&straddle=true&date=1435363200
1
http://finance.yahoo.com/q/op?s=AMBA&straddle=true&date=1435363200
0
http://finance.yahoo.com/q/op?s=EPAX&straddle=true&date=1435363200
0
http://finance.yahoo.com/q/op?s=AMCX&straddle=true&date=1435363200
0
http://finance.yahoo.com/q/op?s=DOX&straddle=true&date=1435363200
0
http://finance.yahoo.com/q/op?s=AMDA&straddle=true&date=1435363200
1
http://finance.yahoo.com/q/op?s=AMED&straddle=true&date=1435363200
0
http://finance.yahoo.com/q/op?s=UHAL&straddle=true&date=1435363200
0
http://finance.yahoo.com/q/op?s=ASBI&straddle=true&date=1435363200
1
http://finance.yahoo.com/q/op?s=ATAX&straddle=true&date=1435363200
0
http://finance.yahoo.com/q/op?s=AMOV&straddle=true&date=1435363200
1
http://finance.yahoo.com/q/op?s=AAL&straddle=true&date=1435363200
0
http://finance.yahoo.com/q/op?s=AGNC&straddle=true&date=1435363200
0
http://finance.yahoo.com/q/op?s=AGNCB&straddle=true&date=1435363200
1
http://finance.yahoo.com/q/op?s=AGNCP&straddle=true&date=1435363200
1
http://finance.yahoo.com/q/op?s=MTGE&straddle=true&date=1435363200
0
http://finance.yahoo.com/q/op?s=MTGEP&straddle=true&date=1435363200
1
http://finance.yahoo.com/q/op?s=ACSF&straddle=true&date=1435363200
1
http://finance.yahoo.com/q/op?s=ACAS&straddle=true&date=1435363200
0
http://finance.yahoo.com/q/op?s=ANCI&straddle=true&date=1435363200
1
http://finance.yahoo.com/q/op?s=AETI&straddle=true&date=1435363200
1
http://finance.yahoo.com/q/op?s=AMIC&straddle=true&date=1435363200
1
http://finance.yahoo.com/q/op?s=AMNB&straddle=true&date=1435363200
1
http://finance.yahoo.com/q/op?s=ANAT&straddle=true&date=1435363200
1
http://finance.yahoo.com/q/op?s=APEI&straddle=true&date=1435363200
0
http://finance.yahoo.com/q/op?s=ARII&straddle=true&date=1435363200
0
http://finance.yahoo.com/q/op?s=ARCP&straddle=true&date=1435363200
0
http://finance.yahoo.com/q/op?s=ARCPP&straddle=true&date=1435363200
1
http://finance.yahoo.com/q/op?s=AMRB&straddle=true&date=1435363200
1
http://finance.yahoo.com/q/op?s=ASEI&straddle=true&date=1435363200
0
http://finance.yahoo.com/q/op?s=AMSWA&straddle=true&date=1435363200
0
http://finance.yahoo.com/q/op?s=AMSC&straddle=true&date=1435363200
0
http://finance.yahoo.com/q/op?s=AMWD&straddle=true&date=1435363200
0
http://finance.yahoo.com/q/op?s=CRMT&straddle=true&date=1435363200
0
http://finance.yahoo.com/q/op?s=ABCB&straddle=true&date=1435363200
0
http://finance.yahoo.com/q/op?s=AMSF&straddle=true&date=1435363200
0
http://finance.yahoo.com/q/op?s=ASRV&straddle=true&date=1435363200
1
http://finance.yahoo.com/q/op?s=ASRVP&straddle=true&date=1435363200
1
http://finance.yahoo.com/q/op?s=ATLO&straddle=true&date=1435363200
1
http://finance.yahoo.com/q/op?s=AMGN&straddle=true&date=1435363200
0
http://finance.yahoo.com/q/op?s=FOLD&straddle=true&date=1435363200
0
http://finance.yahoo.com/q/op?s=AMKR&straddle=true&date=1435363200
0
http://finance.yahoo.com/q/op?s=AMPH&straddle=true&date=1435363200
0
http://finance.yahoo.com/q/op?s=AMSG&straddle=true&date=1435363200
0
http://finance.yahoo.com/q/op?s=AMSGP&straddle=true&date=1435363200
1
http://finance.yahoo.com/q/op?s=ASYS&straddle=true&date=1435363200
0
http://finance.yahoo.com/q/op?s=AFSI&straddle=true&date=1435363200
0
http://finance.yahoo.com/q/op?s=AMRS&straddle=true&date=1435363200
0
http://finance.yahoo.com/q/op?s=ANAC&straddle=true&date=1435363200
0
http://finance.yahoo.com/q/op?s=ANAD&straddle=true&date=1435363200
0
http://finance.yahoo.com/q/op?s=ADI&straddle=true&date=1435363200
0
http://finance.yahoo.com/q/op?s=ALOG&straddle=true&date=1435363200
0
http://finance.yahoo.com/q/op?s=ANCB&straddle=true&date=1435363200
1
http://finance.yahoo.com/q/op?s=ABCW&straddle=true&date=1435363200
1
http://finance.yahoo.com/q/op?s=AMCF&straddle=true&date=1435363200
1
http://finance.yahoo.com/q/op?s=ANGI&straddle=true&date=1435363200
0
http://finance.yahoo.com/q/op?s=ANGO&straddle=true&date=1435363200
0
http://finance.yahoo.com/q/op?s=ANIP&straddle=true&date=1435363200
0
http://finance.yahoo.com/q/op?s=ANIK&straddle=true&date=1435363200
0
http://finance.yahoo.com/q/op?s=ANSS&straddle=true&date=1435363200
0
http://finance.yahoo.com/q/op?s=ATRS&straddle=true&date=1435363200
0
http://finance.yahoo.com/q/op?s=ANTE&straddle=true&date=1435363200
0
http://finance.yahoo.com/q/op?s=ANTH&straddle=true&date=1435363200
0
http://finance.yahoo.com/q/op?s=ABAC&straddle=true&date=1435363200
1
http://finance.yahoo.com/q/op?s=ATNY&straddle=true&date=1435363200
1
http://finance.yahoo.com/q/op?s=APIC&straddle=true&date=1435363200
0
http://finance.yahoo.com/q/op?s=APOG&straddle=true&date=1435363200
0
http://finance.yahoo.com/q/op?s=APOL&straddle=true&date=1435363200
0
http://finance.yahoo.com/q/op?s=AINV&straddle=true&date=1435363200
0
http://finance.yahoo.com/q/op?s=AAPL&straddle=true&date=1435363200
0
http://finance.yahoo.com/q/op?s=ARCI&straddle=true&date=1435363200
1
http://finance.yahoo.com/q/op?s=APDN&straddle=true&date=1435363200
1
http://finance.yahoo.com/q/op?s=APDNW&straddle=true&date=1435363200
1
http://finance.yahoo.com/q/op?s=AGTC&straddle=true&date=1435363200
1
http://finance.yahoo.com/q/op?s=AMAT&straddle=true&date=1435363200
0
http://finance.yahoo.com/q/op?s=AMCC&straddle=true&date=1435363200
0
http://finance.yahoo.com/q/op?s=AAOI&straddle=true&date=1435363200
0
http://finance.yahoo.com/q/op?s=AREX&straddle=true&date=1435363200
0
http://finance.yahoo.com/q/op?s=APRI&straddle=true&date=1435363200
0
http://finance.yahoo.com/q/op?s=APTO&straddle=true&date=1435363200
1
http://finance.yahoo.com/q/op?s=AQXP&straddle=true&date=1435363200
1
http://finance.yahoo.com/q/op?s=AUMA&straddle=true&date=1435363200
1
http://finance.yahoo.com/q/op?s=AUMAU&straddle=true&date=1435363200
1
http://finance.yahoo.com/q/op?s=AUMAW&straddle=true&date=1435363200
1
http://finance.yahoo.com/q/op?s=ARDM&straddle=true&date=1435363200
1
http://finance.yahoo.com/q/op?s=PETX&straddle=true&date=1435363200
0
http://finance.yahoo.com/q/op?s=ARCW&straddle=true&date=1435363200
1
http://finance.yahoo.com/q/op?s=ABIO&straddle=true&date=1435363200
1
http://finance.yahoo.com/q/op?s=ARCB&straddle=true&date=1435363200
0
http://finance.yahoo.com/q/op?s=ACGL&straddle=true&date=1435363200
0
http://finance.yahoo.com/q/op?s=ACAT&straddle=true&date=1435363200
0
http://finance.yahoo.com/q/op?s=ARDX&straddle=true&date=1435363200
1
http://finance.yahoo.com/q/op?s=ARNA&straddle=true&date=1435363200
0
http://finance.yahoo.com/q/op?s=ARCC&straddle=true&date=1435363200
0
http://finance.yahoo.com/q/op?s=AGII&straddle=true&date=1435363200
0
http://finance.yahoo.com/q/op?s=AGIIL&straddle=true&date=1435363200
1
http://finance.yahoo.com/q/op?s=ARGS&straddle=true&date=1435363200
1
http://finance.yahoo.com/q/op?s=ARIS&straddle=true&date=1435363200
1
http://finance.yahoo.com/q/op?s=ARIA&straddle=true&date=1435363200
0
http://finance.yahoo.com/q/op?s=ARKR&straddle=true&date=1435363200
1
http://finance.yahoo.com/q/op?s=ARMH&straddle=true&date=1435363200
0
http://finance.yahoo.com/q/op?s=ARTX&straddle=true&date=1435363200
0
http://finance.yahoo.com/q/op?s=ARWAU&straddle=true&date=1435363200
1
http://finance.yahoo.com/q/op?s=ARQL&straddle=true&date=1435363200
0
http://finance.yahoo.com/q/op?s=ARRY&straddle=true&date=1435363200
0
http://finance.yahoo.com/q/op?s=ARRS&straddle=true&date=1435363200
0
http://finance.yahoo.com/q/op?s=DWAT&straddle=true&date=1435363200
1
http://finance.yahoo.com/q/op?s=AROW&straddle=true&date=1435363200
1
http://finance.yahoo.com/q/op?s=ARWR&straddle=true&date=1435363200
0
http://finance.yahoo.com/q/op?s=ARTNA&straddle=true&date=1435363200
0
http://finance.yahoo.com/q/op?s=ARTW&straddle=true&date=1435363200
1
http://finance.yahoo.com/q/op?s=ARUN&straddle=true&date=1435363200
0
http://finance.yahoo.com/q/op?s=ASBB&straddle=true&date=1435363200
1
http://finance.yahoo.com/q/op?s=ASNA&straddle=true&date=1435363200
0
http://finance.yahoo.com/q/op?s=ASND&straddle=true&date=1435363200
1
http://finance.yahoo.com/q/op?s=ASCMA&straddle=true&date=1435363200
1
http://finance.yahoo.com/q/op?s=ASTI&straddle=true&date=1435363200
0
http://finance.yahoo.com/q/op?s=APWC&straddle=true&date=1435363200
1
http://finance.yahoo.com/q/op?s=ASMI&straddle=true&date=1435363200
0
http://finance.yahoo.com/q/op?s=ASML&straddle=true&date=1435363200
0
http://finance.yahoo.com/q/op?s=AZPN&straddle=true&date=1435363200
0
http://finance.yahoo.com/q/op?s=ASMB&straddle=true&date=1435363200
1
http://finance.yahoo.com/q/op?s=ASFI&straddle=true&date=1435363200
0
http://finance.yahoo.com/q/op?s=ASTE&straddle=true&date=1435363200
0
http://finance.yahoo.com/q/op?s=ALOT&straddle=true&date=1435363200
1
http://finance.yahoo.com/q/op?s=CTCM&straddle=true&date=1435363200
0
http://finance.yahoo.com/q/op?s=ATRO&straddle=true&date=1435363200
1
http://finance.yahoo.com/q/op?s=ASTC&straddle=true&date=1435363200
0
http://finance.yahoo.com/q/op?s=ASUR&straddle=true&date=1435363200
1
http://finance.yahoo.com/q/op?s=ATAI&straddle=true&date=1435363200
1
http://finance.yahoo.com/q/op?s=ATRA&straddle=true&date=1435363200
0
http://finance.yahoo.com/q/op?s=ATHN&straddle=true&date=1435363200
0
http://finance.yahoo.com/q/op?s=AFCB&straddle=true&date=1435363200
1
http://finance.yahoo.com/q/op?s=ATHX&straddle=true&date=1435363200
0
http://finance.yahoo.com/q/op?s=AAPC&straddle=true&date=1435363200
1
http://finance.yahoo.com/q/op?s=AAME&straddle=true&date=1435363200
1
http://finance.yahoo.com/q/op?s=ACFC&straddle=true&date=1435363200
1
http://finance.yahoo.com/q/op?s=ATNI&straddle=true&date=1435363200
0
http://finance.yahoo.com/q/op?s=ATLC&straddle=true&date=1435363200
0
http://finance.yahoo.com/q/op?s=AAWW&straddle=true&date=1435363200
0
http://finance.yahoo.com/q/op?s=AFH&straddle=true&date=1435363200
1
http://finance.yahoo.com/q/op?s=ATML&straddle=true&date=1435363200
0
http://finance.yahoo.com/q/op?s=ATOS&straddle=true&date=1435363200
1
http://finance.yahoo.com/q/op?s=ATRC&straddle=true&date=1435363200
0
http://finance.yahoo.com/q/op?s=ATRI&straddle=true&date=1435363200
1
http://finance.yahoo.com/q/op?s=ATRM&straddle=true&date=1435363200
1
http://finance.yahoo.com/q/op?s=ATTU&straddle=true&date=1435363200
1
http://finance.yahoo.com/q/op?s=LIFE&straddle=true&date=1435363200
1
http://finance.yahoo.com/q/op?s=AUBN&straddle=true&date=1435363200
1
http://finance.yahoo.com/q/op?s=ADNC&straddle=true&date=1435363200
0
http://finance.yahoo.com/q/op?s=AUDC&straddle=true&date=1435363200
0
http://finance.yahoo.com/q/op?s=AUPH&straddle=true&date=1435363200
1
http://finance.yahoo.com/q/op?s=EARS&straddle=true&date=1435363200
1
http://finance.yahoo.com/q/op?s=ADAT&straddle=true&date=1435363200
1
http://finance.yahoo.com/q/op?s=ABTL&straddle=true&date=1435363200
0
http://finance.yahoo.com/q/op?s=ADSK&straddle=true&date=1435363200
0
http://finance.yahoo.com/q/op?s=ADP&straddle=true&date=1435363200
0
http://finance.yahoo.com/q/op?s=AVGO&straddle=true&date=1435363200
0
http://finance.yahoo.com/q/op?s=AAVL&straddle=true&date=1435363200
0
http://finance.yahoo.com/q/op?s=AVNU&straddle=true&date=1435363200
1
http://finance.yahoo.com/q/op?s=AVEO&straddle=true&date=1435363200
0
http://finance.yahoo.com/q/op?s=AVNW&straddle=true&date=1435363200
1
http://finance.yahoo.com/q/op?s=AVID&straddle=true&date=1435363200
1
http://finance.yahoo.com/q/op?s=AVGR&straddle=true&date=1435363200
1
http://finance.yahoo.com/q/op?s=CAR&straddle=true&date=1435363200
0
http://finance.yahoo.com/q/op?s=AWRE&straddle=true&date=1435363200
0
http://finance.yahoo.com/q/op?s=ACLS&straddle=true&date=1435363200
0
http://finance.yahoo.com/q/op?s=AXPW&straddle=true&date=1435363200
1
http://finance.yahoo.com/q/op?s=AXPWW&straddle=true&date=1435363200
1
http://finance.yahoo.com/q/op?s=AXGN&straddle=true&date=1435363200
1
http://finance.yahoo.com/q/op?s=AXTI&straddle=true&date=1435363200
0
http://finance.yahoo.com/q/op?s=BCOM&straddle=true&date=1435363200
1
http://finance.yahoo.com/q/op?s=BOSC&straddle=true&date=1435363200
1
http://finance.yahoo.com/q/op?s=BEAV&straddle=true&date=1435363200
0
http://finance.yahoo.com/q/op?s=BIDU&straddle=true&date=1435363200
0
http://finance.yahoo.com/q/op?s=BCPC&straddle=true&date=1435363200
0
http://finance.yahoo.com/q/op?s=BWINA&straddle=true&date=1435363200
1
http://finance.yahoo.com/q/op?s=BWINB&straddle=true&date=1435363200
1
http://finance.yahoo.com/q/op?s=BLDP&straddle=true&date=1435363200
0
http://finance.yahoo.com/q/op?s=BANF&straddle=true&date=1435363200
1
http://finance.yahoo.com/q/op?s=BANFP&straddle=true&date=1435363200
1
http://finance.yahoo.com/q/op?s=BKMU&straddle=true&date=1435363200
0
http://finance.yahoo.com/q/op?s=BOCH&straddle=true&date=1435363200
1
http://finance.yahoo.com/q/op?s=BMRC&straddle=true&date=1435363200
1
http://finance.yahoo.com/q/op?s=BKSC&straddle=true&date=1435363200
1
http://finance.yahoo.com/q/op?s=BOTJ&straddle=true&date=1435363200
1
http://finance.yahoo.com/q/op?s=OZRK&straddle=true&date=1435363200
0
http://finance.yahoo.com/q/op?s=BFIN&straddle=true&date=1435363200
0
http://finance.yahoo.com/q/op?s=BWFG&straddle=true&date=1435363200
1
http://finance.yahoo.com/q/op?s=BANR&straddle=true&date=1435363200
0
http://finance.yahoo.com/q/op?s=TAPR&straddle=true&date=1435363200
1
http://finance.yahoo.com/q/op?s=BHAC&straddle=true&date=1435363200
1
http://finance.yahoo.com/q/op?s=BHACR&straddle=true&date=1435363200
1
http://finance.yahoo.com/q/op?s=BHACU&straddle=true&date=1435363200
1
http://finance.yahoo.com/q/op?s=BHACW&straddle=true&date=1435363200
1
http://finance.yahoo.com/q/op?s=BBSI&straddle=true&date=1435363200
0
http://finance.yahoo.com/q/op?s=BSET&straddle=true&date=1435363200
0
http://finance.yahoo.com/q/op?s=BYBK&straddle=true&date=1435363200
1
http://finance.yahoo.com/q/op?s=BYLK&straddle=true&date=1435363200
1
http://finance.yahoo.com/q/op?s=BV&straddle=true&date=1435363200
0
http://finance.yahoo.com/q/op?s=BBCN&straddle=true&date=1435363200
0
http://finance.yahoo.com/q/op?s=BCBP&straddle=true&date=1435363200
1
http://finance.yahoo.com/q/op?s=BDCV&straddle=true&date=1435363200
0
http://finance.yahoo.com/q/op?s=BECN&straddle=true&date=1435363200
0
http://finance.yahoo.com/q/op?s=BSF&straddle=true&date=1435363200
1
http://finance.yahoo.com/q/op?s=BBGI&straddle=true&date=1435363200
1
http://finance.yahoo.com/q/op?s=BEBE&straddle=true&date=1435363200
0
http://finance.yahoo.com/q/op?s=BBBY&straddle=true&date=1435363200
0
http://finance.yahoo.com/q/op?s=BELFA&straddle=true&date=1435363200
1
http://finance.yahoo.com/q/op?s=BELFB&straddle=true&date=1435363200
1
http://finance.yahoo.com/q/op?s=BLPH&straddle=true&date=1435363200
1
http://finance.yahoo.com/q/op?s=BLCM&straddle=true&date=1435363200
0
http://finance.yahoo.com/q/op?s=BNCL&straddle=true&date=1435363200
0
http://finance.yahoo.com/q/op?s=BNFT&straddle=true&date=1435363200
0
http://finance.yahoo.com/q/op?s=BGMD&straddle=true&date=1435363200
1
http://finance.yahoo.com/q/op?s=BGCP&straddle=true&date=1435363200
0
http://finance.yahoo.com/q/op?s=BGFV&straddle=true&date=1435363200
0
http://finance.yahoo.com/q/op?s=BIND&straddle=true&date=1435363200
0
http://finance.yahoo.com/q/op?s=ORPN&straddle=true&date=1435363200
1
http://finance.yahoo.com/q/op?s=BASI&straddle=true&date=1435363200
1
http://finance.yahoo.com/q/op?s=BIOC&straddle=true&date=1435363200
0
http://finance.yahoo.com/q/op?s=BCRX&straddle=true&date=1435363200
0
http://finance.yahoo.com/q/op?s=BIOD&straddle=true&date=1435363200
0
http://finance.yahoo.com/q/op?s=BDSI&straddle=true&date=1435363200
0
http://finance.yahoo.com/q/op?s=BIIB&straddle=true&date=1435363200
0
http://finance.yahoo.com/q/op?s=BIOL&straddle=true&date=1435363200
1
http://finance.yahoo.com/q/op?s=BLFS&straddle=true&date=1435363200
1
http://finance.yahoo.com/q/op?s=BLRX&straddle=true&date=1435363200
1
http://finance.yahoo.com/q/op?s=BMRN&straddle=true&date=1435363200
0
http://finance.yahoo.com/q/op?s=BVXV&straddle=true&date=1435363200
1
http://finance.yahoo.com/q/op?s=BVXVW&straddle=true&date=1435363200
1
http://finance.yahoo.com/q/op?s=BPTH&straddle=true&date=1435363200
1
http://finance.yahoo.com/q/op?s=BRLI&straddle=true&date=1435363200
0
http://finance.yahoo.com/q/op?s=BIOS&straddle=true&date=1435363200
0
http://finance.yahoo.com/q/op?s=BBC&straddle=true&date=1435363200
1
http://finance.yahoo.com/q/op?s=BBP&straddle=true&date=1435363200
1
http://finance.yahoo.com/q/op?s=BSTC&straddle=true&date=1435363200
1
http://finance.yahoo.com/q/op?s=BSPM&straddle=true&date=1435363200
1
http://finance.yahoo.com/q/op?s=BOTA&straddle=true&date=1435363200
0
http://finance.yahoo.com/q/op?s=TECH&straddle=true&date=1435363200
0
http://finance.yahoo.com/q/op?s=BEAT&straddle=true&date=1435363200
0
http://finance.yahoo.com/q/op?s=BDMS&straddle=true&date=1435363200
1
http://finance.yahoo.com/q/op?s=BJRI&straddle=true&date=1435363200
0
http://finance.yahoo.com/q/op?s=BBOX&straddle=true&date=1435363200
0
http://finance.yahoo.com/q/op?s=BDE&straddle=true&date=1435363200
0
http://finance.yahoo.com/q/op?s=BLKB&straddle=true&date=1435363200
0
http://finance.yahoo.com/q/op?s=BBRY&straddle=true&date=1435363200
0
http://finance.yahoo.com/q/op?s=HAWK&straddle=true&date=1435363200
0
http://finance.yahoo.com/q/op?s=HAWKB&straddle=true&date=1435363200
0
http://finance.yahoo.com/q/op?s=BKCC&straddle=true&date=1435363200
0
http://finance.yahoo.com/q/op?s=ADRA&straddle=true&date=1435363200
1
http://finance.yahoo.com/q/op?s=ADRD&straddle=true&date=1435363200
1
http://finance.yahoo.com/q/op?s=ADRE&straddle=true&date=1435363200
1
http://finance.yahoo.com/q/op?s=ADRU&straddle=true&date=1435363200
1
http://finance.yahoo.com/q/op?s=BLMN&straddle=true&date=1435363200
0
http://finance.yahoo.com/q/op?s=BCOR&straddle=true&date=1435363200
0
http://finance.yahoo.com/q/op?s=BLBD&straddle=true&date=1435363200
1
http://finance.yahoo.com/q/op?s=BLBDW&straddle=true&date=1435363200
1
http://finance.yahoo.com/q/op?s=BBLU&straddle=true&date=1435363200
1
http://finance.yahoo.com/q/op?s=BHBK&straddle=true&date=1435363200
0
http://finance.yahoo.com/q/op?s=NILE&straddle=true&date=1435363200
0
http://finance.yahoo.com/q/op?s=BLUE&straddle=true&date=1435363200
0
http://finance.yahoo.com/q/op?s=BKEP&straddle=true&date=1435363200
0
http://finance.yahoo.com/q/op?s=BKEPP&straddle=true&date=1435363200
1
http://finance.yahoo.com/q/op?s=BPMC&straddle=true&date=1435363200
1
http://finance.yahoo.com/q/op?s=BNCN&straddle=true&date=1435363200
0
http://finance.yahoo.com/q/op?s=BOBE&straddle=true&date=1435363200
0
http://finance.yahoo.com/q/op?s=BOFI&straddle=true&date=1435363200
0
http://finance.yahoo.com/q/op?s=WIFI&straddle=true&date=1435363200
0
http://finance.yahoo.com/q/op?s=BOJA&straddle=true&date=1435363200
0
http://finance.yahoo.com/q/op?s=BOKF&straddle=true&date=1435363200
0
http://finance.yahoo.com/q/op?s=BONA&straddle=true&date=1435363200
0
http://finance.yahoo.com/q/op?s=BNSO&straddle=true&date=1435363200
1
http://finance.yahoo.com/q/op?s=BAMM&straddle=true&date=1435363200
1
http://finance.yahoo.com/q/op?s=BRDR&straddle=true&date=1435363200
0
http://finance.yahoo.com/q/op?s=BPFH&straddle=true&date=1435363200
0
http://finance.yahoo.com/q/op?s=BPFHP&straddle=true&date=1435363200
1
http://finance.yahoo.com/q/op?s=BPFHW&straddle=true&date=1435363200
1
http://finance.yahoo.com/q/op?s=EPAY&straddle=true&date=1435363200
0
http://finance.yahoo.com/q/op?s=BDBD&straddle=true&date=1435363200
0
http://finance.yahoo.com/q/op?s=BLVD&straddle=true&date=1435363200
1
http://finance.yahoo.com/q/op?s=BLVDU&straddle=true&date=1435363200
1
http://finance.yahoo.com/q/op?s=BLVDW&straddle=true&date=1435363200
1
http://finance.yahoo.com/q/op?s=BCLI&straddle=true&date=1435363200
0
http://finance.yahoo.com/q/op?s=BBRG&straddle=true&date=1435363200
0
http://finance.yahoo.com/q/op?s=BBEP&straddle=true&date=1435363200
0
http://finance.yahoo.com/q/op?s=BBEPP&straddle=true&date=1435363200
1
http://finance.yahoo.com/q/op?s=BDGE&straddle=true&date=1435363200
1
http://finance.yahoo.com/q/op?s=BBNK&straddle=true&date=1435363200
1
http://finance.yahoo.com/q/op?s=BLIN          &straddle=true&date=1435363200
"404 page"
http://finance.yahoo.com/q/op?s=BRID&straddle=true&date=1435363200
1
http://finance.yahoo.com/q/op?s=BCOV&straddle=true&date=1435363200
0
http://finance.yahoo.com/q/op?s=BRCM&straddle=true&date=1435363200
0
http://finance.yahoo.com/q/op?s=BSFT&straddle=true&date=1435363200
0
http://finance.yahoo.com/q/op?s=BVSN&straddle=true&date=1435363200
1
http://finance.yahoo.com/q/op?s=BYFC&straddle=true&date=1435363200
1
http://finance.yahoo.com/q/op?s=BWEN&straddle=true&date=1435363200
0
http://finance.yahoo.com/q/op?s=BRCD&straddle=true&date=1435363200
0
http://finance.yahoo.com/q/op?s=BRKL&straddle=true&date=1435363200
0
http://finance.yahoo.com/q/op?s=BRKS&straddle=true&date=1435363200
0
http://finance.yahoo.com/q/op?s=BRKR&straddle=true&date=1435363200
0
http://finance.yahoo.com/q/op?s=BMTC&straddle=true&date=1435363200
1
http://finance.yahoo.com/q/op?s=BLMT&straddle=true&date=1435363200
1
http://finance.yahoo.com/q/op?s=BSQR&straddle=true&date=1435363200
0
http://finance.yahoo.com/q/op?s=BWLD&straddle=true&date=1435363200
0
http://finance.yahoo.com/q/op?s=BLDR&straddle=true&date=1435363200
0
http://finance.yahoo.com/q/op?s=BUR&straddle=true&date=1435363200
1
http://finance.yahoo.com/q/op?s=CFFI&straddle=true&date=1435363200
1
http://finance.yahoo.com/q/op?s=CHRW&straddle=true&date=1435363200
0
http://finance.yahoo.com/q/op?s=CA&straddle=true&date=1435363200
0
http://finance.yahoo.com/q/op?s=CCMP&straddle=true&date=1435363200
0
http://finance.yahoo.com/q/op?s=CDNS&straddle=true&date=1435363200
0
http://finance.yahoo.com/q/op?s=CDZI&straddle=true&date=1435363200
0
http://finance.yahoo.com/q/op?s=CACQ&straddle=true&date=1435363200
0
http://finance.yahoo.com/q/op?s=CZR&straddle=true&date=1435363200
0
http://finance.yahoo.com/q/op?s=CSTE&straddle=true&date=1435363200
0
http://finance.yahoo.com/q/op?s=PRSS&straddle=true&date=1435363200
0
http://finance.yahoo.com/q/op?s=CLMS&straddle=true&date=1435363200
0
http://finance.yahoo.com/q/op?s=CHY&straddle=true&date=1435363200
1
http://finance.yahoo.com/q/op?s=CHI&straddle=true&date=1435363200
1
http://finance.yahoo.com/q/op?s=CCD&straddle=true&date=1435363200
1
http://finance.yahoo.com/q/op?s=CFGE&straddle=true&date=1435363200
1
http://finance.yahoo.com/q/op?s=CHW&straddle=true&date=1435363200
1
http://finance.yahoo.com/q/op?s=CGO&straddle=true&date=1435363200
1
http://finance.yahoo.com/q/op?s=CSQ&straddle=true&date=1435363200
1
http://finance.yahoo.com/q/op?s=CAMP&straddle=true&date=1435363200
0
http://finance.yahoo.com/q/op?s=CVGW&straddle=true&date=1435363200
0
http://finance.yahoo.com/q/op?s=CFNB&straddle=true&date=1435363200
1
http://finance.yahoo.com/q/op?s=CALA&straddle=true&date=1435363200
0
http://finance.yahoo.com/q/op?s=CALD&straddle=true&date=1435363200
0
http://finance.yahoo.com/q/op?s=CALM&straddle=true&date=1435363200
0
http://finance.yahoo.com/q/op?s=CLMT&straddle=true&date=1435363200
0
http://finance.yahoo.com/q/op?s=ABCD&straddle=true&date=1435363200
1
http://finance.yahoo.com/q/op?s=CAMB&straddle=true&date=1435363200
1
http://finance.yahoo.com/q/op?s=CAMBU&straddle=true&date=1435363200
1
http://finance.yahoo.com/q/op?s=CAMBW&straddle=true&date=1435363200
1
http://finance.yahoo.com/q/op?s=CAC&straddle=true&date=1435363200
1
http://finance.yahoo.com/q/op?s=CAMT&straddle=true&date=1435363200
0
http://finance.yahoo.com/q/op?s=CSIQ&straddle=true&date=1435363200
0
http://finance.yahoo.com/q/op?s=CGIX&straddle=true&date=1435363200
0
http://finance.yahoo.com/q/op?s=CPHC&straddle=true&date=1435363200
1
http://finance.yahoo.com/q/op?s=CBNJ&straddle=true&date=1435363200
1
http://finance.yahoo.com/q/op?s=CPLA&straddle=true&date=1435363200
0
http://finance.yahoo.com/q/op?s=CBF&straddle=true&date=1435363200
0
http://finance.yahoo.com/q/op?s=CCBG&straddle=true&date=1435363200
1
http://finance.yahoo.com/q/op?s=CPLP&straddle=true&date=1435363200
0
http://finance.yahoo.com/q/op?s=CSWC&straddle=true&date=1435363200
1
http://finance.yahoo.com/q/op?s=CPTA&straddle=true&date=1435363200
1
http://finance.yahoo.com/q/op?s=CLAC&straddle=true&date=1435363200
1
http://finance.yahoo.com/q/op?s=CLACU&straddle=true&date=1435363200
1
http://finance.yahoo.com/q/op?s=CLACW&straddle=true&date=1435363200
1
http://finance.yahoo.com/q/op?s=CFFN&straddle=true&date=1435363200
0
http://finance.yahoo.com/q/op?s=CAPN&straddle=true&date=1435363200
1
http://finance.yahoo.com/q/op?s=CAPNW&straddle=true&date=1435363200
1
http://finance.yahoo.com/q/op?s=CAPR&straddle=true&date=1435363200
1
http://finance.yahoo.com/q/op?s=CPST&straddle=true&date=1435363200
1
http://finance.yahoo.com/q/op?s=CARA&straddle=true&date=1435363200
0
http://finance.yahoo.com/q/op?s=CARB&straddle=true&date=1435363200
0
http://finance.yahoo.com/q/op?s=CBYL&straddle=true&date=1435363200
1
http://finance.yahoo.com/q/op?s=CRDC&straddle=true&date=1435363200
0
http://finance.yahoo.com/q/op?s=CFNL&straddle=true&date=1435363200
0
http://finance.yahoo.com/q/op?s=CRME&straddle=true&date=1435363200
0
http://finance.yahoo.com/q/op?s=CSII&straddle=true&date=1435363200
0
http://finance.yahoo.com/q/op?s=CATM&straddle=true&date=1435363200
0
http://finance.yahoo.com/q/op?s=CDNA&straddle=true&date=1435363200
1
http://finance.yahoo.com/q/op?s=CECO&straddle=true&date=1435363200
0
http://finance.yahoo.com/q/op?s=CTRE&straddle=true&date=1435363200
1
http://finance.yahoo.com/q/op?s=CKEC&straddle=true&date=1435363200
0
http://finance.yahoo.com/q/op?s=CLBH&straddle=true&date=1435363200
1
http://finance.yahoo.com/q/op?s=CARO&straddle=true&date=1435363200
1
http://finance.yahoo.com/q/op?s=CART&straddle=true&date=1435363200
1
http://finance.yahoo.com/q/op?s=CRZO&straddle=true&date=1435363200
0
http://finance.yahoo.com/q/op?s=TAST&straddle=true&date=1435363200
0
http://finance.yahoo.com/q/op?s=CRTN&straddle=true&date=1435363200
1
http://finance.yahoo.com/q/op?s=CARV&straddle=true&date=1435363200
1
http://finance.yahoo.com/q/op?s=CASM&straddle=true&date=1435363200
1
http://finance.yahoo.com/q/op?s=CACB&straddle=true&date=1435363200
1
http://finance.yahoo.com/q/op?s=CSCD&straddle=true&date=1435363200
1
http://finance.yahoo.com/q/op?s=CWST&straddle=true&date=1435363200
0
http://finance.yahoo.com/q/op?s=CASY&straddle=true&date=1435363200
0
http://finance.yahoo.com/q/op?s=CASI&straddle=true&date=1435363200
1
http://finance.yahoo.com/q/op?s=CASS&straddle=true&date=1435363200
1
http://finance.yahoo.com/q/op?s=CPRX&straddle=true&date=1435363200
0
http://finance.yahoo.com/q/op?s=CTRX&straddle=true&date=1435363200
0
http://finance.yahoo.com/q/op?s=CATY&straddle=true&date=1435363200
0
http://finance.yahoo.com/q/op?s=CATYW&straddle=true&date=1435363200
1
http://finance.yahoo.com/q/op?s=CVCO&straddle=true&date=1435363200
1
http://finance.yahoo.com/q/op?s=CAVM&straddle=true&date=1435363200
0
http://finance.yahoo.com/q/op?s=CBFV&straddle=true&date=1435363200
1
http://finance.yahoo.com/q/op?s=CNLM&straddle=true&date=1435363200
1
http://finance.yahoo.com/q/op?s=CNLMR&straddle=true&date=1435363200
1
http://finance.yahoo.com/q/op?s=CNLMU&straddle=true&date=1435363200
1
http://finance.yahoo.com/q/op?s=CNLMW&straddle=true&date=1435363200
1
http://finance.yahoo.com/q/op?s=CBDE&straddle=true&date=1435363200
1
http://finance.yahoo.com/q/op?s=CBOE&straddle=true&date=1435363200
0
http://finance.yahoo.com/q/op?s=CDK&straddle=true&date=1435363200
0
http://finance.yahoo.com/q/op?s=CDW&straddle=true&date=1435363200
0
http://finance.yahoo.com/q/op?s=CECE&straddle=true&date=1435363200
0
http://finance.yahoo.com/q/op?s=CPXX&straddle=true&date=1435363200
1
http://finance.yahoo.com/q/op?s=CELG&straddle=true&date=1435363200
0
http://finance.yahoo.com/q/op?s=CELGZ&straddle=true&date=1435363200
1
http://finance.yahoo.com/q/op?s=CLDN&straddle=true&date=1435363200
0
http://finance.yahoo.com/q/op?s=CLDX&straddle=true&date=1435363200
0
http://finance.yahoo.com/q/op?s=CLRB&straddle=true&date=1435363200
1
http://finance.yahoo.com/q/op?s=CLRBW&straddle=true&date=1435363200
1
http://finance.yahoo.com/q/op?s=CLLS&straddle=true&date=1435363200
1
http://finance.yahoo.com/q/op?s=CBMG&straddle=true&date=1435363200
1
http://finance.yahoo.com/q/op?s=CLSN&straddle=true&date=1435363200
0
http://finance.yahoo.com/q/op?s=CLTX&straddle=true&date=1435363200
1
http://finance.yahoo.com/q/op?s=CEMP&straddle=true&date=1435363200
0
http://finance.yahoo.com/q/op?s=CSFL&straddle=true&date=1435363200
0
http://finance.yahoo.com/q/op?s=CETV&straddle=true&date=1435363200
0
http://finance.yahoo.com/q/op?s=CFBK&straddle=true&date=1435363200
1
http://finance.yahoo.com/q/op?s=CENT&straddle=true&date=1435363200
0
http://finance.yahoo.com/q/op?s=CENTA&straddle=true&date=1435363200
0
http://finance.yahoo.com/q/op?s=CVCY&straddle=true&date=1435363200
1
http://finance.yahoo.com/q/op?s=CENX&straddle=true&date=1435363200
0
http://finance.yahoo.com/q/op?s=CNBKA&straddle=true&date=1435363200
1
http://finance.yahoo.com/q/op?s=CNTY&straddle=true&date=1435363200
0
http://finance.yahoo.com/q/op?s=CPHD&straddle=true&date=1435363200
0
http://finance.yahoo.com/q/op?s=CRNT&straddle=true&date=1435363200
0
http://finance.yahoo.com/q/op?s=CERE&straddle=true&date=1435363200
1
http://finance.yahoo.com/q/op?s=CERN&straddle=true&date=1435363200
0
http://finance.yahoo.com/q/op?s=CERU&straddle=true&date=1435363200
1
http://finance.yahoo.com/q/op?s=CERS&straddle=true&date=1435363200
0
http://finance.yahoo.com/q/op?s=KOOL&straddle=true&date=1435363200
1
http://finance.yahoo.com/q/op?s=CEVA&straddle=true&date=1435363200
0
http://finance.yahoo.com/q/op?s=CYOU&straddle=true&date=1435363200
0
http://finance.yahoo.com/q/op?s=HOTR&straddle=true&date=1435363200
1
http://finance.yahoo.com/q/op?s=HOTRW&straddle=true&date=1435363200
1
http://finance.yahoo.com/q/op?s=CTHR&straddle=true&date=1435363200
1
http://finance.yahoo.com/q/op?s=GTLS&straddle=true&date=1435363200
0
http://finance.yahoo.com/q/op?s=CHTR&straddle=true&date=1435363200
0
http://finance.yahoo.com/q/op?s=CHFN&straddle=true&date=1435363200
1
http://finance.yahoo.com/q/op?s=CHKP&straddle=true&date=1435363200
0
http://finance.yahoo.com/q/op?s=CHEK&straddle=true&date=1435363200
1
http://finance.yahoo.com/q/op?s=CHEKW&straddle=true&date=1435363200
1
http://finance.yahoo.com/q/op?s=CEMI&straddle=true&date=1435363200
1
http://finance.yahoo.com/q/op?s=CHFC&straddle=true&date=1435363200
0
http://finance.yahoo.com/q/op?s=CCXI&straddle=true&date=1435363200
0
http://finance.yahoo.com/q/op?s=CHMG&straddle=true&date=1435363200
1
http://finance.yahoo.com/q/op?s=CHKE&straddle=true&date=1435363200
1
http://finance.yahoo.com/q/op?s=CHEV&straddle=true&date=1435363200
1
http://finance.yahoo.com/q/op?s=CBNK&straddle=true&date=1435363200
1
http://finance.yahoo.com/q/op?s=PLCE&straddle=true&date=1435363200
0
http://finance.yahoo.com/q/op?s=CMRX&straddle=true&date=1435363200
0
http://finance.yahoo.com/q/op?s=CADC&straddle=true&date=1435363200
1
http://finance.yahoo.com/q/op?s=CALI&straddle=true&date=1435363200
1
http://finance.yahoo.com/q/op?s=CAAS&straddle=true&date=1435363200
0
http://finance.yahoo.com/q/op?s=CBAK&straddle=true&date=1435363200
0
http://finance.yahoo.com/q/op?s=CBPO&straddle=true&date=1435363200
0
http://finance.yahoo.com/q/op?s=CCCL&straddle=true&date=1435363200
1
http://finance.yahoo.com/q/op?s=CCCR&straddle=true&date=1435363200
1
http://finance.yahoo.com/q/op?s=JRJC&straddle=true&date=1435363200
0
http://finance.yahoo.com/q/op?s=CHOP&straddle=true&date=1435363200
1
http://finance.yahoo.com/q/op?s=HGSH&straddle=true&date=1435363200
1
http://finance.yahoo.com/q/op?s=CHLN&straddle=true&date=1435363200
0
http://finance.yahoo.com/q/op?s=CNIT&straddle=true&date=1435363200
0
http://finance.yahoo.com/q/op?s=CJJD&straddle=true&date=1435363200
1
http://finance.yahoo.com/q/op?s=HTHT&straddle=true&date=1435363200
0
http://finance.yahoo.com/q/op?s=CMGE&straddle=true&date=1435363200
0
http://finance.yahoo.com/q/op?s=CHNR&straddle=true&date=1435363200
1
http://finance.yahoo.com/q/op?s=CREG&straddle=true&date=1435363200
0
http://finance.yahoo.com/q/op?s=CPGI&straddle=true&date=1435363200
1
http://finance.yahoo.com/q/op?s=CSUN&straddle=true&date=1435363200
0
http://finance.yahoo.com/q/op?s=CNTF&straddle=true&date=1435363200
1
http://finance.yahoo.com/q/op?s=CXDC&straddle=true&date=1435363200
0
http://finance.yahoo.com/q/op?s=CNYD&straddle=true&date=1435363200
1
http://finance.yahoo.com/q/op?s=CCIH&straddle=true&date=1435363200
0
http://finance.yahoo.com/q/op?s=CNET&straddle=true&date=1435363200
1
http://finance.yahoo.com/q/op?s=JVA&straddle=true&date=1435363200
1
http://finance.yahoo.com/q/op?s=IMOS&straddle=true&date=1435363200
0
http://finance.yahoo.com/q/op?s=CHSCL&straddle=true&date=1435363200
1
http://finance.yahoo.com/q/op?s=CHSCM&straddle=true&date=1435363200
1
http://finance.yahoo.com/q/op?s=CHSCN&straddle=true&date=1435363200
1
http://finance.yahoo.com/q/op?s=CHSCO&straddle=true&date=1435363200
1
http://finance.yahoo.com/q/op?s=CHSCP&straddle=true&date=1435363200
1
http://finance.yahoo.com/q/op?s=CHDN&straddle=true&date=1435363200
0
http://finance.yahoo.com/q/op?s=CHUY&straddle=true&date=1435363200
0
http://finance.yahoo.com/q/op?s=CDTX&straddle=true&date=1435363200
1
http://finance.yahoo.com/q/op?s=CIFC&straddle=true&date=1435363200
1
http://finance.yahoo.com/q/op?s=CMCT&straddle=true&date=1435363200
1
http://finance.yahoo.com/q/op?s=CMPR&straddle=true&date=1435363200
0
http://finance.yahoo.com/q/op?s=CINF&straddle=true&date=1435363200
0
http://finance.yahoo.com/q/op?s=CIDM&straddle=true&date=1435363200
1
http://finance.yahoo.com/q/op?s=CTAS&straddle=true&date=1435363200
0
http://finance.yahoo.com/q/op?s=CPHR&straddle=true&date=1435363200
1
http://finance.yahoo.com/q/op?s=CRUS&straddle=true&date=1435363200
0
http://finance.yahoo.com/q/op?s=CISAW&straddle=true&date=1435363200
1
http://finance.yahoo.com/q/op?s=CSCO&straddle=true&date=1435363200
0
http://finance.yahoo.com/q/op?s=CTRN&straddle=true&date=1435363200
0
http://finance.yahoo.com/q/op?s=CZNC&straddle=true&date=1435363200
1
http://finance.yahoo.com/q/op?s=CZWI&straddle=true&date=1435363200
1
http://finance.yahoo.com/q/op?s=CZFC&straddle=true&date=1435363200
1
http://finance.yahoo.com/q/op?s=CIZN&straddle=true&date=1435363200
1
http://finance.yahoo.com/q/op?s=CTXS&straddle=true&date=1435363200
0
http://finance.yahoo.com/q/op?s=CHCO&straddle=true&date=1435363200
0
http://finance.yahoo.com/q/op?s=CIVB&straddle=true&date=1435363200
1
http://finance.yahoo.com/q/op?s=CIVBP&straddle=true&date=1435363200
1
http://finance.yahoo.com/q/op?s=CDTI&straddle=true&date=1435363200
1
http://finance.yahoo.com/q/op?s=CLNE&straddle=true&date=1435363200
0
http://finance.yahoo.com/q/op?s=CLNT&straddle=true&date=1435363200
1
http://finance.yahoo.com/q/op?s=CLFD&straddle=true&date=1435363200
0
http://finance.yahoo.com/q/op?s=CLRO&straddle=true&date=1435363200
1
http://finance.yahoo.com/q/op?s=CLIR&straddle=true&date=1435363200
0
http://finance.yahoo.com/q/op?s=CBLI&straddle=true&date=1435363200
0
http://finance.yahoo.com/q/op?s=CKSW&straddle=true&date=1435363200
0
http://finance.yahoo.com/q/op?s=CSBK&straddle=true&date=1435363200
0
http://finance.yahoo.com/q/op?s=CLVS&straddle=true&date=1435363200
0
http://finance.yahoo.com/q/op?s=CMFN&straddle=true&date=1435363200
1
http://finance.yahoo.com/q/op?s=CME&straddle=true&date=1435363200
0
http://finance.yahoo.com/q/op?s=CCNE&straddle=true&date=1435363200
1
http://finance.yahoo.com/q/op?s=CISG&straddle=true&date=1435363200
0
http://finance.yahoo.com/q/op?s=CNV&straddle=true&date=1435363200
0
http://finance.yahoo.com/q/op?s=CWAY&straddle=true&date=1435363200
1
http://finance.yahoo.com/q/op?s=COBZ&straddle=true&date=1435363200
1
http://finance.yahoo.com/q/op?s=COKE&straddle=true&date=1435363200
1
http://finance.yahoo.com/q/op?s=CDXS&straddle=true&date=1435363200
1
http://finance.yahoo.com/q/op?s=CVLY&straddle=true&date=1435363200
1
http://finance.yahoo.com/q/op?s=CCOI&straddle=true&date=1435363200
0
http://finance.yahoo.com/q/op?s=CGNT&straddle=true&date=1435363200
1
http://finance.yahoo.com/q/op?s=CGNX&straddle=true&date=1435363200
0
http://finance.yahoo.com/q/op?s=CTSH&straddle=true&date=1435363200
0
http://finance.yahoo.com/q/op?s=COHR&straddle=true&date=1435363200
0
http://finance.yahoo.com/q/op?s=CHRS&straddle=true&date=1435363200
0
http://finance.yahoo.com/q/op?s=COHU&straddle=true&date=1435363200
0
http://finance.yahoo.com/q/op?s=CLRX&straddle=true&date=1435363200
1
http://finance.yahoo.com/q/op?s=CLCT&straddle=true&date=1435363200
1
http://finance.yahoo.com/q/op?s=COLL&straddle=true&date=1435363200
1
http://finance.yahoo.com/q/op?s=CBAN&straddle=true&date=1435363200
1
http://finance.yahoo.com/q/op?s=CLCD&straddle=true&date=1435363200
1
http://finance.yahoo.com/q/op?s=COLB&straddle=true&date=1435363200
0
http://finance.yahoo.com/q/op?s=COLM&straddle=true&date=1435363200
0
http://finance.yahoo.com/q/op?s=CMCO&straddle=true&date=1435363200
0
http://finance.yahoo.com/q/op?s=CBMX&straddle=true&date=1435363200
1
http://finance.yahoo.com/q/op?s=CMCSA&straddle=true&date=1435363200
0
http://finance.yahoo.com/q/op?s=CMCSK&straddle=true&date=1435363200
0
http://finance.yahoo.com/q/op?s=CBSH&straddle=true&date=1435363200
0
http://finance.yahoo.com/q/op?s=CBSHP&straddle=true&date=1435363200
1
http://finance.yahoo.com/q/op?s=CVGI&straddle=true&date=1435363200
0
http://finance.yahoo.com/q/op?s=COMM&straddle=true&date=1435363200
0
http://finance.yahoo.com/q/op?s=CSAL&straddle=true&date=1435363200
0
http://finance.yahoo.com/q/op?s=JCS&straddle=true&date=1435363200
1
http://finance.yahoo.com/q/op?s=CBIN&straddle=true&date=1435363200
1
http://finance.yahoo.com/q/op?s=ESXB&straddle=true&date=1435363200
1
http://finance.yahoo.com/q/op?s=CYHHZ&straddle=true&date=1435363200
0
http://finance.yahoo.com/q/op?s=CTBI&straddle=true&date=1435363200
1
http://finance.yahoo.com/q/op?s=CWBC&straddle=true&date=1435363200
1
http://finance.yahoo.com/q/op?s=COB&straddle=true&date=1435363200
1
http://finance.yahoo.com/q/op?s=CVLT&straddle=true&date=1435363200
0
http://finance.yahoo.com/q/op?s=CIZ&straddle=true&date=1435363200
1
http://finance.yahoo.com/q/op?s=CDC&straddle=true&date=1435363200
1
http://finance.yahoo.com/q/op?s=CSF&straddle=true&date=1435363200
1
http://finance.yahoo.com/q/op?s=CFO&straddle=true&date=1435363200
1
http://finance.yahoo.com/q/op?s=CFA&straddle=true&date=1435363200
1
http://finance.yahoo.com/q/op?s=CGEN&straddle=true&date=1435363200
0
http://finance.yahoo.com/q/op?s=CPSI&straddle=true&date=1435363200
0
http://finance.yahoo.com/q/op?s=CTG&straddle=true&date=1435363200
0
http://finance.yahoo.com/q/op?s=SCOR&straddle=true&date=1435363200
0
http://finance.yahoo.com/q/op?s=CHCI&straddle=true&date=1435363200
1
http://finance.yahoo.com/q/op?s=CMTL&straddle=true&date=1435363200
0
http://finance.yahoo.com/q/op?s=CNSI&straddle=true&date=1435363200
0
http://finance.yahoo.com/q/op?s=CNAT&straddle=true&date=1435363200
0
http://finance.yahoo.com/q/op?s=CNCE&straddle=true&date=1435363200
0
http://finance.yahoo.com/q/op?s=CCUR&straddle=true&date=1435363200
0
http://finance.yahoo.com/q/op?s=CNMD&straddle=true&date=1435363200
0
http://finance.yahoo.com/q/op?s=CTWS&straddle=true&date=1435363200
1
http://finance.yahoo.com/q/op?s=CNOB&straddle=true&date=1435363200
1
http://finance.yahoo.com/q/op?s=CNXR&straddle=true&date=1435363200
1
http://finance.yahoo.com/q/op?s=CONN&straddle=true&date=1435363200
0
http://finance.yahoo.com/q/op?s=CNSL&straddle=true&date=1435363200
0
http://finance.yahoo.com/q/op?s=CWCO&straddle=true&date=1435363200
0
http://finance.yahoo.com/q/op?s=CTCT&straddle=true&date=1435363200
0
http://finance.yahoo.com/q/op?s=CPSS&straddle=true&date=1435363200
0
http://finance.yahoo.com/q/op?s=CFRX&straddle=true&date=1435363200
1
http://finance.yahoo.com/q/op?s=CFRXW&straddle=true&date=1435363200
1
http://finance.yahoo.com/q/op?s=CFRXZ&straddle=true&date=1435363200
1
http://finance.yahoo.com/q/op?s=CTRV&straddle=true&date=1435363200
1
http://finance.yahoo.com/q/op?s=CTRL&straddle=true&date=1435363200
0
http://finance.yahoo.com/q/op?s=CPRT&straddle=true&date=1435363200
0
http://finance.yahoo.com/q/op?s=CRBP&straddle=true&date=1435363200
1
http://finance.yahoo.com/q/op?s=CORT&straddle=true&date=1435363200
0
http://finance.yahoo.com/q/op?s=BVA&straddle=true&date=1435363200
1
http://finance.yahoo.com/q/op?s=CORE&straddle=true&date=1435363200
0
http://finance.yahoo.com/q/op?s=CORI&straddle=true&date=1435363200
1
http://finance.yahoo.com/q/op?s=CSOD&straddle=true&date=1435363200
0
http://finance.yahoo.com/q/op?s=CRVL&straddle=true&date=1435363200
1
http://finance.yahoo.com/q/op?s=COSI&straddle=true&date=1435363200
1
http://finance.yahoo.com/q/op?s=CSGP&straddle=true&date=1435363200
0
http://finance.yahoo.com/q/op?s=COST&straddle=true&date=1435363200
0
http://finance.yahoo.com/q/op?s=CPAH&straddle=true&date=1435363200
1
http://finance.yahoo.com/q/op?s=ICBK&straddle=true&date=1435363200
1
http://finance.yahoo.com/q/op?s=CRRC&straddle=true&date=1435363200
0
http://finance.yahoo.com/q/op?s=CVTI&straddle=true&date=1435363200
1
http://finance.yahoo.com/q/op?s=COVS&straddle=true&date=1435363200
1
http://finance.yahoo.com/q/op?s=COWN&straddle=true&date=1435363200
0
http://finance.yahoo.com/q/op?s=COWNL&straddle=true&date=1435363200
1
http://finance.yahoo.com/q/op?s=CPSH&straddle=true&date=1435363200
1
http://finance.yahoo.com/q/op?s=CRAI&straddle=true&date=1435363200
0
http://finance.yahoo.com/q/op?s=CBRL&straddle=true&date=1435363200
0
http://finance.yahoo.com/q/op?s=BREW&straddle=true&date=1435363200
0
http://finance.yahoo.com/q/op?s=CRAY&straddle=true&date=1435363200
0
http://finance.yahoo.com/q/op?s=CACC&straddle=true&date=1435363200
0
http://finance.yahoo.com/q/op?s=GLDI&straddle=true&date=1435363200
0
http://finance.yahoo.com/q/op?s=SLVO&straddle=true&date=1435363200
1
http://finance.yahoo.com/q/op?s=CREE&straddle=true&date=1435363200
0
http://finance.yahoo.com/q/op?s=CRESW&straddle=true&date=1435363200
1
http://finance.yahoo.com/q/op?s=CRESY&straddle=true&date=1435363200
1
http://finance.yahoo.com/q/op?s=CRTO&straddle=true&date=1435363200
0
http://finance.yahoo.com/q/op?s=CROX&straddle=true&date=1435363200
0
http://finance.yahoo.com/q/op?s=CCRN&straddle=true&date=1435363200
0
http://finance.yahoo.com/q/op?s=CRDS&straddle=true&date=1435363200
1
http://finance.yahoo.com/q/op?s=CRWS&straddle=true&date=1435363200
1
http://finance.yahoo.com/q/op?s=CRWN&straddle=true&date=1435363200
1
http://finance.yahoo.com/q/op?s=CSGS&straddle=true&date=1435363200
0
http://finance.yahoo.com/q/op?s=CCLP&straddle=true&date=1435363200
0
http://finance.yahoo.com/q/op?s=CSPI&straddle=true&date=1435363200
1
http://finance.yahoo.com/q/op?s=CSRE&straddle=true&date=1435363200
0
http://finance.yahoo.com/q/op?s=CTIC&straddle=true&date=1435363200
0
http://finance.yahoo.com/q/op?s=CTIB&straddle=true&date=1435363200
1
http://finance.yahoo.com/q/op?s=CTRP&straddle=true&date=1435363200
0
http://finance.yahoo.com/q/op?s=CUNB&straddle=true&date=1435363200
1
http://finance.yahoo.com/q/op?s=CUI&straddle=true&date=1435363200
0
http://finance.yahoo.com/q/op?s=CPIX&straddle=true&date=1435363200
0
http://finance.yahoo.com/q/op?s=CMLS&straddle=true&date=1435363200
0
http://finance.yahoo.com/q/op?s=CRIS&straddle=true&date=1435363200
0
http://finance.yahoo.com/q/op?s=CUTR&straddle=true&date=1435363200
0
http://finance.yahoo.com/q/op?s=CVBF&straddle=true&date=1435363200
0
http://finance.yahoo.com/q/op?s=CVV&straddle=true&date=1435363200
1
http://finance.yahoo.com/q/op?s=CYAN&straddle=true&date=1435363200
1
http://finance.yahoo.com/q/op?s=CYBR&straddle=true&date=1435363200
0
http://finance.yahoo.com/q/op?s=CYBX&straddle=true&date=1435363200
0
http://finance.yahoo.com/q/op?s=CYBE&straddle=true&date=1435363200
1
http://finance.yahoo.com/q/op?s=CYCC&straddle=true&date=1435363200
0
http://finance.yahoo.com/q/op?s=CYCCP&straddle=true&date=1435363200
1
http://finance.yahoo.com/q/op?s=CBAY&straddle=true&date=1435363200
1
http://finance.yahoo.com/q/op?s=CYNO&straddle=true&date=1435363200
0
http://finance.yahoo.com/q/op?s=CY&straddle=true&date=1435363200
0
http://finance.yahoo.com/q/op?s=CYRN&straddle=true&date=1435363200
0
http://finance.yahoo.com/q/op?s=CONE&straddle=true&date=1435363200
0
http://finance.yahoo.com/q/op?s=CYTK&straddle=true&date=1435363200
0
http://finance.yahoo.com/q/op?s=CYTX&straddle=true&date=1435363200
0
http://finance.yahoo.com/q/op?s=CTSO&straddle=true&date=1435363200
0
http://finance.yahoo.com/q/op?s=CYTR&straddle=true&date=1435363200
0
http://finance.yahoo.com/q/op?s=DAEG&straddle=true&date=1435363200
1
http://finance.yahoo.com/q/op?s=DJCO&straddle=true&date=1435363200
1
http://finance.yahoo.com/q/op?s=DAKT&straddle=true&date=1435363200
0
http://finance.yahoo.com/q/op?s=DARA&straddle=true&date=1435363200
0
http://finance.yahoo.com/q/op?s=DAIO&straddle=true&date=1435363200
1
http://finance.yahoo.com/q/op?s=DTLK&straddle=true&date=1435363200
0
http://finance.yahoo.com/q/op?s=DRAM&straddle=true&date=1435363200
1
http://finance.yahoo.com/q/op?s=DWCH&straddle=true&date=1435363200
0
http://finance.yahoo.com/q/op?s=PLAY&straddle=true&date=1435363200
0
http://finance.yahoo.com/q/op?s=DWSN&straddle=true&date=1435363200
0
http://finance.yahoo.com/q/op?s=DBVT&straddle=true&date=1435363200
1
http://finance.yahoo.com/q/op?s=TRAK&straddle=true&date=1435363200
0
http://finance.yahoo.com/q/op?s=DHRM&straddle=true&date=1435363200
1
http://finance.yahoo.com/q/op?s=DFRG&straddle=true&date=1435363200
0
http://finance.yahoo.com/q/op?s=DCTH&straddle=true&date=1435363200
0
http://finance.yahoo.com/q/op?s=DGAS&straddle=true&date=1435363200
1
http://finance.yahoo.com/q/op?s=DENN&straddle=true&date=1435363200
0
http://finance.yahoo.com/q/op?s=XRAY&straddle=true&date=1435363200
0
http://finance.yahoo.com/q/op?s=DEPO&straddle=true&date=1435363200
0
http://finance.yahoo.com/q/op?s=DSCI&straddle=true&date=1435363200
0
http://finance.yahoo.com/q/op?s=DERM&straddle=true&date=1435363200
1
http://finance.yahoo.com/q/op?s=DEST&straddle=true&date=1435363200
0
http://finance.yahoo.com/q/op?s=DXLG&straddle=true&date=1435363200
0
http://finance.yahoo.com/q/op?s=DSWL&straddle=true&date=1435363200
1
http://finance.yahoo.com/q/op?s=DXM&straddle=true&date=1435363200
0
http://finance.yahoo.com/q/op?s=DXCM&straddle=true&date=1435363200
0
http://finance.yahoo.com/q/op?s=DMND&straddle=true&date=1435363200
0
http://finance.yahoo.com/q/op?s=DHIL&straddle=true&date=1435363200
1
http://finance.yahoo.com/q/op?s=FANG&straddle=true&date=1435363200
0
http://finance.yahoo.com/q/op?s=DCIX&straddle=true&date=1435363200
0
http://finance.yahoo.com/q/op?s=DRNA&straddle=true&date=1435363200
1
http://finance.yahoo.com/q/op?s=DGII&straddle=true&date=1435363200
0
http://finance.yahoo.com/q/op?s=DMRC&straddle=true&date=1435363200
1
http://finance.yahoo.com/q/op?s=DRAD&straddle=true&date=1435363200
1
http://finance.yahoo.com/q/op?s=DGLY&straddle=true&date=1435363200
1
http://finance.yahoo.com/q/op?s=APPS&straddle=true&date=1435363200
0
http://finance.yahoo.com/q/op?s=DCOM&straddle=true&date=1435363200
0
http://finance.yahoo.com/q/op?s=DIOD&straddle=true&date=1435363200
0
http://finance.yahoo.com/q/op?s=DPRX&straddle=true&date=1435363200
1
http://finance.yahoo.com/q/op?s=DTV&straddle=true&date=1435363200
0
http://finance.yahoo.com/q/op?s=DISCA&straddle=true&date=1435363200
0
http://finance.yahoo.com/q/op?s=DISCB&straddle=true&date=1435363200
1
http://finance.yahoo.com/q/op?s=DISCK&straddle=true&date=1435363200
0
http://finance.yahoo.com/q/op?s=DSCO&straddle=true&date=1435363200
0
http://finance.yahoo.com/q/op?s=DISH&straddle=true&date=1435363200
0
http://finance.yahoo.com/q/op?s=DVCR&straddle=true&date=1435363200
1
http://finance.yahoo.com/q/op?s=BAGR&straddle=true&date=1435363200
1
http://finance.yahoo.com/q/op?s=DLHC&straddle=true&date=1435363200
1
http://finance.yahoo.com/q/op?s=DNBF&straddle=true&date=1435363200
1
http://finance.yahoo.com/q/op?s=DLTR&straddle=true&date=1435363200
0
http://finance.yahoo.com/q/op?s=DGICA&straddle=true&date=1435363200
1
http://finance.yahoo.com/q/op?s=DGICB&straddle=true&date=1435363200
1
http://finance.yahoo.com/q/op?s=DMLP&straddle=true&date=1435363200
0
http://finance.yahoo.com/q/op?s=DORM&straddle=true&date=1435363200
0
http://finance.yahoo.com/q/op?s=HILL&straddle=true&date=1435363200
0
http://finance.yahoo.com/q/op?s=DOVR&straddle=true&date=1435363200
1
http://finance.yahoo.com/q/op?s=DRWI&straddle=true&date=1435363200
0
http://finance.yahoo.com/q/op?s=DRWIW&straddle=true&date=1435363200
1
http://finance.yahoo.com/q/op?s=DWA&straddle=true&date=1435363200
0
http://finance.yahoo.com/q/op?s=DRYS&straddle=true&date=1435363200
0
http://finance.yahoo.com/q/op?s=DSKX&straddle=true&date=1435363200
1
http://finance.yahoo.com/q/op?s=DSPG&straddle=true&date=1435363200
0
http://finance.yahoo.com/q/op?s=CADT&straddle=true&date=1435363200
1
http://finance.yahoo.com/q/op?s=CADTR&straddle=true&date=1435363200
1
http://finance.yahoo.com/q/op?s=CADTU&straddle=true&date=1435363200
1
http://finance.yahoo.com/q/op?s=CADTW&straddle=true&date=1435363200
1
http://finance.yahoo.com/q/op?s=DTSI&straddle=true&date=1435363200
0
http://finance.yahoo.com/q/op?s=DNKN&straddle=true&date=1435363200
0
http://finance.yahoo.com/q/op?s=DRRX&straddle=true&date=1435363200
0
http://finance.yahoo.com/q/op?s=DXPE&straddle=true&date=1435363200
0
http://finance.yahoo.com/q/op?s=DYAX&straddle=true&date=1435363200
0
http://finance.yahoo.com/q/op?s=BOOM&straddle=true&date=1435363200
0
http://finance.yahoo.com/q/op?s=DYSL&straddle=true&date=1435363200
1
http://finance.yahoo.com/q/op?s=DYNT&straddle=true&date=1435363200
1
http://finance.yahoo.com/q/op?s=DVAX&straddle=true&date=1435363200
0
http://finance.yahoo.com/q/op?s=ETFC&straddle=true&date=1435363200
0
http://finance.yahoo.com/q/op?s=EBMT&straddle=true&date=1435363200
1
http://finance.yahoo.com/q/op?s=EGBN&straddle=true&date=1435363200
0
http://finance.yahoo.com/q/op?s=EGLE&straddle=true&date=1435363200
0
http://finance.yahoo.com/q/op?s=EGRX&straddle=true&date=1435363200
0
http://finance.yahoo.com/q/op?s=EROC&straddle=true&date=1435363200
0
http://finance.yahoo.com/q/op?s=ELNK&straddle=true&date=1435363200
0
http://finance.yahoo.com/q/op?s=EWBC&straddle=true&date=1435363200
0
http://finance.yahoo.com/q/op?s=EML&straddle=true&date=1435363200
1
http://finance.yahoo.com/q/op?s=EVBS&straddle=true&date=1435363200
1
http://finance.yahoo.com/q/op?s=EBAY&straddle=true&date=1435363200
0
http://finance.yahoo.com/q/op?s=EBIX&straddle=true&date=1435363200
0
http://finance.yahoo.com/q/op?s=ELON&straddle=true&date=1435363200
0
http://finance.yahoo.com/q/op?s=ECHO&straddle=true&date=1435363200
0
http://finance.yahoo.com/q/op?s=ECTE&straddle=true&date=1435363200
0
http://finance.yahoo.com/q/op?s=SATS&straddle=true&date=1435363200
0
http://finance.yahoo.com/q/op?s=EEI&straddle=true&date=1435363200
1
http://finance.yahoo.com/q/op?s=ESES&straddle=true&date=1435363200
1
http://finance.yahoo.com/q/op?s=EDAP&straddle=true&date=1435363200
0
http://finance.yahoo.com/q/op?s=EDGW&straddle=true&date=1435363200
1
http://finance.yahoo.com/q/op?s=EDUC&straddle=true&date=1435363200
1
http://finance.yahoo.com/q/op?s=EFUT&straddle=true&date=1435363200
1
http://finance.yahoo.com/q/op?s=EGAN&straddle=true&date=1435363200
0
http://finance.yahoo.com/q/op?s=EGLT&straddle=true&date=1435363200
1
http://finance.yahoo.com/q/op?s=EHTH&straddle=true&date=1435363200
0
http://finance.yahoo.com/q/op?s=LOCO&straddle=true&date=1435363200
0
http://finance.yahoo.com/q/op?s=EMITF&straddle=true&date=1435363200
1
http://finance.yahoo.com/q/op?s=ESLT&straddle=true&date=1435363200
1
http://finance.yahoo.com/q/op?s=ERI&straddle=true&date=1435363200
1
http://finance.yahoo.com/q/op?s=ELRC&straddle=true&date=1435363200
0
http://finance.yahoo.com/q/op?s=ESIO&straddle=true&date=1435363200
0
http://finance.yahoo.com/q/op?s=EA&straddle=true&date=1435363200
0
http://finance.yahoo.com/q/op?s=EFII&straddle=true&date=1435363200
0
http://finance.yahoo.com/q/op?s=ELSE&straddle=true&date=1435363200
1
http://finance.yahoo.com/q/op?s=EBIO&straddle=true&date=1435363200
1
http://finance.yahoo.com/q/op?s=RDEN&straddle=true&date=1435363200
0
http://finance.yahoo.com/q/op?s=ESBK&straddle=true&date=1435363200
1
http://finance.yahoo.com/q/op?s=LONG&straddle=true&date=1435363200
1
http://finance.yahoo.com/q/op?s=ELTK&straddle=true&date=1435363200
1
http://finance.yahoo.com/q/op?s=EMCI&straddle=true&date=1435363200
1
http://finance.yahoo.com/q/op?s=EMCF&straddle=true&date=1435363200
1
http://finance.yahoo.com/q/op?s=EMKR&straddle=true&date=1435363200
0
http://finance.yahoo.com/q/op?s=EMMS&straddle=true&date=1435363200
0
http://finance.yahoo.com/q/op?s=EMMSP&straddle=true&date=1435363200
1
http://finance.yahoo.com/q/op?s=NYNY&straddle=true&date=1435363200
0
http://finance.yahoo.com/q/op?s=ERS&straddle=true&date=1435363200
1
http://finance.yahoo.com/q/op?s=ENTA&straddle=true&date=1435363200
0
http://finance.yahoo.com/q/op?s=ECPG&straddle=true&date=1435363200
0
http://finance.yahoo.com/q/op?s=WIRE&straddle=true&date=1435363200
0
http://finance.yahoo.com/q/op?s=ENDP&straddle=true&date=1435363200
0
http://finance.yahoo.com/q/op?s=ECYT&straddle=true&date=1435363200
0
http://finance.yahoo.com/q/op?s=ELGX&straddle=true&date=1435363200
0
http://finance.yahoo.com/q/op?s=EIGI&straddle=true&date=1435363200
0
http://finance.yahoo.com/q/op?s=WATT&straddle=true&date=1435363200
0
http://finance.yahoo.com/q/op?s=EFOI&straddle=true&date=1435363200
1
http://finance.yahoo.com/q/op?s=ERII&straddle=true&date=1435363200
0
http://finance.yahoo.com/q/op?s=EXXI&straddle=true&date=1435363200
0
http://finance.yahoo.com/q/op?s=ENOC&straddle=true&date=1435363200
0
http://finance.yahoo.com/q/op?s=ENG&straddle=true&date=1435363200
0
http://finance.yahoo.com/q/op?s=ENPH&straddle=true&date=1435363200
0
http://finance.yahoo.com/q/op?s=ESGR&straddle=true&date=1435363200
1
http://finance.yahoo.com/q/op?s=ENFC&straddle=true&date=1435363200
1
http://finance.yahoo.com/q/op?s=ENTG&straddle=true&date=1435363200
0
http://finance.yahoo.com/q/op?s=ENTL&straddle=true&date=1435363200
1
http://finance.yahoo.com/q/op?s=ETRM&straddle=true&date=1435363200
0
http://finance.yahoo.com/q/op?s=EBTC&straddle=true&date=1435363200
1
http://finance.yahoo.com/q/op?s=EFSC&straddle=true&date=1435363200
1
http://finance.yahoo.com/q/op?s=EGT&straddle=true&date=1435363200
1
http://finance.yahoo.com/q/op?s=ENVI&straddle=true&date=1435363200
0
http://finance.yahoo.com/q/op?s=ENZN&straddle=true&date=1435363200
0
http://finance.yahoo.com/q/op?s=ENZY          &straddle=true&date=1435363200
"404 page"
http://finance.yahoo.com/q/op?s=EPIQ&straddle=true&date=1435363200
0
http://finance.yahoo.com/q/op?s=EPRS&straddle=true&date=1435363200
0
http://finance.yahoo.com/q/op?s=EPZM&straddle=true&date=1435363200
0
http://finance.yahoo.com/q/op?s=PLUS&straddle=true&date=1435363200
1
http://finance.yahoo.com/q/op?s=EQIX&straddle=true&date=1435363200
0
http://finance.yahoo.com/q/op?s=EAC           &straddle=true&date=1435363200
"404 page"
http://finance.yahoo.com/q/op?s=ERIC&straddle=true&date=1435363200
0
http://finance.yahoo.com/q/op?s=ERIE&straddle=true&date=1435363200
1
http://finance.yahoo.com/q/op?s=ESCA&straddle=true&date=1435363200
1
http://finance.yahoo.com/q/op?s=ESCR&straddle=true&date=1435363200
0
http://finance.yahoo.com/q/op?s=ESCRP&straddle=true&date=1435363200
1
http://finance.yahoo.com/q/op?s=ESMC&straddle=true&date=1435363200
1
http://finance.yahoo.com/q/op?s=ESPR&straddle=true&date=1435363200
0
http://finance.yahoo.com/q/op?s=ESSA&straddle=true&date=1435363200
1
http://finance.yahoo.com/q/op?s=ESSX&straddle=true&date=1435363200
1
http://finance.yahoo.com/q/op?s=ETSY&straddle=true&date=1435363200
0
http://finance.yahoo.com/q/op?s=CLWT&straddle=true&date=1435363200
1
http://finance.yahoo.com/q/op?s=EEFT&straddle=true&date=1435363200
0
http://finance.yahoo.com/q/op?s=ESEA&straddle=true&date=1435363200
0
http://finance.yahoo.com/q/op?s=EVEP&straddle=true&date=1435363200
0
http://finance.yahoo.com/q/op?s=EVK&straddle=true&date=1435363200
1
http://finance.yahoo.com/q/op?s=EVLV&straddle=true&date=1435363200
0
http://finance.yahoo.com/q/op?s=EVOK&straddle=true&date=1435363200
1
http://finance.yahoo.com/q/op?s=EVOL&straddle=true&date=1435363200
0
http://finance.yahoo.com/q/op?s=EXA&straddle=true&date=1435363200
0
http://finance.yahoo.com/q/op?s=EXAS&straddle=true&date=1435363200
0
http://finance.yahoo.com/q/op?s=EXAC&straddle=true&date=1435363200
1
http://finance.yahoo.com/q/op?s=EXEL&straddle=true&date=1435363200
0
http://finance.yahoo.com/q/op?s=EXFO&straddle=true&date=1435363200
1
http://finance.yahoo.com/q/op?s=EXLS&straddle=true&date=1435363200
0
http://finance.yahoo.com/q/op?s=EXPE&straddle=true&date=1435363200
0
http://finance.yahoo.com/q/op?s=EXPD&straddle=true&date=1435363200
0
http://finance.yahoo.com/q/op?s=EXPO&straddle=true&date=1435363200
0
http://finance.yahoo.com/q/op?s=ESRX&straddle=true&date=1435363200
0
http://finance.yahoo.com/q/op?s=EXLP&straddle=true&date=1435363200
0
http://finance.yahoo.com/q/op?s=EXTR&straddle=true&date=1435363200
0
http://finance.yahoo.com/q/op?s=EZCH&straddle=true&date=1435363200
0
http://finance.yahoo.com/q/op?s=EZPW&straddle=true&date=1435363200
0
http://finance.yahoo.com/q/op?s=FFIV&straddle=true&date=1435363200
0
http://finance.yahoo.com/q/op?s=FB&straddle=true&date=1435363200
0
http://finance.yahoo.com/q/op?s=FCS&straddle=true&date=1435363200
0
http://finance.yahoo.com/q/op?s=FRP&straddle=true&date=1435363200
0
http://finance.yahoo.com/q/op?s=FWM&straddle=true&date=1435363200
0
http://finance.yahoo.com/q/op?s=FALC&straddle=true&date=1435363200
1
http://finance.yahoo.com/q/op?s=DAVE&straddle=true&date=1435363200
1
http://finance.yahoo.com/q/op?s=FARM&straddle=true&date=1435363200
1
http://finance.yahoo.com/q/op?s=FFKT&straddle=true&date=1435363200
1
http://finance.yahoo.com/q/op?s=FMNB&straddle=true&date=1435363200
1
http://finance.yahoo.com/q/op?s=FARO&straddle=true&date=1435363200
0
http://finance.yahoo.com/q/op?s=FAST&straddle=true&date=1435363200
0
http://finance.yahoo.com/q/op?s=FATE&straddle=true&date=1435363200
1
http://finance.yahoo.com/q/op?s=FBSS&straddle=true&date=1435363200
1
http://finance.yahoo.com/q/op?s=FBRC&straddle=true&date=1435363200
0
http://finance.yahoo.com/q/op?s=FDML&straddle=true&date=1435363200
0
http://finance.yahoo.com/q/op?s=FNHC&straddle=true&date=1435363200
1
http://finance.yahoo.com/q/op?s=FEIC&straddle=true&date=1435363200
0
http://finance.yahoo.com/q/op?s=FHCO&straddle=true&date=1435363200
0
http://finance.yahoo.com/q/op?s=FCSC&straddle=true&date=1435363200
0
http://finance.yahoo.com/q/op?s=FGEN&straddle=true&date=1435363200
0
http://finance.yahoo.com/q/op?s=ONEQ&straddle=true&date=1435363200
1
http://finance.yahoo.com/q/op?s=LION&straddle=true&date=1435363200
0
http://finance.yahoo.com/q/op?s=FDUS&straddle=true&date=1435363200
0
http://finance.yahoo.com/q/op?s=FRGI&straddle=true&date=1435363200
0
http://finance.yahoo.com/q/op?s=FSAM&straddle=true&date=1435363200
1
http://finance.yahoo.com/q/op?s=FSC&straddle=true&date=1435363200
0
http://finance.yahoo.com/q/op?s=FSCFL&straddle=true&date=1435363200
1
http://finance.yahoo.com/q/op?s=FSFR&straddle=true&date=1435363200
1
http://finance.yahoo.com/q/op?s=FITB&straddle=true&date=1435363200
0
http://finance.yahoo.com/q/op?s=FITBI&straddle=true&date=1435363200
1
http://finance.yahoo.com/q/op?s=FNGN&straddle=true&date=1435363200
0
http://finance.yahoo.com/q/op?s=FISI&straddle=true&date=1435363200
1
http://finance.yahoo.com/q/op?s=FNSR&straddle=true&date=1435363200
0
http://finance.yahoo.com/q/op?s=FNJN&straddle=true&date=1435363200
1
http://finance.yahoo.com/q/op?s=FNTC&straddle=true&date=1435363200
1
http://finance.yahoo.com/q/op?s=FNTCU&straddle=true&date=1435363200
1
http://finance.yahoo.com/q/op?s=FNTCW&straddle=true&date=1435363200
1
http://finance.yahoo.com/q/op?s=FEYE&straddle=true&date=1435363200
0
http://finance.yahoo.com/q/op?s=FBNC&straddle=true&date=1435363200
1
http://finance.yahoo.com/q/op?s=FNLC&straddle=true&date=1435363200
1
http://finance.yahoo.com/q/op?s=FRBA&straddle=true&date=1435363200
1
http://finance.yahoo.com/q/op?s=BUSE&straddle=true&date=1435363200
0
http://finance.yahoo.com/q/op?s=FBIZ&straddle=true&date=1435363200
1
http://finance.yahoo.com/q/op?s=FCVA&straddle=true&date=1435363200
1
http://finance.yahoo.com/q/op?s=FCAP&straddle=true&date=1435363200
1
http://finance.yahoo.com/q/op?s=FCFS&straddle=true&date=1435363200
0
http://finance.yahoo.com/q/op?s=FCNCA&straddle=true&date=1435363200
1
http://finance.yahoo.com/q/op?s=FCLF&straddle=true&date=1435363200
1
http://finance.yahoo.com/q/op?s=FCBC&straddle=true&date=1435363200
0
http://finance.yahoo.com/q/op?s=FCCO&straddle=true&date=1435363200
1
http://finance.yahoo.com/q/op?s=FBNK&straddle=true&date=1435363200
1
http://finance.yahoo.com/q/op?s=FDEF&straddle=true&date=1435363200
0
http://finance.yahoo.com/q/op?s=FFNM&straddle=true&date=1435363200
1
http://finance.yahoo.com/q/op?s=FFBC&straddle=true&date=1435363200
0
http://finance.yahoo.com/q/op?s=FFBCW&straddle=true&date=1435363200
1
http://finance.yahoo.com/q/op?s=FFIN&straddle=true&date=1435363200
0
http://finance.yahoo.com/q/op?s=THFF&straddle=true&date=1435363200
1
http://finance.yahoo.com/q/op?s=FFNW&straddle=true&date=1435363200
0
http://finance.yahoo.com/q/op?s=FFWM&straddle=true&date=1435363200
1
http://finance.yahoo.com/q/op?s=INBK&straddle=true&date=1435363200
1
http://finance.yahoo.com/q/op?s=FIBK&straddle=true&date=1435363200
0
http://finance.yahoo.com/q/op?s=FRME&straddle=true&date=1435363200
0
http://finance.yahoo.com/q/op?s=FMBH&straddle=true&date=1435363200
1
http://finance.yahoo.com/q/op?s=FMBI&straddle=true&date=1435363200
0
http://finance.yahoo.com/q/op?s=FNBC&straddle=true&date=1435363200
1
http://finance.yahoo.com/q/op?s=FNFG&straddle=true&date=1435363200
0
http://finance.yahoo.com/q/op?s=FNWB&straddle=true&date=1435363200
1
http://finance.yahoo.com/q/op?s=FSFG&straddle=true&date=1435363200
1
http://finance.yahoo.com/q/op?s=FSGI&straddle=true&date=1435363200
1
http://finance.yahoo.com/q/op?s=FSLR&straddle=true&date=1435363200
0
http://finance.yahoo.com/q/op?s=FSBK&straddle=true&date=1435363200
1
http://finance.yahoo.com/q/op?s=BICK&straddle=true&date=1435363200
1
http://finance.yahoo.com/q/op?s=FTCS&straddle=true&date=1435363200
1
http://finance.yahoo.com/q/op?s=FV&straddle=true&date=1435363200
0
http://finance.yahoo.com/q/op?s=IFV&straddle=true&date=1435363200
1
http://finance.yahoo.com/q/op?s=FEMB&straddle=true&date=1435363200
1
http://finance.yahoo.com/q/op?s=FTSM&straddle=true&date=1435363200
1
http://finance.yahoo.com/q/op?s=FEUZ&straddle=true&date=1435363200
1
http://finance.yahoo.com/q/op?s=TDIV&straddle=true&date=1435363200
0
http://finance.yahoo.com/q/op?s=MDIV&straddle=true&date=1435363200
0
http://finance.yahoo.com/q/op?s=FTGC&straddle=true&date=1435363200
1
http://finance.yahoo.com/q/op?s=FTHI&straddle=true&date=1435363200
1
http://finance.yahoo.com/q/op?s=HYLS&straddle=true&date=1435363200
1
http://finance.yahoo.com/q/op?s=FPXI&straddle=true&date=1435363200
1
http://finance.yahoo.com/q/op?s=YDIV&straddle=true&date=1435363200
1
http://finance.yahoo.com/q/op?s=SKYY&straddle=true&date=1435363200
0
http://finance.yahoo.com/q/op?s=CU&straddle=true&date=1435363200
0
http://finance.yahoo.com/q/op?s=PLTM&straddle=true&date=1435363200
0
http://finance.yahoo.com/q/op?s=FTLB&straddle=true&date=1435363200
1
http://finance.yahoo.com/q/op?s=LMBS&straddle=true&date=1435363200
1
http://finance.yahoo.com/q/op?s=FMB&straddle=true&date=1435363200
1
http://finance.yahoo.com/q/op?s=QABA&straddle=true&date=1435363200
1
http://finance.yahoo.com/q/op?s=FONE&straddle=true&date=1435363200
1
http://finance.yahoo.com/q/op?s=QCLN&straddle=true&date=1435363200
1
http://finance.yahoo.com/q/op?s=GRID&straddle=true&date=1435363200
1
http://finance.yahoo.com/q/op?s=CARZ&straddle=true&date=1435363200
1
http://finance.yahoo.com/q/op?s=RDVY&straddle=true&date=1435363200
1
http://finance.yahoo.com/q/op?s=QQEW&straddle=true&date=1435363200
0
http://finance.yahoo.com/q/op?s=QQXT&straddle=true&date=1435363200
1
http://finance.yahoo.com/q/op?s=QTEC&straddle=true&date=1435363200
0
http://finance.yahoo.com/q/op?s=AIRR&straddle=true&date=1435363200
1
http://finance.yahoo.com/q/op?s=QINC&straddle=true&date=1435363200
1
http://finance.yahoo.com/q/op?s=FTSL&straddle=true&date=1435363200
1
http://finance.yahoo.com/q/op?s=FDIV&straddle=true&date=1435363200
1
http://finance.yahoo.com/q/op?s=TUSA&straddle=true&date=1435363200
1
http://finance.yahoo.com/q/op?s=FUNC&straddle=true&date=1435363200
1
http://finance.yahoo.com/q/op?s=SVVC&straddle=true&date=1435363200
0
http://finance.yahoo.com/q/op?s=FMER&straddle=true&date=1435363200
0
http://finance.yahoo.com/q/op?s=FSRV&straddle=true&date=1435363200
1
http://finance.yahoo.com/q/op?s=FISV&straddle=true&date=1435363200
0
http://finance.yahoo.com/q/op?s=FIVE&straddle=true&date=1435363200
0
http://finance.yahoo.com/q/op?s=FPRX&straddle=true&date=1435363200
0
http://finance.yahoo.com/q/op?s=FIVN&straddle=true&date=1435363200
0
http://finance.yahoo.com/q/op?s=FLML&straddle=true&date=1435363200
0
http://finance.yahoo.com/q/op?s=FLKS&straddle=true&date=1435363200
1
http://finance.yahoo.com/q/op?s=FLXN&straddle=true&date=1435363200
0
http://finance.yahoo.com/q/op?s=SKOR&straddle=true&date=1435363200
1
http://finance.yahoo.com/q/op?s=MBSD&straddle=true&date=1435363200
1
http://finance.yahoo.com/q/op?s=FLXS&straddle=true&date=1435363200
1
http://finance.yahoo.com/q/op?s=FLEX&straddle=true&date=1435363200
0
http://finance.yahoo.com/q/op?s=FLIR&straddle=true&date=1435363200
0
http://finance.yahoo.com/q/op?s=FLDM&straddle=true&date=1435363200
0
http://finance.yahoo.com/q/op?s=FFIC&straddle=true&date=1435363200
0
http://finance.yahoo.com/q/op?s=FOMX&straddle=true&date=1435363200
1
http://finance.yahoo.com/q/op?s=FONR&straddle=true&date=1435363200
1
http://finance.yahoo.com/q/op?s=FES&straddle=true&date=1435363200
1
http://finance.yahoo.com/q/op?s=FNRG&straddle=true&date=1435363200
1
http://finance.yahoo.com/q/op?s=FORM&straddle=true&date=1435363200
0
http://finance.yahoo.com/q/op?s=FORTY&straddle=true&date=1435363200
1
http://finance.yahoo.com/q/op?s=KCAP&straddle=true&date=1435363200
0
http://finance.yahoo.com/q/op?s=FORR&straddle=true&date=1435363200
0
http://finance.yahoo.com/q/op?s=FTNT&straddle=true&date=1435363200
0
http://finance.yahoo.com/q/op?s=FBIO&straddle=true&date=1435363200
0
http://finance.yahoo.com/q/op?s=FWRD&straddle=true&date=1435363200
0
http://finance.yahoo.com/q/op?s=FORD&straddle=true&date=1435363200
1
http://finance.yahoo.com/q/op?s=FWP&straddle=true&date=1435363200
1
http://finance.yahoo.com/q/op?s=FOSL&straddle=true&date=1435363200
0
http://finance.yahoo.com/q/op?s=FMI&straddle=true&date=1435363200
0
http://finance.yahoo.com/q/op?s=FXCB&straddle=true&date=1435363200
1
http://finance.yahoo.com/q/op?s=FOXF&straddle=true&date=1435363200
0
http://finance.yahoo.com/q/op?s=FRAN&straddle=true&date=1435363200
0
http://finance.yahoo.com/q/op?s=FELE&straddle=true&date=1435363200
0
http://finance.yahoo.com/q/op?s=FRED&straddle=true&date=1435363200
0
http://finance.yahoo.com/q/op?s=FREE&straddle=true&date=1435363200
1
http://finance.yahoo.com/q/op?s=RAIL&straddle=true&date=1435363200
0
http://finance.yahoo.com/q/op?s=FEIM&straddle=true&date=1435363200
1
http://finance.yahoo.com/q/op?s=FRPT&straddle=true&date=1435363200
0
http://finance.yahoo.com/q/op?s=FTR&straddle=true&date=1435363200
0
http://finance.yahoo.com/q/op?s=FRPH&straddle=true&date=1435363200
1
http://finance.yahoo.com/q/op?s=FSBW&straddle=true&date=1435363200
1
http://finance.yahoo.com/q/op?s=FTD&straddle=true&date=1435363200
0
http://finance.yahoo.com/q/op?s=FSYS&straddle=true&date=1435363200
0
http://finance.yahoo.com/q/op?s=FTEK&straddle=true&date=1435363200
0
http://finance.yahoo.com/q/op?s=FCEL&straddle=true&date=1435363200
0
http://finance.yahoo.com/q/op?s=FULL&straddle=true&date=1435363200
0
http://finance.yahoo.com/q/op?s=FULLL&straddle=true&date=1435363200
1
http://finance.yahoo.com/q/op?s=FLL&straddle=true&date=1435363200
1
http://finance.yahoo.com/q/op?s=FULT&straddle=true&date=1435363200
0
http://finance.yahoo.com/q/op?s=FSNN&straddle=true&date=1435363200
1
http://finance.yahoo.com/q/op?s=FFHL&straddle=true&date=1435363200
1
http://finance.yahoo.com/q/op?s=FXEN&straddle=true&date=1435363200
0
http://finance.yahoo.com/q/op?s=FXENP&straddle=true&date=1435363200
1
http://finance.yahoo.com/q/op?s=GK&straddle=true&date=1435363200
0
http://finance.yahoo.com/q/op?s=WILC&straddle=true&date=1435363200
1
http://finance.yahoo.com/q/op?s=GAIA&straddle=true&date=1435363200
0
http://finance.yahoo.com/q/op?s=GALT&straddle=true&date=1435363200
0
http://finance.yahoo.com/q/op?s=GALTU&straddle=true&date=1435363200
1
http://finance.yahoo.com/q/op?s=GALTW&straddle=true&date=1435363200
1
http://finance.yahoo.com/q/op?s=GALE&straddle=true&date=1435363200
0
http://finance.yahoo.com/q/op?s=GLMD&straddle=true&date=1435363200
1
http://finance.yahoo.com/q/op?s=GLPI&straddle=true&date=1435363200
0
http://finance.yahoo.com/q/op?s=GPIC&straddle=true&date=1435363200
1
http://finance.yahoo.com/q/op?s=GRMN&straddle=true&date=1435363200
0
http://finance.yahoo.com/q/op?s=GGAC&straddle=true&date=1435363200
1
http://finance.yahoo.com/q/op?s=GGACR&straddle=true&date=1435363200
1
http://finance.yahoo.com/q/op?s=GGACU&straddle=true&date=1435363200
1
http://finance.yahoo.com/q/op?s=GGACW&straddle=true&date=1435363200
1
http://finance.yahoo.com/q/op?s=GARS&straddle=true&date=1435363200
1
http://finance.yahoo.com/q/op?s=GKNT&straddle=true&date=1435363200
1
http://finance.yahoo.com/q/op?s=GLSS&straddle=true&date=1435363200
0
http://finance.yahoo.com/q/op?s=MNOV&straddle=true&date=1435363200
1
http://finance.yahoo.com/q/op?s=GENC&straddle=true&date=1435363200
1
http://finance.yahoo.com/q/op?s=GNCMA&straddle=true&date=1435363200
0
http://finance.yahoo.com/q/op?s=GFN&straddle=true&date=1435363200
1
http://finance.yahoo.com/q/op?s=GFNCP&straddle=true&date=1435363200
1
http://finance.yahoo.com/q/op?s=GFNSL&straddle=true&date=1435363200
1
http://finance.yahoo.com/q/op?s=GENE&straddle=true&date=1435363200
0
http://finance.yahoo.com/q/op?s=GNMK&straddle=true&date=1435363200
0
http://finance.yahoo.com/q/op?s=GNCA&straddle=true&date=1435363200
1
http://finance.yahoo.com/q/op?s=GHDX&straddle=true&date=1435363200
0
http://finance.yahoo.com/q/op?s=GNTX&straddle=true&date=1435363200
0
http://finance.yahoo.com/q/op?s=THRM&straddle=true&date=1435363200
0
http://finance.yahoo.com/q/op?s=GNVC&straddle=true&date=1435363200
1
http://finance.yahoo.com/q/op?s=GTWN&straddle=true&date=1435363200
1
http://finance.yahoo.com/q/op?s=GEOS&straddle=true&date=1435363200
0
http://finance.yahoo.com/q/op?s=GABC&straddle=true&date=1435363200
1
http://finance.yahoo.com/q/op?s=GERN&straddle=true&date=1435363200
0
http://finance.yahoo.com/q/op?s=GEVO&straddle=true&date=1435363200
0
http://finance.yahoo.com/q/op?s=ROCK&straddle=true&date=1435363200
0
http://finance.yahoo.com/q/op?s=GIGM&straddle=true&date=1435363200
0
http://finance.yahoo.com/q/op?s=GIGA&straddle=true&date=1435363200
1
http://finance.yahoo.com/q/op?s=GIII&straddle=true&date=1435363200
0
http://finance.yahoo.com/q/op?s=GILT&straddle=true&date=1435363200
0
http://finance.yahoo.com/q/op?s=GILD&straddle=true&date=1435363200
0
http://finance.yahoo.com/q/op?s=GBCI&straddle=true&date=1435363200
0
http://finance.yahoo.com/q/op?s=GLAD&straddle=true&date=1435363200
0
http://finance.yahoo.com/q/op?s=GLADO&straddle=true&date=1435363200
1
http://finance.yahoo.com/q/op?s=GOOD&straddle=true&date=1435363200
0
http://finance.yahoo.com/q/op?s=GOODN&straddle=true&date=1435363200
1
http://finance.yahoo.com/q/op?s=GOODO&straddle=true&date=1435363200
1
http://finance.yahoo.com/q/op?s=GOODP&straddle=true&date=1435363200
1
http://finance.yahoo.com/q/op?s=GAIN&straddle=true&date=1435363200
0
http://finance.yahoo.com/q/op?s=GAINO&straddle=true&date=1435363200
1
http://finance.yahoo.com/q/op?s=GAINP&straddle=true&date=1435363200
1
http://finance.yahoo.com/q/op?s=LAND&straddle=true&date=1435363200
1
http://finance.yahoo.com/q/op?s=GLBZ&straddle=true&date=1435363200
1
http://finance.yahoo.com/q/op?s=GDEF&straddle=true&date=1435363200
1
http://finance.yahoo.com/q/op?s=ENT&straddle=true&date=1435363200
0
http://finance.yahoo.com/q/op?s=GBLI&straddle=true&date=1435363200
0
http://finance.yahoo.com/q/op?s=GSOL&straddle=true&date=1435363200
1
http://finance.yahoo.com/q/op?s=ACTX&straddle=true&date=1435363200
1
http://finance.yahoo.com/q/op?s=QQQC&straddle=true&date=1435363200
1
http://finance.yahoo.com/q/op?s=SOCL&straddle=true&date=1435363200
0
http://finance.yahoo.com/q/op?s=SRET&straddle=true&date=1435363200
1
http://finance.yahoo.com/q/op?s=GAI&straddle=true&date=1435363200
1
http://finance.yahoo.com/q/op?s=GSM&straddle=true&date=1435363200
0
http://finance.yahoo.com/q/op?s=GBIM&straddle=true&date=1435363200
1
http://finance.yahoo.com/q/op?s=GLBS&straddle=true&date=1435363200
1
http://finance.yahoo.com/q/op?s=ONVI&straddle=true&date=1435363200
1
http://finance.yahoo.com/q/op?s=GLRI&straddle=true&date=1435363200
1
http://finance.yahoo.com/q/op?s=GLUU&straddle=true&date=1435363200
0
http://finance.yahoo.com/q/op?s=GLYC&straddle=true&date=1435363200
1
http://finance.yahoo.com/q/op?s=GOGO&straddle=true&date=1435363200
0
http://finance.yahoo.com/q/op?s=GLNG&straddle=true&date=1435363200
0
http://finance.yahoo.com/q/op?s=GMLP&straddle=true&date=1435363200
0
http://finance.yahoo.com/q/op?s=GLDC&straddle=true&date=1435363200
1
http://finance.yahoo.com/q/op?s=GOGL&straddle=true&date=1435363200
0
http://finance.yahoo.com/q/op?s=GBDC&straddle=true&date=1435363200
0
http://finance.yahoo.com/q/op?s=GTIM&straddle=true&date=1435363200
1
http://finance.yahoo.com/q/op?s=GOOG&straddle=true&date=1435363200
0
http://finance.yahoo.com/q/op?s=GOOGL&straddle=true&date=1435363200
0
http://finance.yahoo.com/q/op?s=GPRO&straddle=true&date=1435363200
0
http://finance.yahoo.com/q/op?s=GMAN&straddle=true&date=1435363200
0
http://finance.yahoo.com/q/op?s=LOPE&straddle=true&date=1435363200
0
http://finance.yahoo.com/q/op?s=GRVY&straddle=true&date=1435363200
1
http://finance.yahoo.com/q/op?s=GBSN&straddle=true&date=1435363200
1
http://finance.yahoo.com/q/op?s=GBSNU&straddle=true&date=1435363200
1
http://finance.yahoo.com/q/op?s=GLDD&straddle=true&date=1435363200
0
http://finance.yahoo.com/q/op?s=GSBC&straddle=true&date=1435363200
1
http://finance.yahoo.com/q/op?s=GNBC&straddle=true&date=1435363200
1
http://finance.yahoo.com/q/op?s=GRBK&straddle=true&date=1435363200
0
http://finance.yahoo.com/q/op?s=GPRE&straddle=true&date=1435363200
0
http://finance.yahoo.com/q/op?s=GCBC&straddle=true&date=1435363200
1
http://finance.yahoo.com/q/op?s=GLRE&straddle=true&date=1435363200
0
http://finance.yahoo.com/q/op?s=GRIF&straddle=true&date=1435363200
1
http://finance.yahoo.com/q/op?s=GRFS&straddle=true&date=1435363200
0
http://finance.yahoo.com/q/op?s=GRPN&straddle=true&date=1435363200
0
http://finance.yahoo.com/q/op?s=OMAB&straddle=true&date=1435363200
1
http://finance.yahoo.com/q/op?s=GGAL&straddle=true&date=1435363200
0
http://finance.yahoo.com/q/op?s=GSIG&straddle=true&date=1435363200
0
http://finance.yahoo.com/q/op?s=GSIT&straddle=true&date=1435363200
0
http://finance.yahoo.com/q/op?s=GSVC&straddle=true&date=1435363200
0
http://finance.yahoo.com/q/op?s=GTXI&straddle=true&date=1435363200
0
http://finance.yahoo.com/q/op?s=GBNK&straddle=true&date=1435363200
1
http://finance.yahoo.com/q/op?s=GFED&straddle=true&date=1435363200
1
http://finance.yahoo.com/q/op?s=GUID&straddle=true&date=1435363200
0
http://finance.yahoo.com/q/op?s=GULTU&straddle=true&date=1435363200
1
http://finance.yahoo.com/q/op?s=GIFI&straddle=true&date=1435363200
0
http://finance.yahoo.com/q/op?s=GURE&straddle=true&date=1435363200
0
http://finance.yahoo.com/q/op?s=GPOR&straddle=true&date=1435363200
0
http://finance.yahoo.com/q/op?s=GWPH&straddle=true&date=1435363200
0
http://finance.yahoo.com/q/op?s=GWGH&straddle=true&date=1435363200
1
http://finance.yahoo.com/q/op?s=GYRO&straddle=true&date=1435363200
1
http://finance.yahoo.com/q/op?s=HEES&straddle=true&date=1435363200
0
http://finance.yahoo.com/q/op?s=HNRG&straddle=true&date=1435363200
1
http://finance.yahoo.com/q/op?s=HALL&straddle=true&date=1435363200
1
http://finance.yahoo.com/q/op?s=HALO&straddle=true&date=1435363200
0
http://finance.yahoo.com/q/op?s=HBK&straddle=true&date=1435363200
1
http://finance.yahoo.com/q/op?s=HMPR&straddle=true&date=1435363200
1
http://finance.yahoo.com/q/op?s=HBHC&straddle=true&date=1435363200
