D, [2015-05-12T15:17:23.394286 #23753] DEBUG -- :   [1m[36m (28.4ms)[0m  [1mCREATE TABLE "schema_migrations" ("version" character varying NOT NULL) [0m
D, [2015-05-12T15:17:23.400468 #23753] DEBUG -- :   [1m[35m (1.4ms)[0m  CREATE UNIQUE INDEX  "unique_schema_migrations" ON "schema_migrations"  ("version")
D, [2015-05-12T15:17:23.402455 #23753] DEBUG -- :   [1m[36mActiveRecord::SchemaMigration Load (0.4ms)[0m  [1mSELECT "schema_migrations".* FROM "schema_migrations"[0m
I, [2015-05-12T15:17:23.407301 #23753]  INFO -- : Migrating to CreateStocks (20150504020558)
D, [2015-05-12T15:17:23.409144 #23753] DEBUG -- :   [1m[35m (0.8ms)[0m  BEGIN
D, [2015-05-12T15:17:23.433797 #23753] DEBUG -- :   [1m[36m (23.3ms)[0m  [1mCREATE TABLE "stocks" ("id" serial primary key, "symbol" character varying, "created_at" timestamp NOT NULL, "updated_at" timestamp NOT NULL) [0m
D, [2015-05-12T15:17:23.448909 #23753] DEBUG -- :   [1m[35mSQL (0.6ms)[0m  INSERT INTO "schema_migrations" ("version") VALUES ($1)  [["version", "20150504020558"]]
D, [2015-05-12T15:17:23.455835 #23753] DEBUG -- :   [1m[36m (6.3ms)[0m  [1mCOMMIT[0m
I, [2015-05-12T15:17:23.455965 #23753]  INFO -- : Migrating to CreateEreports (20150504020720)
D, [2015-05-12T15:17:23.463350 #23753] DEBUG -- :   [1m[35m (6.2ms)[0m  BEGIN
D, [2015-05-12T15:17:23.480398 #23753] DEBUG -- :   [1m[36m (15.9ms)[0m  [1mCREATE TABLE "ereports" ("id" serial primary key, "symbol" character varying, "date" date, "before_or_after_hour" boolean, "stock_id" integer, "created_at" timestamp NOT NULL, "updated_at" timestamp NOT NULL) [0m
D, [2015-05-12T15:17:23.482773 #23753] DEBUG -- :   [1m[35mSQL (0.2ms)[0m  INSERT INTO "schema_migrations" ("version") VALUES ($1)  [["version", "20150504020720"]]
D, [2015-05-12T15:17:23.483649 #23753] DEBUG -- :   [1m[36m (0.6ms)[0m  [1mCOMMIT[0m
I, [2015-05-12T15:17:23.483747 #23753]  INFO -- : Migrating to CreatePriceBeforeErs (20150505162506)
D, [2015-05-12T15:17:23.491185 #23753] DEBUG -- :   [1m[35m (6.3ms)[0m  BEGIN
D, [2015-05-12T15:17:23.512553 #23753] DEBUG -- :   [1m[36m (20.3ms)[0m  [1mCREATE TABLE "price_before_ers" ("id" serial primary key, "price_date" date, "quote" text, "ereport_id" integer, "volume" integer, "created_at" timestamp NOT NULL, "updated_at" timestamp NOT NULL) [0m
D, [2015-05-12T15:17:23.516404 #23753] DEBUG -- :   [1m[35mSQL (0.4ms)[0m  INSERT INTO "schema_migrations" ("version") VALUES ($1)  [["version", "20150505162506"]]
D, [2015-05-12T15:17:23.517415 #23753] DEBUG -- :   [1m[36m (0.6ms)[0m  [1mCOMMIT[0m
I, [2015-05-12T15:17:23.517566 #23753]  INFO -- : Migrating to CreatePriceAfterErs (20150505175931)
D, [2015-05-12T15:17:23.524602 #23753] DEBUG -- :   [1m[35m (6.0ms)[0m  BEGIN
D, [2015-05-12T15:17:23.540992 #23753] DEBUG -- :   [1m[36m (15.4ms)[0m  [1mCREATE TABLE "price_after_ers" ("id" serial primary key, "price_date" date, "quote" text, "ereport_id" integer, "volume" integer, "created_at" timestamp NOT NULL, "updated_at" timestamp NOT NULL) [0m
D, [2015-05-12T15:17:23.543386 #23753] DEBUG -- :   [1m[35mSQL (0.2ms)[0m  INSERT INTO "schema_migrations" ("version") VALUES ($1)  [["version", "20150505175931"]]
D, [2015-05-12T15:17:23.544158 #23753] DEBUG -- :   [1m[36m (0.5ms)[0m  [1mCOMMIT[0m
I, [2015-05-12T15:17:23.544248 #23753]  INFO -- : Migrating to CreatePriceOnErs (20150505180016)
D, [2015-05-12T15:17:23.550966 #23753] DEBUG -- :   [1m[35m (5.7ms)[0m  BEGIN
D, [2015-05-12T15:17:23.567280 #23753] DEBUG -- :   [1m[36m (15.1ms)[0m  [1mCREATE TABLE "price_on_ers" ("id" serial primary key, "price_date" date, "quote" text, "ereport_id" integer, "volume" integer, "created_at" timestamp NOT NULL, "updated_at" timestamp NOT NULL) [0m
D, [2015-05-12T15:17:23.569898 #23753] DEBUG -- :   [1m[35mSQL (0.1ms)[0m  INSERT INTO "schema_migrations" ("version") VALUES ($1)  [["version", "20150505180016"]]
D, [2015-05-12T15:17:23.570529 #23753] DEBUG -- :   [1m[36m (0.4ms)[0m  [1mCOMMIT[0m
I, [2015-05-12T15:17:23.570591 #23753]  INFO -- : Migrating to AddStockVolumesToStock (20150506192209)
D, [2015-05-12T15:17:23.577486 #23753] DEBUG -- :   [1m[35m (6.1ms)[0m  BEGIN
D, [2015-05-12T15:17:23.585141 #23753] DEBUG -- :   [1m[36m (6.8ms)[0m  [1mALTER TABLE "stocks" ADD "stock_volume" integer[0m
D, [2015-05-12T15:17:23.587621 #23753] DEBUG -- :   [1m[35mSQL (0.2ms)[0m  INSERT INTO "schema_migrations" ("version") VALUES ($1)  [["version", "20150506192209"]]
D, [2015-05-12T15:17:23.594350 #23753] DEBUG -- :   [1m[36m (6.4ms)[0m  [1mCOMMIT[0m
I, [2015-05-12T15:17:23.594487 #23753]  INFO -- : Migrating to CreateEarningCalendars (20150506195535)
D, [2015-05-12T15:17:23.595773 #23753] DEBUG -- :   [1m[35m (0.2ms)[0m  BEGIN
D, [2015-05-12T15:17:23.611826 #23753] DEBUG -- :   [1m[36m (15.0ms)[0m  [1mCREATE TABLE "earning_calendars" ("id" serial primary key, "company_name" character varying, "symbol" character varying, "stock_id" integer, "created_at" timestamp NOT NULL, "updated_at" timestamp NOT NULL) [0m
D, [2015-05-12T15:17:23.614856 #23753] DEBUG -- :   [1m[35mSQL (0.2ms)[0m  INSERT INTO "schema_migrations" ("version") VALUES ($1)  [["version", "20150506195535"]]
D, [2015-05-12T15:17:23.620477 #23753] DEBUG -- :   [1m[36m (5.1ms)[0m  [1mCOMMIT[0m
I, [2015-05-12T15:17:23.620610 #23753]  INFO -- : Migrating to AddTimeToEarningCalendar (20150508225359)
D, [2015-05-12T15:17:23.627777 #23753] DEBUG -- :   [1m[35m (6.1ms)[0m  BEGIN
D, [2015-05-12T15:17:23.628848 #23753] DEBUG -- :   [1m[36m (0.3ms)[0m  [1mALTER TABLE "earning_calendars" ADD "time" character varying[0m
D, [2015-05-12T15:17:23.629284 #23753] DEBUG -- :   [1m[35m (0.2ms)[0m  ALTER TABLE "earning_calendars" ADD "day" date
D, [2015-05-12T15:17:23.629952 #23753] DEBUG -- :   [1m[36m (0.3ms)[0m  [1mALTER TABLE "earning_calendars" ADD "eps" character varying[0m
D, [2015-05-12T15:17:23.632030 #23753] DEBUG -- :   [1m[35mSQL (0.1ms)[0m  INSERT INTO "schema_migrations" ("version") VALUES ($1)  [["version", "20150508225359"]]
D, [2015-05-12T15:17:23.638709 #23753] DEBUG -- :   [1m[36m (6.4ms)[0m  [1mCOMMIT[0m
I, [2015-05-12T15:17:23.638839 #23753]  INFO -- : Migrating to AddNamesToStocks (20150509015011)
D, [2015-05-12T15:17:23.640000 #23753] DEBUG -- :   [1m[35m (0.2ms)[0m  BEGIN
D, [2015-05-12T15:17:23.641088 #23753] DEBUG -- :   [1m[36m (0.4ms)[0m  [1mALTER TABLE "stocks" ADD "name" character varying[0m
D, [2015-05-12T15:17:23.641687 #23753] DEBUG -- :   [1m[35m (0.3ms)[0m  ALTER TABLE "stocks" ADD "lastsale" character varying
D, [2015-05-12T15:17:23.642255 #23753] DEBUG -- :   [1m[36m (0.2ms)[0m  [1mALTER TABLE "stocks" ADD "market_cap" character varying[0m
D, [2015-05-12T15:17:23.642984 #23753] DEBUG -- :   [1m[35m (0.4ms)[0m  ALTER TABLE "stocks" ADD "ipo_year" integer
D, [2015-05-12T15:17:23.643697 #23753] DEBUG -- :   [1m[36m (0.4ms)[0m  [1mALTER TABLE "stocks" ADD "sector" character varying[0m
D, [2015-05-12T15:17:23.644318 #23753] DEBUG -- :   [1m[35m (0.3ms)[0m  ALTER TABLE "stocks" ADD "industry" character varying
D, [2015-05-12T15:17:23.644883 #23753] DEBUG -- :   [1m[36m (0.2ms)[0m  [1mALTER TABLE "stocks" ADD "summary_quote" character varying[0m
D, [2015-05-12T15:17:23.647301 #23753] DEBUG -- :   [1m[35mSQL (0.2ms)[0m  INSERT INTO "schema_migrations" ("version") VALUES ($1)  [["version", "20150509015011"]]
D, [2015-05-12T15:17:23.653873 #23753] DEBUG -- :   [1m[36m (6.2ms)[0m  [1mCOMMIT[0m
I, [2015-05-12T15:17:23.654044 #23753]  INFO -- : Migrating to CreatePutCallRatios (20150509045034)
D, [2015-05-12T15:17:23.659623 #23753] DEBUG -- :   [1m[35m (0.2ms)[0m  BEGIN
D, [2015-05-12T15:17:23.674513 #23753] DEBUG -- :   [1m[36m (14.0ms)[0m  [1mCREATE TABLE "put_call_ratios" ("id" serial primary key, "date" date, "calls" integer, "puts" integer, "total" integer, "pcratio" decimal, "symbol" character varying, "stock_id" integer, "created_at" timestamp NOT NULL, "updated_at" timestamp NOT NULL) [0m
D, [2015-05-12T15:17:23.676535 #23753] DEBUG -- :   [1m[35mSQL (0.1ms)[0m  INSERT INTO "schema_migrations" ("version") VALUES ($1)  [["version", "20150509045034"]]
D, [2015-05-12T15:17:23.681920 #23753] DEBUG -- :   [1m[36m (5.0ms)[0m  [1mCOMMIT[0m
D, [2015-05-12T16:31:32.327108 #26448] DEBUG -- :   [1m[36m (3.0ms)[0m  [1mCREATE TABLE "schema_migrations" ("version" character varying NOT NULL) [0m
D, [2015-05-12T16:31:32.350057 #26448] DEBUG -- :   [1m[35m (13.1ms)[0m  CREATE UNIQUE INDEX  "unique_schema_migrations" ON "schema_migrations"  ("version")
D, [2015-05-12T16:31:32.352249 #26448] DEBUG -- :   [1m[36mActiveRecord::SchemaMigration Load (0.4ms)[0m  [1mSELECT "schema_migrations".* FROM "schema_migrations"[0m
I, [2015-05-12T16:31:32.356448 #26448]  INFO -- : Migrating to CreateStocks (20150504020558)
D, [2015-05-12T16:31:32.357660 #26448] DEBUG -- :   [1m[35m (0.2ms)[0m  BEGIN
D, [2015-05-12T16:31:32.374921 #26448] DEBUG -- :   [1m[36m (15.7ms)[0m  [1mCREATE TABLE "stocks" ("id" serial primary key, "symbol" character varying, "created_at" timestamp NOT NULL, "updated_at" timestamp NOT NULL) [0m
D, [2015-05-12T16:31:32.387287 #26448] DEBUG -- :   [1m[35mSQL (0.5ms)[0m  INSERT INTO "schema_migrations" ("version") VALUES ($1)  [["version", "20150504020558"]]
D, [2015-05-12T16:31:32.393943 #26448] DEBUG -- :   [1m[36m (6.1ms)[0m  [1mCOMMIT[0m
I, [2015-05-12T16:31:32.394107 #26448]  INFO -- : Migrating to CreateEreports (20150504020720)
D, [2015-05-12T16:31:32.400910 #26448] DEBUG -- :   [1m[35m (5.7ms)[0m  BEGIN
D, [2015-05-12T16:31:32.418609 #26448] DEBUG -- :   [1m[36m (16.7ms)[0m  [1mCREATE TABLE "ereports" ("id" serial primary key, "symbol" character varying, "date" date, "before_or_after_hour" boolean, "stock_id" integer, "created_at" timestamp NOT NULL, "updated_at" timestamp NOT NULL) [0m
D, [2015-05-12T16:31:32.421654 #26448] DEBUG -- :   [1m[35mSQL (0.3ms)[0m  INSERT INTO "schema_migrations" ("version") VALUES ($1)  [["version", "20150504020720"]]
D, [2015-05-12T16:31:32.422581 #26448] DEBUG -- :   [1m[36m (0.6ms)[0m  [1mCOMMIT[0m
I, [2015-05-12T16:31:32.422679 #26448]  INFO -- : Migrating to CreatePriceBeforeErs (20150505162506)
D, [2015-05-12T16:31:32.429819 #26448] DEBUG -- :   [1m[35m (6.2ms)[0m  BEGIN
D, [2015-05-12T16:31:32.447439 #26448] DEBUG -- :   [1m[36m (16.5ms)[0m  [1mCREATE TABLE "price_before_ers" ("id" serial primary key, "price_date" date, "quote" text, "ereport_id" integer, "volume" integer, "created_at" timestamp NOT NULL, "updated_at" timestamp NOT NULL) [0m
D, [2015-05-12T16:31:32.449894 #26448] DEBUG -- :   [1m[35mSQL (0.2ms)[0m  INSERT INTO "schema_migrations" ("version") VALUES ($1)  [["version", "20150505162506"]]
D, [2015-05-12T16:31:32.450671 #26448] DEBUG -- :   [1m[36m (0.5ms)[0m  [1mCOMMIT[0m
I, [2015-05-12T16:31:32.450781 #26448]  INFO -- : Migrating to CreatePriceAfterErs (20150505175931)
D, [2015-05-12T16:31:32.457252 #26448] DEBUG -- :   [1m[35m (5.6ms)[0m  BEGIN
D, [2015-05-12T16:31:32.473224 #26448] DEBUG -- :   [1m[36m (15.2ms)[0m  [1mCREATE TABLE "price_after_ers" ("id" serial primary key, "price_date" date, "quote" text, "ereport_id" integer, "volume" integer, "created_at" timestamp NOT NULL, "updated_at" timestamp NOT NULL) [0m
D, [2015-05-12T16:31:32.475518 #26448] DEBUG -- :   [1m[35mSQL (0.2ms)[0m  INSERT INTO "schema_migrations" ("version") VALUES ($1)  [["version", "20150505175931"]]
D, [2015-05-12T16:31:32.476391 #26448] DEBUG -- :   [1m[36m (0.6ms)[0m  [1mCOMMIT[0m
I, [2015-05-12T16:31:32.476460 #26448]  INFO -- : Migrating to CreatePriceOnErs (20150505180016)
D, [2015-05-12T16:31:32.483388 #26448] DEBUG -- :   [1m[35m (6.2ms)[0m  BEGIN
D, [2015-05-12T16:31:32.499392 #26448] DEBUG -- :   [1m[36m (15.0ms)[0m  [1mCREATE TABLE "price_on_ers" ("id" serial primary key, "price_date" date, "quote" text, "ereport_id" integer, "volume" integer, "created_at" timestamp NOT NULL, "updated_at" timestamp NOT NULL) [0m
D, [2015-05-12T16:31:32.501777 #26448] DEBUG -- :   [1m[35mSQL (0.2ms)[0m  INSERT INTO "schema_migrations" ("version") VALUES ($1)  [["version", "20150505180016"]]
D, [2015-05-12T16:31:32.503125 #26448] DEBUG -- :   [1m[36m (0.7ms)[0m  [1mCOMMIT[0m
I, [2015-05-12T16:31:32.503320 #26448]  INFO -- : Migrating to AddStockVolumesToStock (20150506192209)
D, [2015-05-12T16:31:32.510876 #26448] DEBUG -- :   [1m[35m (6.2ms)[0m  BEGIN
D, [2015-05-12T16:31:32.512126 #26448] DEBUG -- :   [1m[36m (0.4ms)[0m  [1mALTER TABLE "stocks" ADD "stock_volume" integer[0m
D, [2015-05-12T16:31:32.513854 #26448] DEBUG -- :   [1m[35mSQL (0.1ms)[0m  INSERT INTO "schema_migrations" ("version") VALUES ($1)  [["version", "20150506192209"]]
D, [2015-05-12T16:31:32.519803 #26448] DEBUG -- :   [1m[36m (5.6ms)[0m  [1mCOMMIT[0m
I, [2015-05-12T16:31:32.519970 #26448]  INFO -- : Migrating to CreateEarningCalendars (20150506195535)
D, [2015-05-12T16:31:32.521276 #26448] DEBUG -- :   [1m[35m (0.2ms)[0m  BEGIN
D, [2015-05-12T16:31:32.536356 #26448] DEBUG -- :   [1m[36m (14.0ms)[0m  [1mCREATE TABLE "earning_calendars" ("id" serial primary key, "company_name" character varying, "symbol" character varying, "stock_id" integer, "created_at" timestamp NOT NULL, "updated_at" timestamp NOT NULL) [0m
D, [2015-05-12T16:31:32.538929 #26448] DEBUG -- :   [1m[35mSQL (0.1ms)[0m  INSERT INTO "schema_migrations" ("version") VALUES ($1)  [["version", "20150506195535"]]
D, [2015-05-12T16:31:32.545770 #26448] DEBUG -- :   [1m[36m (6.5ms)[0m  [1mCOMMIT[0m
I, [2015-05-12T16:31:32.545903 #26448]  INFO -- : Migrating to AddTimeToEarningCalendar (20150508225359)
D, [2015-05-12T16:31:32.553047 #26448] DEBUG -- :   [1m[35m (6.1ms)[0m  BEGIN
D, [2015-05-12T16:31:32.554464 #26448] DEBUG -- :   [1m[36m (0.5ms)[0m  [1mALTER TABLE "earning_calendars" ADD "time" character varying[0m
D, [2015-05-12T16:31:32.555219 #26448] DEBUG -- :   [1m[35m (0.4ms)[0m  ALTER TABLE "earning_calendars" ADD "day" date
D, [2015-05-12T16:31:32.555976 #26448] DEBUG -- :   [1m[36m (0.4ms)[0m  [1mALTER TABLE "earning_calendars" ADD "eps" character varying[0m
D, [2015-05-12T16:31:32.559160 #26448] DEBUG -- :   [1m[35mSQL (0.5ms)[0m  INSERT INTO "schema_migrations" ("version") VALUES ($1)  [["version", "20150508225359"]]
D, [2015-05-12T16:31:32.565502 #26448] DEBUG -- :   [1m[36m (5.8ms)[0m  [1mCOMMIT[0m
I, [2015-05-12T16:31:32.565639 #26448]  INFO -- : Migrating to AddNamesToStocks (20150509015011)
D, [2015-05-12T16:31:32.572033 #26448] DEBUG -- :   [1m[35m (0.3ms)[0m  BEGIN
D, [2015-05-12T16:31:32.573098 #26448] DEBUG -- :   [1m[36m (0.3ms)[0m  [1mALTER TABLE "stocks" ADD "name" character varying[0m
D, [2015-05-12T16:31:32.573677 #26448] DEBUG -- :   [1m[35m (0.2ms)[0m  ALTER TABLE "stocks" ADD "lastsale" character varying
D, [2015-05-12T16:31:32.574209 #26448] DEBUG -- :   [1m[36m (0.2ms)[0m  [1mALTER TABLE "stocks" ADD "market_cap" character varying[0m
D, [2015-05-12T16:31:32.574686 #26448] DEBUG -- :   [1m[35m (0.2ms)[0m  ALTER TABLE "stocks" ADD "ipo_year" integer
D, [2015-05-12T16:31:32.575239 #26448] DEBUG -- :   [1m[36m (0.3ms)[0m  [1mALTER TABLE "stocks" ADD "sector" character varying[0m
D, [2015-05-12T16:31:32.575765 #26448] DEBUG -- :   [1m[35m (0.3ms)[0m  ALTER TABLE "stocks" ADD "industry" character varying
D, [2015-05-12T16:31:32.576236 #26448] DEBUG -- :   [1m[36m (0.2ms)[0m  [1mALTER TABLE "stocks" ADD "summary_quote" character varying[0m
D, [2015-05-12T16:31:32.578217 #26448] DEBUG -- :   [1m[35mSQL (0.1ms)[0m  INSERT INTO "schema_migrations" ("version") VALUES ($1)  [["version", "20150509015011"]]
D, [2015-05-12T16:31:32.584733 #26448] DEBUG -- :   [1m[36m (6.3ms)[0m  [1mCOMMIT[0m
I, [2015-05-12T16:31:32.584866 #26448]  INFO -- : Migrating to CreatePutCallRatios (20150509045034)
D, [2015-05-12T16:31:32.586067 #26448] DEBUG -- :   [1m[35m (0.2ms)[0m  BEGIN
D, [2015-05-12T16:31:32.602000 #26448] DEBUG -- :   [1m[36m (14.9ms)[0m  [1mCREATE TABLE "put_call_ratios" ("id" serial primary key, "date" date, "calls" integer, "puts" integer, "total" integer, "pcratio" decimal, "symbol" character varying, "stock_id" integer, "created_at" timestamp NOT NULL, "updated_at" timestamp NOT NULL) [0m
D, [2015-05-12T16:31:32.605872 #26448] DEBUG -- :   [1m[35mSQL (0.4ms)[0m  INSERT INTO "schema_migrations" ("version") VALUES ($1)  [["version", "20150509045034"]]
D, [2015-05-12T16:31:32.611547 #26448] DEBUG -- :   [1m[36m (5.1ms)[0m  [1mCOMMIT[0m
D, [2015-05-13T17:56:23.173960 #12477] DEBUG -- :   [1m[36mStock Load (28.7ms)[0m  [1mSELECT  "stocks".* FROM "stocks"  ORDER BY "stocks"."id" ASC LIMIT 1[0m
D, [2015-05-13T17:56:29.901847 #12477] DEBUG -- :   [1m[35m (27.9ms)[0m  SELECT COUNT(*) FROM "stocks"
D, [2015-05-13T18:17:10.819974 #15479] DEBUG -- :   [1m[36m (33.6ms)[0m  [1mCREATE TABLE "schema_migrations" ("version" character varying NOT NULL) [0m
D, [2015-05-13T18:17:10.904571 #15479] DEBUG -- :   [1m[35m (30.6ms)[0m  CREATE UNIQUE INDEX  "unique_schema_migrations" ON "schema_migrations"  ("version")
D, [2015-05-13T18:17:10.957616 #15479] DEBUG -- :   [1m[36mActiveRecord::SchemaMigration Load (25.3ms)[0m  [1mSELECT "schema_migrations".* FROM "schema_migrations"[0m
I, [2015-05-13T18:17:10.987105 #15479]  INFO -- : Migrating to CreateStocks (20150504020558)
D, [2015-05-13T18:17:11.012781 #15479] DEBUG -- :   [1m[35m (25.0ms)[0m  BEGIN
D, [2015-05-13T18:17:11.049606 #15479] DEBUG -- :   [1m[36m (35.1ms)[0m  [1mCREATE TABLE "stocks" ("id" serial primary key, "symbol" character varying, "created_at" timestamp NOT NULL, "updated_at" timestamp NOT NULL) [0m
D, [2015-05-13T18:17:11.191788 #15479] DEBUG -- :   [1m[35mSQL (25.2ms)[0m  INSERT INTO "schema_migrations" ("version") VALUES ($1)  [["version", "20150504020558"]]
D, [2015-05-13T18:17:11.221892 #15479] DEBUG -- :   [1m[36m (29.6ms)[0m  [1mCOMMIT[0m
I, [2015-05-13T18:17:11.222025 #15479]  INFO -- : Migrating to CreateEreports (20150504020720)
D, [2015-05-13T18:17:11.248310 #15479] DEBUG -- :   [1m[35m (25.6ms)[0m  BEGIN
D, [2015-05-13T18:17:11.284169 #15479] DEBUG -- :   [1m[36m (34.8ms)[0m  [1mCREATE TABLE "ereports" ("id" serial primary key, "symbol" character varying, "date" date, "before_or_after_hour" boolean, "stock_id" integer, "created_at" timestamp NOT NULL, "updated_at" timestamp NOT NULL) [0m
D, [2015-05-13T18:17:11.338438 #15479] DEBUG -- :   [1m[35mSQL (26.2ms)[0m  INSERT INTO "schema_migrations" ("version") VALUES ($1)  [["version", "20150504020720"]]
D, [2015-05-13T18:17:11.367942 #15479] DEBUG -- :   [1m[36m (29.1ms)[0m  [1mCOMMIT[0m
I, [2015-05-13T18:17:11.368076 #15479]  INFO -- : Migrating to CreatePriceBeforeErs (20150505162506)
D, [2015-05-13T18:17:11.396170 #15479] DEBUG -- :   [1m[35m (27.4ms)[0m  BEGIN
D, [2015-05-13T18:17:11.433771 #15479] DEBUG -- :   [1m[36m (36.4ms)[0m  [1mCREATE TABLE "price_before_ers" ("id" serial primary key, "price_date" date, "quote" text, "ereport_id" integer, "volume" integer, "created_at" timestamp NOT NULL, "updated_at" timestamp NOT NULL) [0m
D, [2015-05-13T18:17:11.486668 #15479] DEBUG -- :   [1m[35mSQL (25.0ms)[0m  INSERT INTO "schema_migrations" ("version") VALUES ($1)  [["version", "20150505162506"]]
D, [2015-05-13T18:17:11.514182 #15479] DEBUG -- :   [1m[36m (27.1ms)[0m  [1mCOMMIT[0m
I, [2015-05-13T18:17:11.514285 #15479]  INFO -- : Migrating to CreatePriceAfterErs (20150505175931)
D, [2015-05-13T18:17:11.540008 #15479] DEBUG -- :   [1m[35m (25.1ms)[0m  BEGIN
D, [2015-05-13T18:17:11.575464 #15479] DEBUG -- :   [1m[36m (34.2ms)[0m  [1mCREATE TABLE "price_after_ers" ("id" serial primary key, "price_date" date, "quote" text, "ereport_id" integer, "volume" integer, "created_at" timestamp NOT NULL, "updated_at" timestamp NOT NULL) [0m
D, [2015-05-13T18:17:11.629086 #15479] DEBUG -- :   [1m[35mSQL (25.2ms)[0m  INSERT INTO "schema_migrations" ("version") VALUES ($1)  [["version", "20150505175931"]]
D, [2015-05-13T18:17:11.656116 #15479] DEBUG -- :   [1m[36m (26.5ms)[0m  [1mCOMMIT[0m
I, [2015-05-13T18:17:11.656249 #15479]  INFO -- : Migrating to CreatePriceOnErs (20150505180016)
D, [2015-05-13T18:17:11.682101 #15479] DEBUG -- :   [1m[35m (25.1ms)[0m  BEGIN
D, [2015-05-13T18:17:11.717571 #15479] DEBUG -- :   [1m[36m (34.4ms)[0m  [1mCREATE TABLE "price_on_ers" ("id" serial primary key, "price_date" date, "quote" text, "ereport_id" integer, "volume" integer, "created_at" timestamp NOT NULL, "updated_at" timestamp NOT NULL) [0m
D, [2015-05-13T18:17:11.770849 #15479] DEBUG -- :   [1m[35mSQL (25.0ms)[0m  INSERT INTO "schema_migrations" ("version") VALUES ($1)  [["version", "20150505180016"]]
D, [2015-05-13T18:17:11.797977 #15479] DEBUG -- :   [1m[36m (26.6ms)[0m  [1mCOMMIT[0m
I, [2015-05-13T18:17:11.798101 #15479]  INFO -- : Migrating to AddStockVolumesToStock (20150506192209)
D, [2015-05-13T18:17:11.823899 #15479] DEBUG -- :   [1m[35m (25.1ms)[0m  BEGIN
D, [2015-05-13T18:17:11.875147 #15479] DEBUG -- :   [1m[36m (25.4ms)[0m  [1mALTER TABLE "stocks" ADD "stock_volume" integer[0m
D, [2015-05-13T18:17:11.954466 #15479] DEBUG -- :   [1m[35mSQL (27.1ms)[0m  INSERT INTO "schema_migrations" ("version") VALUES ($1)  [["version", "20150506192209"]]
D, [2015-05-13T18:17:11.981157 #15479] DEBUG -- :   [1m[36m (26.3ms)[0m  [1mCOMMIT[0m
I, [2015-05-13T18:17:11.981283 #15479]  INFO -- : Migrating to CreateEarningCalendars (20150506195535)
D, [2015-05-13T18:17:12.008026 #15479] DEBUG -- :   [1m[35m (26.0ms)[0m  BEGIN
D, [2015-05-13T18:17:12.046447 #15479] DEBUG -- :   [1m[36m (37.4ms)[0m  [1mCREATE TABLE "earning_calendars" ("id" serial primary key, "company_name" character varying, "symbol" character varying, "stock_id" integer, "created_at" timestamp NOT NULL, "updated_at" timestamp NOT NULL) [0m
D, [2015-05-13T18:17:12.099740 #15479] DEBUG -- :   [1m[35mSQL (25.2ms)[0m  INSERT INTO "schema_migrations" ("version") VALUES ($1)  [["version", "20150506195535"]]
D, [2015-05-13T18:17:12.129001 #15479] DEBUG -- :   [1m[36m (28.5ms)[0m  [1mCOMMIT[0m
I, [2015-05-13T18:17:12.129133 #15479]  INFO -- : Migrating to AddTimeToEarningCalendar (20150508225359)
D, [2015-05-13T18:17:12.155196 #15479] DEBUG -- :   [1m[35m (25.4ms)[0m  BEGIN
D, [2015-05-13T18:17:12.206484 #15479] DEBUG -- :   [1m[36m (25.0ms)[0m  [1mALTER TABLE "earning_calendars" ADD "time" character varying[0m
D, [2015-05-13T18:17:12.232068 #15479] DEBUG -- :   [1m[35m (25.1ms)[0m  ALTER TABLE "earning_calendars" ADD "day" date
D, [2015-05-13T18:17:12.262327 #15479] DEBUG -- :   [1m[36m (29.8ms)[0m  [1mALTER TABLE "earning_calendars" ADD "eps" character varying[0m
D, [2015-05-13T18:17:12.345173 #15479] DEBUG -- :   [1m[35mSQL (25.6ms)[0m  INSERT INTO "schema_migrations" ("version") VALUES ($1)  [["version", "20150508225359"]]
D, [2015-05-13T18:17:12.372496 #15479] DEBUG -- :   [1m[36m (26.9ms)[0m  [1mCOMMIT[0m
I, [2015-05-13T18:17:12.372801 #15479]  INFO -- : Migrating to AddNamesToStocks (20150509015011)
D, [2015-05-13T18:17:12.400299 #15479] DEBUG -- :   [1m[35m (26.8ms)[0m  BEGIN
D, [2015-05-13T18:17:12.451737 #15479] DEBUG -- :   [1m[36m (25.7ms)[0m  [1mALTER TABLE "stocks" ADD "name" character varying[0m
D, [2015-05-13T18:17:12.478707 #15479] DEBUG -- :   [1m[35m (25.9ms)[0m  ALTER TABLE "stocks" ADD "lastsale" character varying
D, [2015-05-13T18:17:12.504304 #15479] DEBUG -- :   [1m[36m (25.0ms)[0m  [1mALTER TABLE "stocks" ADD "market_cap" character varying[0m
D, [2015-05-13T18:17:12.530242 #15479] DEBUG -- :   [1m[35m (25.1ms)[0m  ALTER TABLE "stocks" ADD "ipo_year" integer
D, [2015-05-13T18:17:12.556330 #15479] DEBUG -- :   [1m[36m (25.5ms)[0m  [1mALTER TABLE "stocks" ADD "sector" character varying[0m
D, [2015-05-13T18:17:12.583295 #15479] DEBUG -- :   [1m[35m (26.4ms)[0m  ALTER TABLE "stocks" ADD "industry" character varying
D, [2015-05-13T18:17:12.612748 #15479] DEBUG -- :   [1m[36m (29.0ms)[0m  [1mALTER TABLE "stocks" ADD "summary_quote" character varying[0m
D, [2015-05-13T18:17:12.691017 #15479] DEBUG -- :   [1m[35mSQL (25.4ms)[0m  INSERT INTO "schema_migrations" ("version") VALUES ($1)  [["version", "20150509015011"]]
D, [2015-05-13T18:17:12.718135 #15479] DEBUG -- :   [1m[36m (26.7ms)[0m  [1mCOMMIT[0m
I, [2015-05-13T18:17:12.718267 #15479]  INFO -- : Migrating to CreatePutCallRatios (20150509045034)
D, [2015-05-13T18:17:12.744400 #15479] DEBUG -- :   [1m[35m (25.4ms)[0m  BEGIN
D, [2015-05-13T18:17:12.779849 #15479] DEBUG -- :   [1m[36m (34.4ms)[0m  [1mCREATE TABLE "put_call_ratios" ("id" serial primary key, "date" date, "calls" integer, "puts" integer, "total" integer, "pcratio" decimal, "symbol" character varying, "stock_id" integer, "created_at" timestamp NOT NULL, "updated_at" timestamp NOT NULL) [0m
D, [2015-05-13T18:17:12.836529 #15479] DEBUG -- :   [1m[35mSQL (26.2ms)[0m  INSERT INTO "schema_migrations" ("version") VALUES ($1)  [["version", "20150509045034"]]
D, [2015-05-13T18:17:12.864335 #15479] DEBUG -- :   [1m[36m (27.3ms)[0m  [1mCOMMIT[0m
D, [2015-05-16T23:05:40.136159 #8766] DEBUG -- :   [1m[36m (64.1ms)[0m  [1mCREATE TABLE "schema_migrations" ("version" character varying NOT NULL) [0m
D, [2015-05-16T23:05:40.288462 #8766] DEBUG -- :   [1m[35m (42.5ms)[0m  CREATE UNIQUE INDEX  "unique_schema_migrations" ON "schema_migrations"  ("version")
D, [2015-05-16T23:05:40.378143 #8766] DEBUG -- :   [1m[36mActiveRecord::SchemaMigration Load (39.6ms)[0m  [1mSELECT "schema_migrations".* FROM "schema_migrations"[0m
I, [2015-05-16T23:05:40.419951 #8766]  INFO -- : Migrating to CreateStocks (20150504020558)
D, [2015-05-16T23:05:40.462624 #8766] DEBUG -- :   [1m[35m (42.0ms)[0m  BEGIN
D, [2015-05-16T23:05:40.519646 #8766] DEBUG -- :   [1m[36m (55.2ms)[0m  [1mCREATE TABLE "stocks" ("id" serial primary key, "symbol" character varying, "created_at" timestamp NOT NULL, "updated_at" timestamp NOT NULL) [0m
D, [2015-05-16T23:05:40.778763 #8766] DEBUG -- :   [1m[35mSQL (40.1ms)[0m  INSERT INTO "schema_migrations" ("version") VALUES ($1)  [["version", "20150504020558"]]
D, [2015-05-16T23:05:40.849873 #8766] DEBUG -- :   [1m[36m (70.6ms)[0m  [1mCOMMIT[0m
I, [2015-05-16T23:05:40.850008 #8766]  INFO -- : Migrating to CreateEreports (20150504020720)
D, [2015-05-16T23:05:40.896300 #8766] DEBUG -- :   [1m[35m (45.6ms)[0m  BEGIN
D, [2015-05-16T23:05:40.951043 #8766] DEBUG -- :   [1m[36m (53.7ms)[0m  [1mCREATE TABLE "ereports" ("id" serial primary key, "symbol" character varying, "date" date, "before_or_after_hour" boolean, "stock_id" integer, "created_at" timestamp NOT NULL, "updated_at" timestamp NOT NULL) [0m
D, [2015-05-16T23:05:41.033963 #8766] DEBUG -- :   [1m[35mSQL (41.9ms)[0m  INSERT INTO "schema_migrations" ("version") VALUES ($1)  [["version", "20150504020720"]]
D, [2015-05-16T23:05:41.076923 #8766] DEBUG -- :   [1m[36m (42.5ms)[0m  [1mCOMMIT[0m
I, [2015-05-16T23:05:41.077060 #8766]  INFO -- : Migrating to CreatePriceBeforeErs (20150505162506)
D, [2015-05-16T23:05:41.164585 #8766] DEBUG -- :   [1m[35m (86.7ms)[0m  BEGIN
D, [2015-05-16T23:05:41.212764 #8766] DEBUG -- :   [1m[36m (47.0ms)[0m  [1mCREATE TABLE "price_before_ers" ("id" serial primary key, "price_date" date, "quote" text, "ereport_id" integer, "volume" integer, "created_at" timestamp NOT NULL, "updated_at" timestamp NOT NULL) [0m
D, [2015-05-16T23:05:41.295711 #8766] DEBUG -- :   [1m[35mSQL (40.3ms)[0m  INSERT INTO "schema_migrations" ("version") VALUES ($1)  [["version", "20150505162506"]]
D, [2015-05-16T23:05:41.364914 #8766] DEBUG -- :   [1m[36m (68.7ms)[0m  [1mCOMMIT[0m
I, [2015-05-16T23:05:41.365120 #8766]  INFO -- : Migrating to CreatePriceAfterErs (20150505175931)
D, [2015-05-16T23:05:41.407249 #8766] DEBUG -- :   [1m[35m (41.1ms)[0m  BEGIN
D, [2015-05-16T23:05:41.463476 #8766] DEBUG -- :   [1m[36m (55.1ms)[0m  [1mCREATE TABLE "price_after_ers" ("id" serial primary key, "price_date" date, "quote" text, "ereport_id" integer, "volume" integer, "created_at" timestamp NOT NULL, "updated_at" timestamp NOT NULL) [0m
D, [2015-05-16T23:05:41.555387 #8766] DEBUG -- :   [1m[35mSQL (51.3ms)[0m  INSERT INTO "schema_migrations" ("version") VALUES ($1)  [["version", "20150505175931"]]
D, [2015-05-16T23:05:41.598659 #8766] DEBUG -- :   [1m[36m (42.8ms)[0m  [1mCOMMIT[0m
I, [2015-05-16T23:05:41.598795 #8766]  INFO -- : Migrating to CreatePriceOnErs (20150505180016)
D, [2015-05-16T23:05:41.642821 #8766] DEBUG -- :   [1m[35m (43.3ms)[0m  BEGIN
D, [2015-05-16T23:05:41.697444 #8766] DEBUG -- :   [1m[36m (53.5ms)[0m  [1mCREATE TABLE "price_on_ers" ("id" serial primary key, "price_date" date, "quote" text, "ereport_id" integer, "volume" integer, "created_at" timestamp NOT NULL, "updated_at" timestamp NOT NULL) [0m
D, [2015-05-16T23:05:41.789508 #8766] DEBUG -- :   [1m[35mSQL (35.6ms)[0m  INSERT INTO "schema_migrations" ("version") VALUES ($1)  [["version", "20150505180016"]]
D, [2015-05-16T23:05:41.833541 #8766] DEBUG -- :   [1m[36m (43.6ms)[0m  [1mCOMMIT[0m
I, [2015-05-16T23:05:41.833677 #8766]  INFO -- : Migrating to AddStockVolumesToStock (20150506192209)
D, [2015-05-16T23:05:41.874278 #8766] DEBUG -- :   [1m[35m (39.9ms)[0m  BEGIN
D, [2015-05-16T23:05:41.955292 #8766] DEBUG -- :   [1m[36m (43.5ms)[0m  [1mALTER TABLE "stocks" ADD "stock_volume" integer[0m
D, [2015-05-16T23:05:42.090897 #8766] DEBUG -- :   [1m[35mSQL (38.1ms)[0m  INSERT INTO "schema_migrations" ("version") VALUES ($1)  [["version", "20150506192209"]]
D, [2015-05-16T23:05:42.135013 #8766] DEBUG -- :   [1m[36m (43.7ms)[0m  [1mCOMMIT[0m
I, [2015-05-16T23:05:42.135147 #8766]  INFO -- : Migrating to CreateEarningCalendars (20150506195535)
D, [2015-05-16T23:05:42.176133 #8766] DEBUG -- :   [1m[35m (40.4ms)[0m  BEGIN
D, [2015-05-16T23:05:42.258959 #8766] DEBUG -- :   [1m[36m (81.8ms)[0m  [1mCREATE TABLE "earning_calendars" ("id" serial primary key, "company_name" character varying, "symbol" character varying, "stock_id" integer, "created_at" timestamp NOT NULL, "updated_at" timestamp NOT NULL) [0m
D, [2015-05-16T23:05:42.346410 #8766] DEBUG -- :   [1m[35mSQL (41.4ms)[0m  INSERT INTO "schema_migrations" ("version") VALUES ($1)  [["version", "20150506195535"]]
D, [2015-05-16T23:05:42.393603 #8766] DEBUG -- :   [1m[36m (46.8ms)[0m  [1mCOMMIT[0m
I, [2015-05-16T23:05:42.393738 #8766]  INFO -- : Migrating to AddTimeToEarningCalendar (20150508225359)
D, [2015-05-16T23:05:42.445609 #8766] DEBUG -- :   [1m[35m (51.2ms)[0m  BEGIN
D, [2015-05-16T23:05:42.524715 #8766] DEBUG -- :   [1m[36m (40.9ms)[0m  [1mALTER TABLE "earning_calendars" ADD "time" character varying[0m
D, [2015-05-16T23:05:42.565899 #8766] DEBUG -- :   [1m[35m (40.7ms)[0m  ALTER TABLE "earning_calendars" ADD "day" date
D, [2015-05-16T23:05:42.605285 #8766] DEBUG -- :   [1m[36m (38.9ms)[0m  [1mALTER TABLE "earning_calendars" ADD "eps" character varying[0m
D, [2015-05-16T23:05:42.745202 #8766] DEBUG -- :   [1m[35mSQL (48.9ms)[0m  INSERT INTO "schema_migrations" ("version") VALUES ($1)  [["version", "20150508225359"]]
D, [2015-05-16T23:05:42.792377 #8766] DEBUG -- :   [1m[36m (46.7ms)[0m  [1mCOMMIT[0m
I, [2015-05-16T23:05:42.792512 #8766]  INFO -- : Migrating to AddNamesToStocks (20150509015011)
D, [2015-05-16T23:05:42.834399 #8766] DEBUG -- :   [1m[35m (41.2ms)[0m  BEGIN
D, [2015-05-16T23:05:42.947864 #8766] DEBUG -- :   [1m[36m (71.2ms)[0m  [1mALTER TABLE "stocks" ADD "name" character varying[0m
D, [2015-05-16T23:05:42.999081 #8766] DEBUG -- :   [1m[35m (50.8ms)[0m  ALTER TABLE "stocks" ADD "lastsale" character varying
D, [2015-05-16T23:05:43.045621 #8766] DEBUG -- :   [1m[36m (46.0ms)[0m  [1mALTER TABLE "stocks" ADD "market_cap" character varying[0m
D, [2015-05-16T23:05:43.089885 #8766] DEBUG -- :   [1m[35m (43.8ms)[0m  ALTER TABLE "stocks" ADD "ipo_year" integer
D, [2015-05-16T23:05:43.129276 #8766] DEBUG -- :   [1m[36m (38.9ms)[0m  [1mALTER TABLE "stocks" ADD "sector" character varying[0m
D, [2015-05-16T23:05:43.170543 #8766] DEBUG -- :   [1m[35m (40.7ms)[0m  ALTER TABLE "stocks" ADD "industry" character varying
D, [2015-05-16T23:05:43.210848 #8766] DEBUG -- :   [1m[36m (39.8ms)[0m  [1mALTER TABLE "stocks" ADD "summary_quote" character varying[0m
D, [2015-05-16T23:05:43.344320 #8766] DEBUG -- :   [1m[35mSQL (52.2ms)[0m  INSERT INTO "schema_migrations" ("version") VALUES ($1)  [["version", "20150509015011"]]
D, [2015-05-16T23:05:43.386034 #8766] DEBUG -- :   [1m[36m (41.3ms)[0m  [1mCOMMIT[0m
I, [2015-05-16T23:05:43.386196 #8766]  INFO -- : Migrating to CreatePutCallRatios (20150509045034)
D, [2015-05-16T23:05:43.424622 #8766] DEBUG -- :   [1m[35m (37.7ms)[0m  BEGIN
D, [2015-05-16T23:05:43.480855 #8766] DEBUG -- :   [1m[36m (55.1ms)[0m  [1mCREATE TABLE "put_call_ratios" ("id" serial primary key, "date" date, "calls" integer, "puts" integer, "total" integer, "pcratio" decimal, "symbol" character varying, "stock_id" integer, "created_at" timestamp NOT NULL, "updated_at" timestamp NOT NULL) [0m
D, [2015-05-16T23:05:43.589088 #8766] DEBUG -- :   [1m[35mSQL (40.8ms)[0m  INSERT INTO "schema_migrations" ("version") VALUES ($1)  [["version", "20150509045034"]]
D, [2015-05-16T23:05:43.632470 #8766] DEBUG -- :   [1m[36m (42.9ms)[0m  [1mCOMMIT[0m
D, [2015-05-18T13:41:33.685351 #30849] DEBUG -- :   [1m[36m (49.2ms)[0m  [1mSELECT COUNT(*) FROM "ereports"[0m
D, [2015-05-18T19:26:59.723677 #40882] DEBUG -- :   [1m[36mEreport Load (35.6ms)[0m  [1mSELECT  "ereports".* FROM "ereports"  ORDER BY "ereports"."id" DESC LIMIT 1[0m
E, [2015-06-08T23:02:46.562898 #36116] ERROR -- : PG::UndefinedTable: ERROR:  relation "option_chains" does not exist
LINE 5:                WHERE a.attrelid = '"option_chains"'::regclas...
                                          ^
:               SELECT a.attname, format_type(a.atttypid, a.atttypmod),
                     pg_get_expr(d.adbin, d.adrelid), a.attnotnull, a.atttypid, a.atttypmod
                FROM pg_attribute a LEFT JOIN pg_attrdef d
                  ON a.attrelid = d.adrelid AND a.attnum = d.adnum
               WHERE a.attrelid = '"option_chains"'::regclass
                 AND a.attnum > 0 AND NOT a.attisdropped
               ORDER BY a.attnum

D, [2015-06-08T23:03:07.330065 #36116] DEBUG -- :   [1m[36mOptionChain Load (38.0ms)[0m  [1mSELECT "option_chains".* FROM "option_chains"[0m
E, [2015-06-08T23:03:07.330360 #36116] ERROR -- : PG::UndefinedTable: ERROR:  relation "option_chains" does not exist
LINE 1: SELECT "option_chains".* FROM "option_chains"
                                      ^
: SELECT "option_chains".* FROM "option_chains"
D, [2015-06-08T23:03:41.028524 #36124] DEBUG -- :   [1m[36mActiveRecord::SchemaMigration Load (38.6ms)[0m  [1mSELECT "schema_migrations".* FROM "schema_migrations"[0m
I, [2015-06-08T23:03:41.075884 #36124]  INFO -- : Migrating to CreateOptionChains (20150521224618)
D, [2015-06-08T23:03:41.125459 #36124] DEBUG -- :   [1m[35m (40.3ms)[0m  BEGIN
D, [2015-06-08T23:03:41.197256 #36124] DEBUG -- :   [1m[36m (70.1ms)[0m  [1mCREATE TABLE "option_chains" ("id" serial primary key, "symbol" character varying, "stock_id" integer, "expiration_date" date, "option_chains" character varying, "created_at" timestamp NOT NULL, "updated_at" timestamp NOT NULL) [0m
D, [2015-06-08T23:03:41.421268 #36124] DEBUG -- :   [1m[35mSQL (52.8ms)[0m  INSERT INTO "schema_migrations" ("version") VALUES ($1)  [["version", "20150521224618"]]
D, [2015-06-08T23:03:41.463208 #36124] DEBUG -- :   [1m[36m (41.4ms)[0m  [1mCOMMIT[0m
I, [2015-06-09T00:18:08.253805 #36782]  INFO -- : [ActiveJob] Enqueued DailyOptionChainJob (Job ID: 77c13c0a-b7a0-4d16-95da-8eee8370318e) to DelayedJob(default) with arguments: "hello"
E, [2015-06-09T00:18:09.385762 #36782] ERROR -- : [ActiveJob] PG::UndefinedTable: ERROR:  relation "delayed_jobs" does not exist
LINE 5:                WHERE a.attrelid = '"delayed_jobs"'::regclass
                                          ^
:               SELECT a.attname, format_type(a.atttypid, a.atttypmod),
                     pg_get_expr(d.adbin, d.adrelid), a.attnotnull, a.atttypid, a.atttypmod
                FROM pg_attribute a LEFT JOIN pg_attrdef d
                  ON a.attrelid = d.adrelid AND a.attnum = d.adnum
               WHERE a.attrelid = '"delayed_jobs"'::regclass
                 AND a.attnum > 0 AND NOT a.attisdropped
               ORDER BY a.attnum

D, [2015-06-09T15:31:36.452750 #43171] DEBUG -- :   [1m[36mActiveRecord::SchemaMigration Load (39.7ms)[0m  [1mSELECT "schema_migrations".* FROM "schema_migrations"[0m
I, [2015-06-09T15:31:36.535999 #43171]  INFO -- : Migrating to CreateDailyOptions (20150609204029)
D, [2015-06-09T15:31:36.575300 #43171] DEBUG -- :   [1m[35m (38.2ms)[0m  BEGIN
D, [2015-06-09T15:31:36.671996 #43171] DEBUG -- :   [1m[36m (95.0ms)[0m  [1mCREATE TABLE "daily_options" ("id" serial primary key, "symbol" character varying, "stock_id" integer, "expiration_date" date, "option_chains" character varying, "created_at" timestamp NOT NULL, "updated_at" timestamp NOT NULL) [0m
D, [2015-06-09T15:31:36.889778 #43171] DEBUG -- :   [1m[35mSQL (39.8ms)[0m  INSERT INTO "schema_migrations" ("version") VALUES ($1)  [["version", "20150609204029"]]
D, [2015-06-09T15:31:36.928216 #43171] DEBUG -- :   [1m[36m (37.8ms)[0m  [1mCOMMIT[0m
D, [2015-06-10T10:39:43.138559 #84570] DEBUG -- :   [1m[36m (41.0ms)[0m  [1mSELECT COUNT(*) FROM "daily_options"[0m
D, [2015-06-10T10:43:49.463581 #84653] DEBUG -- :   [1m[36m (42.8ms)[0m  [1mSELECT COUNT(*) FROM "daily_options"[0m
D, [2015-06-10T23:58:43.639597 #86501] DEBUG -- :   [1m[36m (49.7ms)[0m  [1mBEGIN[0m
D, [2015-06-10T23:58:43.827485 #86501] DEBUG -- :   [1m[35mSQL (84.8ms)[0m  INSERT INTO "daily_options" ("symbol", "expiration_date", "option_chains", "created_at", "updated_at") VALUES ($1, $2, $3, $4, $5) RETURNING "id"  [["symbol", "AAPL"], ["expiration_date", "2015-06-12"], ["option_chains", "[{\"call_oi\":10,\"strike_price\":85.0,\"put_oi\":0},{\"call_oi\":455,\"strike_price\":100.0,\"put_oi\":1492},{\"call_oi\":21,\"strike_price\":105.0,\"put_oi\":1502},{\"call_oi\":65,\"strike_price\":110.0,\"put_oi\":2437},{\"call_oi\":0,\"strike_price\":112.0,\"put_oi\":1990},{\"call_oi\":62,\"strike_price\":113.0,\"put_oi\":1086},{\"call_oi\":29,\"strike_price\":114.0,\"put_oi\":3012},{\"call_oi\":557,\"strike_price\":115.0,\"put_oi\":4903},{\"call_oi\":193,\"strike_price\":116.0,\"put_oi\":4283},{\"call_oi\":283,\"strike_price\":117.0,\"put_oi\":3468},{\"call_oi\":426,\"strike_price\":118.0,\"put_oi\":1916},{\"call_oi\":198,\"strike_price\":119.0,\"put_oi\":2929},{\"call_oi\":2260,\"strike_price\":120.0,\"put_oi\":8482},{\"call_oi\":446,\"strike_price\":121.0,\"put_oi\":5277},{\"call_oi\":751,\"strike_price\":122.0,\"put_oi\":9553},{\"call_oi\":1618,\"strike_price\":123.0,\"put_oi\":10653},{\"call_oi\":2083,\"strike_price\":124.0,\"put_oi\":14645},{\"call_oi\":4933,\"strike_price\":125.0,\"put_oi\":31702},{\"call_oi\":6695,\"strike_price\":126.0,\"put_oi\":17604},{\"call_oi\":9709,\"strike_price\":127.0,\"put_oi\":16904},{\"call_oi\":19468,\"strike_price\":128.0,\"put_oi\":14144},{\"call_oi\":27636,\"strike_price\":129.0,\"put_oi\":10685},{\"call_oi\":32469,\"strike_price\":130.0,\"put_oi\":11209},{\"call_oi\":23385,\"strike_price\":131.0,\"put_oi\":3532},{\"call_oi\":19405,\"strike_price\":132.0,\"put_oi\":3820},{\"call_oi\":49898,\"strike_price\":133.0,\"put_oi\":2250},{\"call_oi\":11070,\"strike_price\":134.0,\"put_oi\":1232},{\"call_oi\":15335,\"strike_price\":135.0,\"put_oi\":1536},{\"call_oi\":9132,\"strike_price\":136.0,\"put_oi\":756},{\"call_oi\":11103,\"strike_price\":137.0,\"put_oi\":445},{\"call_oi\":6940,\"strike_price\":138.0,\"put_oi\":474},{\"call_oi\":1835,\"strike_price\":139.0,\"put_oi\":237},{\"call_oi\":5010,\"strike_price\":140.0,\"put_oi\":204},{\"call_oi\":1496,\"strike_price\":141.0,\"put_oi\":58},{\"call_oi\":463,\"strike_price\":142.0,\"put_oi\":5},{\"call_oi\":340,\"strike_price\":143.0,\"put_oi\":13},{\"call_oi\":161,\"strike_price\":144.0,\"put_oi\":0},{\"call_oi\":272,\"strike_price\":145.0,\"put_oi\":0},{\"call_oi\":10,\"strike_price\":146.0,\"put_oi\":0},{\"call_oi\":10,\"strike_price\":147.0,\"put_oi\":0},{\"call_oi\":149,\"strike_price\":150.0,\"put_oi\":0},{\"call_oi\":19,\"strike_price\":155.0,\"put_oi\":0},{\"call_oi\":41,\"strike_price\":160.0,\"put_oi\":0}]"], ["created_at", "2015-06-11 06:58:43.650887"], ["updated_at", "2015-06-11 06:58:43.650887"]]
D, [2015-06-10T23:58:43.865466 #86501] DEBUG -- :   [1m[36m (35.5ms)[0m  [1mCOMMIT[0m
D, [2015-06-10T23:58:44.823433 #86501] DEBUG -- :   [1m[35m (37.0ms)[0m  BEGIN
D, [2015-06-10T23:58:44.875599 #86501] DEBUG -- :   [1m[36mSQL (47.7ms)[0m  [1mINSERT INTO "daily_options" ("symbol", "expiration_date", "option_chains", "created_at", "updated_at") VALUES ($1, $2, $3, $4, $5) RETURNING "id"[0m  [["symbol", "SPY"], ["expiration_date", "2015-06-12"], ["option_chains", "[{\"call_oi\":0,\"strike_price\":185.0,\"put_oi\":17939},{\"call_oi\":9,\"strike_price\":190.0,\"put_oi\":16231},{\"call_oi\":0,\"strike_price\":191.0,\"put_oi\":1106},{\"call_oi\":0,\"strike_price\":192.0,\"put_oi\":8211},{\"call_oi\":0,\"strike_price\":193.0,\"put_oi\":14844},{\"call_oi\":0,\"strike_price\":194.0,\"put_oi\":3454},{\"call_oi\":0,\"strike_price\":194.5,\"put_oi\":5370},{\"call_oi\":156,\"strike_price\":195.0,\"put_oi\":27273},{\"call_oi\":0,\"strike_price\":195.5,\"put_oi\":10811},{\"call_oi\":0,\"strike_price\":196.0,\"put_oi\":7597},{\"call_oi\":0,\"strike_price\":196.5,\"put_oi\":13522},{\"call_oi\":45,\"strike_price\":197.0,\"put_oi\":8364},{\"call_oi\":0,\"strike_price\":197.5,\"put_oi\":6529},{\"call_oi\":0,\"strike_price\":198.0,\"put_oi\":3943},{\"call_oi\":32,\"strike_price\":198.5,\"put_oi\":11460},{\"call_oi\":91,\"strike_price\":199.0,\"put_oi\":7903},{\"call_oi\":50,\"strike_price\":199.5,\"put_oi\":3628},{\"call_oi\":145,\"strike_price\":200.0,\"put_oi\":31426},{\"call_oi\":84,\"strike_price\":200.5,\"put_oi\":4097},{\"call_oi\":187,\"strike_price\":201.0,\"put_oi\":7859},{\"call_oi\":55,\"strike_price\":201.5,\"put_oi\":13104},{\"call_oi\":122,\"strike_price\":202.0,\"put_oi\":26322},{\"call_oi\":355,\"strike_price\":202.5,\"put_oi\":11053},{\"call_oi\":179,\"strike_price\":203.0,\"put_oi\":36198},{\"call_oi\":257,\"strike_price\":203.5,\"put_oi\":16731},{\"call_oi\":718,\"strike_price\":204.0,\"put_oi\":42527},{\"call_oi\":268,\"strike_price\":204.5,\"put_oi\":23993},{\"call_oi\":945,\"strike_price\":205.0,\"put_oi\":34488},{\"call_oi\":2288,\"strike_price\":205.5,\"put_oi\":26760},{\"call_oi\":2171,\"strike_price\":206.0,\"put_oi\":44147},{\"call_oi\":1531,\"strike_price\":206.5,\"put_oi\":18619},{\"call_oi\":3110,\"strike_price\":207.0,\"put_oi\":41945},{\"call_oi\":2274,\"strike_price\":207.5,\"put_oi\":31513},{\"call_oi\":9020,\"strike_price\":208.0,\"put_oi\":35364},{\"call_oi\":10235,\"strike_price\":208.5,\"put_oi\":26220},{\"call_oi\":16252,\"strike_price\":209.0,\"put_oi\":52591},{\"call_oi\":20086,\"strike_price\":209.5,\"put_oi\":61384},{\"call_oi\":55610,\"strike_price\":210.0,\"put_oi\":54202},{\"call_oi\":16013,\"strike_price\":210.5,\"put_oi\":39508},{\"call_oi\":32076,\"strike_price\":211.0,\"put_oi\":21319},{\"call_oi\":15618,\"strike_price\":211.5,\"put_oi\":9189},{\"call_oi\":40314,\"strike_price\":212.0,\"put_oi\":34011},{\"call_oi\":15466,\"strike_price\":212.5,\"put_oi\":4172},{\"call_oi\":18663,\"strike_price\":213.0,\"put_oi\":8319},{\"call_oi\":14092,\"strike_price\":213.5,\"put_oi\":8692},{\"call_oi\":20062,\"strike_price\":214.0,\"put_oi\":2291},{\"call_oi\":15067,\"strike_price\":214.5,\"put_oi\":607},{\"call_oi\":20589,\"strike_price\":215.0,\"put_oi\":2941},{\"call_oi\":62992,\"strike_price\":215.5,\"put_oi\":81},{\"call_oi\":30456,\"strike_price\":216.0,\"put_oi\":679},{\"call_oi\":6240,\"strike_price\":216.5,\"put_oi\":57},{\"call_oi\":14567,\"strike_price\":217.0,\"put_oi\":217},{\"call_oi\":7471,\"strike_price\":217.5,\"put_oi\":55},{\"call_oi\":6772,\"strike_price\":218.0,\"put_oi\":285},{\"call_oi\":1751,\"strike_price\":218.5,\"put_oi\":1},{\"call_oi\":14606,\"strike_price\":219.0,\"put_oi\":452},{\"call_oi\":3491,\"strike_price\":219.5,\"put_oi\":3},{\"call_oi\":9569,\"strike_price\":220.0,\"put_oi\":146},{\"call_oi\":226,\"strike_price\":221.0,\"put_oi\":89},{\"call_oi\":15,\"strike_price\":222.0,\"put_oi\":20},{\"call_oi\":3501,\"strike_price\":222.5,\"put_oi\":5},{\"call_oi\":8131,\"strike_price\":225.0,\"put_oi\":2356},{\"call_oi\":102,\"strike_price\":227.5,\"put_oi\":0},{\"call_oi\":61,\"strike_price\":230.0,\"put_oi\":0}]"], ["created_at", "2015-06-11 06:58:44.823983"], ["updated_at", "2015-06-11 06:58:44.823983"]]
D, [2015-06-10T23:58:44.916466 #86501] DEBUG -- :   [1m[35m (37.7ms)[0m  COMMIT
D, [2015-06-10T23:58:45.797220 #86501] DEBUG -- :   [1m[36m (51.8ms)[0m  [1mBEGIN[0m
D, [2015-06-10T23:58:45.838161 #86501] DEBUG -- :   [1m[35mSQL (37.4ms)[0m  INSERT INTO "daily_options" ("symbol", "expiration_date", "option_chains", "created_at", "updated_at") VALUES ($1, $2, $3, $4, $5) RETURNING "id"  [["symbol", "FB"], ["expiration_date", "2015-06-12"], ["option_chains", "[{\"call_oi\":209,\"strike_price\":69.0,\"put_oi\":830},{\"call_oi\":18,\"strike_price\":69.5,\"put_oi\":1136},{\"call_oi\":15,\"strike_price\":70.0,\"put_oi\":155},{\"call_oi\":122,\"strike_price\":70.5,\"put_oi\":397},{\"call_oi\":49,\"strike_price\":71.0,\"put_oi\":41},{\"call_oi\":0,\"strike_price\":71.5,\"put_oi\":217},{\"call_oi\":34,\"strike_price\":72.0,\"put_oi\":235},{\"call_oi\":54,\"strike_price\":72.5,\"put_oi\":932},{\"call_oi\":63,\"strike_price\":73.0,\"put_oi\":340},{\"call_oi\":14,\"strike_price\":73.5,\"put_oi\":1163},{\"call_oi\":24,\"strike_price\":74.0,\"put_oi\":143},{\"call_oi\":104,\"strike_price\":74.5,\"put_oi\":189},{\"call_oi\":808,\"strike_price\":75.0,\"put_oi\":757},{\"call_oi\":82,\"strike_price\":75.5,\"put_oi\":542},{\"call_oi\":83,\"strike_price\":76.0,\"put_oi\":1353},{\"call_oi\":185,\"strike_price\":76.5,\"put_oi\":364},{\"call_oi\":424,\"strike_price\":77.0,\"put_oi\":1602},{\"call_oi\":710,\"strike_price\":77.5,\"put_oi\":790},{\"call_oi\":520,\"strike_price\":78.0,\"put_oi\":1892},{\"call_oi\":293,\"strike_price\":78.5,\"put_oi\":1586},{\"call_oi\":833,\"strike_price\":79.0,\"put_oi\":2260},{\"call_oi\":1003,\"strike_price\":79.5,\"put_oi\":2540},{\"call_oi\":4465,\"strike_price\":80.0,\"put_oi\":5411},{\"call_oi\":3298,\"strike_price\":80.5,\"put_oi\":3613},{\"call_oi\":4964,\"strike_price\":81.0,\"put_oi\":4046},{\"call_oi\":4771,\"strike_price\":81.5,\"put_oi\":2237},{\"call_oi\":8332,\"strike_price\":82.0,\"put_oi\":2158},{\"call_oi\":12552,\"strike_price\":82.5,\"put_oi\":756},{\"call_oi\":4986,\"strike_price\":83.0,\"put_oi\":954},{\"call_oi\":3880,\"strike_price\":83.5,\"put_oi\":329},{\"call_oi\":2445,\"strike_price\":84.0,\"put_oi\":539},{\"call_oi\":1077,\"strike_price\":84.5,\"put_oi\":122},{\"call_oi\":6253,\"strike_price\":85.0,\"put_oi\":204},{\"call_oi\":954,\"strike_price\":85.5,\"put_oi\":102},{\"call_oi\":697,\"strike_price\":86.0,\"put_oi\":5},{\"call_oi\":134,\"strike_price\":86.5,\"put_oi\":91},{\"call_oi\":383,\"strike_price\":87.0,\"put_oi\":10},{\"call_oi\":180,\"strike_price\":87.5,\"put_oi\":81},{\"call_oi\":722,\"strike_price\":88.0,\"put_oi\":67},{\"call_oi\":405,\"strike_price\":88.5,\"put_oi\":10},{\"call_oi\":426,\"strike_price\":89.0,\"put_oi\":0},{\"call_oi\":167,\"strike_price\":90.0,\"put_oi\":0},{\"call_oi\":150,\"strike_price\":91.0,\"put_oi\":0},{\"call_oi\":100,\"strike_price\":93.0,\"put_oi\":0}]"], ["created_at", "2015-06-11 06:58:45.797637"], ["updated_at", "2015-06-11 06:58:45.797637"]]
D, [2015-06-10T23:58:45.877932 #86501] DEBUG -- :   [1m[36m (37.2ms)[0m  [1mCOMMIT[0m
D, [2015-06-10T23:58:46.605948 #86501] DEBUG -- :   [1m[35m (35.0ms)[0m  BEGIN
D, [2015-06-10T23:58:46.692291 #86501] DEBUG -- :   [1m[36mSQL (40.6ms)[0m  [1mINSERT INTO "daily_options" ("symbol", "expiration_date", "option_chains", "created_at", "updated_at") VALUES ($1, $2, $3, $4, $5) RETURNING "id"[0m  [["symbol", "TSLA"], ["expiration_date", "2015-06-12"], ["option_chains", "[{\"call_oi\":0,\"strike_price\":150.0,\"put_oi\":2},{\"call_oi\":0,\"strike_price\":160.0,\"put_oi\":4},{\"call_oi\":0,\"strike_price\":165.0,\"put_oi\":2},{\"call_oi\":0,\"strike_price\":170.0,\"put_oi\":3},{\"call_oi\":0,\"strike_price\":175.0,\"put_oi\":10},{\"call_oi\":0,\"strike_price\":180.0,\"put_oi\":17},{\"call_oi\":0,\"strike_price\":185.0,\"put_oi\":50},{\"call_oi\":10,\"strike_price\":190.0,\"put_oi\":25},{\"call_oi\":11,\"strike_price\":195.0,\"put_oi\":21},{\"call_oi\":39,\"strike_price\":197.5,\"put_oi\":69},{\"call_oi\":0,\"strike_price\":200.0,\"put_oi\":197},{\"call_oi\":61,\"strike_price\":202.5,\"put_oi\":9},{\"call_oi\":17,\"strike_price\":205.0,\"put_oi\":223},{\"call_oi\":40,\"strike_price\":207.5,\"put_oi\":19},{\"call_oi\":11,\"strike_price\":210.0,\"put_oi\":244},{\"call_oi\":10,\"strike_price\":212.5,\"put_oi\":31},{\"call_oi\":1,\"strike_price\":215.0,\"put_oi\":112},{\"call_oi\":10,\"strike_price\":217.5,\"put_oi\":103},{\"call_oi\":83,\"strike_price\":220.0,\"put_oi\":1214},{\"call_oi\":77,\"strike_price\":222.5,\"put_oi\":159},{\"call_oi\":58,\"strike_price\":225.0,\"put_oi\":411},{\"call_oi\":26,\"strike_price\":227.5,\"put_oi\":359},{\"call_oi\":61,\"strike_price\":230.0,\"put_oi\":769},{\"call_oi\":87,\"strike_price\":232.5,\"put_oi\":338},{\"call_oi\":189,\"strike_price\":235.0,\"put_oi\":1062},{\"call_oi\":118,\"strike_price\":237.5,\"put_oi\":818},{\"call_oi\":511,\"strike_price\":240.0,\"put_oi\":2447},{\"call_oi\":127,\"strike_price\":242.5,\"put_oi\":1310},{\"call_oi\":428,\"strike_price\":245.0,\"put_oi\":1833},{\"call_oi\":530,\"strike_price\":247.5,\"put_oi\":1425},{\"call_oi\":2255,\"strike_price\":250.0,\"put_oi\":2286},{\"call_oi\":738,\"strike_price\":252.5,\"put_oi\":949},{\"call_oi\":2014,\"strike_price\":255.0,\"put_oi\":1673},{\"call_oi\":2965,\"strike_price\":257.5,\"put_oi\":313},{\"call_oi\":4369,\"strike_price\":260.0,\"put_oi\":578},{\"call_oi\":1439,\"strike_price\":262.5,\"put_oi\":76},{\"call_oi\":1940,\"strike_price\":265.0,\"put_oi\":231},{\"call_oi\":762,\"strike_price\":267.5,\"put_oi\":30},{\"call_oi\":1267,\"strike_price\":270.0,\"put_oi\":18},{\"call_oi\":371,\"strike_price\":272.5,\"put_oi\":0},{\"call_oi\":2369,\"strike_price\":275.0,\"put_oi\":31},{\"call_oi\":97,\"strike_price\":277.5,\"put_oi\":5},{\"call_oi\":474,\"strike_price\":280.0,\"put_oi\":3},{\"call_oi\":91,\"strike_price\":282.5,\"put_oi\":0},{\"call_oi\":199,\"strike_price\":285.0,\"put_oi\":1},{\"call_oi\":125,\"strike_price\":290.0,\"put_oi\":0},{\"call_oi\":1257,\"strike_price\":295.0,\"put_oi\":0},{\"call_oi\":449,\"strike_price\":300.0,\"put_oi\":0},{\"call_oi\":149,\"strike_price\":305.0,\"put_oi\":0},{\"call_oi\":2,\"strike_price\":310.0,\"put_oi\":0}]"], ["created_at", "2015-06-11 06:58:46.606358"], ["updated_at", "2015-06-11 06:58:46.606358"]]
D, [2015-06-10T23:58:46.731757 #86501] DEBUG -- :   [1m[35m (37.7ms)[0m  COMMIT
D, [2015-06-10T23:58:47.817447 #86501] DEBUG -- :   [1m[36m (35.9ms)[0m  [1mBEGIN[0m
D, [2015-06-10T23:58:47.897901 #86501] DEBUG -- :   [1m[35mSQL (75.6ms)[0m  INSERT INTO "daily_options" ("symbol", "expiration_date", "option_chains", "created_at", "updated_at") VALUES ($1, $2, $3, $4, $5) RETURNING "id"  [["symbol", "NFLX"], ["expiration_date", "2015-06-12"], ["option_chains", "[{\"call_oi\":2,\"strike_price\":455.0,\"put_oi\":0},{\"call_oi\":2,\"strike_price\":460.0,\"put_oi\":40},{\"call_oi\":0,\"strike_price\":465.0,\"put_oi\":1},{\"call_oi\":0,\"strike_price\":470.0,\"put_oi\":0},{\"call_oi\":0,\"strike_price\":475.0,\"put_oi\":17},{\"call_oi\":0,\"strike_price\":480.0,\"put_oi\":6},{\"call_oi\":0,\"strike_price\":485.0,\"put_oi\":3},{\"call_oi\":0,\"strike_price\":490.0,\"put_oi\":9},{\"call_oi\":0,\"strike_price\":495.0,\"put_oi\":48},{\"call_oi\":0,\"strike_price\":500.0,\"put_oi\":54},{\"call_oi\":1,\"strike_price\":510.0,\"put_oi\":90},{\"call_oi\":1,\"strike_price\":520.0,\"put_oi\":72},{\"call_oi\":0,\"strike_price\":522.5,\"put_oi\":34},{\"call_oi\":20,\"strike_price\":525.0,\"put_oi\":55},{\"call_oi\":0,\"strike_price\":527.5,\"put_oi\":1},{\"call_oi\":0,\"strike_price\":530.0,\"put_oi\":209},{\"call_oi\":1,\"strike_price\":532.5,\"put_oi\":11},{\"call_oi\":3,\"strike_price\":535.0,\"put_oi\":207},{\"call_oi\":2,\"strike_price\":537.5,\"put_oi\":5},{\"call_oi\":2,\"strike_price\":540.0,\"put_oi\":91},{\"call_oi\":2,\"strike_price\":542.5,\"put_oi\":160},{\"call_oi\":16,\"strike_price\":545.0,\"put_oi\":178},{\"call_oi\":12,\"strike_price\":547.5,\"put_oi\":195},{\"call_oi\":22,\"strike_price\":550.0,\"put_oi\":307},{\"call_oi\":2,\"strike_price\":552.5,\"put_oi\":91},{\"call_oi\":2,\"strike_price\":555.0,\"put_oi\":69},{\"call_oi\":10,\"strike_price\":557.5,\"put_oi\":12},{\"call_oi\":33,\"strike_price\":560.0,\"put_oi\":392},{\"call_oi\":10,\"strike_price\":562.5,\"put_oi\":4},{\"call_oi\":10,\"strike_price\":565.0,\"put_oi\":131},{\"call_oi\":6,\"strike_price\":567.5,\"put_oi\":153},{\"call_oi\":30,\"strike_price\":570.0,\"put_oi\":347},{\"call_oi\":33,\"strike_price\":572.5,\"put_oi\":194},{\"call_oi\":25,\"strike_price\":575.0,\"put_oi\":392},{\"call_oi\":23,\"strike_price\":577.5,\"put_oi\":243},{\"call_oi\":24,\"strike_price\":580.0,\"put_oi\":528},{\"call_oi\":21,\"strike_price\":582.5,\"put_oi\":227},{\"call_oi\":37,\"strike_price\":585.0,\"put_oi\":476},{\"call_oi\":17,\"strike_price\":587.5,\"put_oi\":482},{\"call_oi\":115,\"strike_price\":590.0,\"put_oi\":862},{\"call_oi\":16,\"strike_price\":592.5,\"put_oi\":270},{\"call_oi\":184,\"strike_price\":595.0,\"put_oi\":1058},{\"call_oi\":14,\"strike_price\":597.5,\"put_oi\":419},{\"call_oi\":223,\"strike_price\":600.0,\"put_oi\":1488},{\"call_oi\":0,\"strike_price\":602.5,\"put_oi\":403},{\"call_oi\":21,\"strike_price\":605.0,\"put_oi\":684},{\"call_oi\":6,\"strike_price\":607.5,\"put_oi\":961},{\"call_oi\":151,\"strike_price\":610.0,\"put_oi\":1524},{\"call_oi\":44,\"strike_price\":612.5,\"put_oi\":686},{\"call_oi\":244,\"strike_price\":615.0,\"put_oi\":1276},{\"call_oi\":120,\"strike_price\":617.5,\"put_oi\":1192},{\"call_oi\":379,\"strike_price\":620.0,\"put_oi\":2474},{\"call_oi\":229,\"strike_price\":622.5,\"put_oi\":649},{\"call_oi\":434,\"strike_price\":625.0,\"put_oi\":2312},{\"call_oi\":517,\"strike_price\":627.5,\"put_oi\":735},{\"call_oi\":846,\"strike_price\":630.0,\"put_oi\":1492},{\"call_oi\":377,\"strike_price\":632.5,\"put_oi\":544},{\"call_oi\":632,\"strike_price\":635.0,\"put_oi\":914},{\"call_oi\":319,\"strike_price\":637.5,\"put_oi\":459},{\"call_oi\":1124,\"strike_price\":640.0,\"put_oi\":925},{\"call_oi\":463,\"strike_price\":642.5,\"put_oi\":235},{\"call_oi\":1443,\"strike_price\":645.0,\"put_oi\":524},{\"call_oi\":684,\"strike_price\":647.5,\"put_oi\":173},{\"call_oi\":2607,\"strike_price\":650.0,\"put_oi\":226},{\"call_oi\":518,\"strike_price\":652.5,\"put_oi\":15},{\"call_oi\":865,\"strike_price\":655.0,\"put_oi\":99},{\"call_oi\":314,\"strike_price\":657.5,\"put_oi\":11},{\"call_oi\":1591,\"strike_price\":660.0,\"put_oi\":70},{\"call_oi\":314,\"strike_price\":662.5,\"put_oi\":15},{\"call_oi\":690,\"strike_price\":665.0,\"put_oi\":3},{\"call_oi\":187,\"strike_price\":667.5,\"put_oi\":5},{\"call_oi\":599,\"strike_price\":670.0,\"put_oi\":20},{\"call_oi\":215,\"strike_price\":672.5,\"put_oi\":20},{\"call_oi\":433,\"strike_price\":675.0,\"put_oi\":0},{\"call_oi\":144,\"strike_price\":677.5,\"put_oi\":0},{\"call_oi\":970,\"strike_price\":680.0,\"put_oi\":0},{\"call_oi\":138,\"strike_price\":682.5,\"put_oi\":0},{\"call_oi\":369,\"strike_price\":685.0,\"put_oi\":0},{\"call_oi\":21,\"strike_price\":687.5,\"put_oi\":0},{\"call_oi\":521,\"strike_price\":690.0,\"put_oi\":0},{\"call_oi\":254,\"strike_price\":692.5,\"put_oi\":0},{\"call_oi\":344,\"strike_price\":695.0,\"put_oi\":0},{\"call_oi\":41,\"strike_price\":697.5,\"put_oi\":0},{\"call_oi\":238,\"strike_price\":700.0,\"put_oi\":2},{\"call_oi\":2,\"strike_price\":702.5,\"put_oi\":0},{\"call_oi\":6,\"strike_price\":707.5,\"put_oi\":4},{\"call_oi\":1443,\"strike_price\":710.0,\"put_oi\":0},{\"call_oi\":6,\"strike_price\":712.5,\"put_oi\":0},{\"call_oi\":28,\"strike_price\":715.0,\"put_oi\":0},{\"call_oi\":6,\"strike_price\":717.5,\"put_oi\":0},{\"call_oi\":389,\"strike_price\":720.0,\"put_oi\":0}]"], ["created_at", "2015-06-11 06:58:47.817847"], ["updated_at", "2015-06-11 06:58:47.817847"]]
D, [2015-06-10T23:58:47.938371 #86501] DEBUG -- :   [1m[36m (36.2ms)[0m  [1mCOMMIT[0m
D, [2015-06-10T23:58:48.497476 #86501] DEBUG -- :   [1m[35m (54.6ms)[0m  BEGIN
D, [2015-06-10T23:58:48.539680 #86501] DEBUG -- :   [1m[36mSQL (39.2ms)[0m  [1mINSERT INTO "daily_options" ("symbol", "expiration_date", "option_chains", "created_at", "updated_at") VALUES ($1, $2, $3, $4, $5) RETURNING "id"[0m  [["symbol", "BIDU"], ["expiration_date", "2015-06-12"], ["option_chains", "[{\"call_oi\":0,\"strike_price\":160.0,\"put_oi\":1},{\"call_oi\":0,\"strike_price\":165.0,\"put_oi\":10},{\"call_oi\":0,\"strike_price\":167.5,\"put_oi\":5},{\"call_oi\":2,\"strike_price\":170.0,\"put_oi\":121},{\"call_oi\":0,\"strike_price\":172.5,\"put_oi\":205},{\"call_oi\":1,\"strike_price\":175.0,\"put_oi\":36},{\"call_oi\":0,\"strike_price\":177.5,\"put_oi\":56},{\"call_oi\":25,\"strike_price\":180.0,\"put_oi\":95},{\"call_oi\":46,\"strike_price\":182.5,\"put_oi\":105},{\"call_oi\":27,\"strike_price\":185.0,\"put_oi\":250},{\"call_oi\":23,\"strike_price\":187.5,\"put_oi\":113},{\"call_oi\":109,\"strike_price\":190.0,\"put_oi\":427},{\"call_oi\":102,\"strike_price\":192.5,\"put_oi\":398},{\"call_oi\":353,\"strike_price\":195.0,\"put_oi\":977},{\"call_oi\":167,\"strike_price\":197.5,\"put_oi\":740},{\"call_oi\":306,\"strike_price\":200.0,\"put_oi\":1218},{\"call_oi\":502,\"strike_price\":202.5,\"put_oi\":806},{\"call_oi\":1307,\"strike_price\":205.0,\"put_oi\":1085},{\"call_oi\":1165,\"strike_price\":207.5,\"put_oi\":298},{\"call_oi\":1613,\"strike_price\":210.0,\"put_oi\":140},{\"call_oi\":807,\"strike_price\":212.5,\"put_oi\":41},{\"call_oi\":558,\"strike_price\":215.0,\"put_oi\":35},{\"call_oi\":283,\"strike_price\":217.5,\"put_oi\":15},{\"call_oi\":218,\"strike_price\":220.0,\"put_oi\":0},{\"call_oi\":182,\"strike_price\":222.5,\"put_oi\":0},{\"call_oi\":203,\"strike_price\":225.0,\"put_oi\":0},{\"call_oi\":11,\"strike_price\":227.5,\"put_oi\":0},{\"call_oi\":32,\"strike_price\":230.0,\"put_oi\":0},{\"call_oi\":10,\"strike_price\":232.5,\"put_oi\":0},{\"call_oi\":0,\"strike_price\":245.0,\"put_oi\":0},{\"call_oi\":1,\"strike_price\":260.0,\"put_oi\":0}]"], ["created_at", "2015-06-11 06:58:48.497878"], ["updated_at", "2015-06-11 06:58:48.497878"]]
D, [2015-06-10T23:58:48.584142 #86501] DEBUG -- :   [1m[35m (42.4ms)[0m  COMMIT
D, [2015-06-10T23:58:49.261983 #86501] DEBUG -- :   [1m[36m (33.9ms)[0m  [1mBEGIN[0m
D, [2015-06-10T23:58:49.698541 #86501] DEBUG -- :   [1m[35mSQL (433.1ms)[0m  INSERT INTO "daily_options" ("symbol", "expiration_date", "option_chains", "created_at", "updated_at") VALUES ($1, $2, $3, $4, $5) RETURNING "id"  [["symbol", "TWTR"], ["expiration_date", "2015-06-12"], ["option_chains", "[{\"call_oi\":12,\"strike_price\":30.0,\"put_oi\":143},{\"call_oi\":0,\"strike_price\":31.0,\"put_oi\":25},{\"call_oi\":33,\"strike_price\":31.5,\"put_oi\":1},{\"call_oi\":116,\"strike_price\":32.0,\"put_oi\":95},{\"call_oi\":27,\"strike_price\":32.5,\"put_oi\":45},{\"call_oi\":117,\"strike_price\":33.0,\"put_oi\":176},{\"call_oi\":49,\"strike_price\":33.5,\"put_oi\":414},{\"call_oi\":53,\"strike_price\":34.0,\"put_oi\":408},{\"call_oi\":0,\"strike_price\":34.5,\"put_oi\":2180},{\"call_oi\":1383,\"strike_price\":35.0,\"put_oi\":1938},{\"call_oi\":669,\"strike_price\":35.5,\"put_oi\":2986},{\"call_oi\":1561,\"strike_price\":36.0,\"put_oi\":5595},{\"call_oi\":4433,\"strike_price\":36.5,\"put_oi\":4206},{\"call_oi\":6754,\"strike_price\":37.0,\"put_oi\":6056},{\"call_oi\":3872,\"strike_price\":37.5,\"put_oi\":787},{\"call_oi\":5043,\"strike_price\":38.0,\"put_oi\":1514},{\"call_oi\":2573,\"strike_price\":38.5,\"put_oi\":181},{\"call_oi\":2162,\"strike_price\":39.0,\"put_oi\":322},{\"call_oi\":671,\"strike_price\":39.5,\"put_oi\":71},{\"call_oi\":2111,\"strike_price\":40.0,\"put_oi\":394},{\"call_oi\":615,\"strike_price\":40.5,\"put_oi\":70},{\"call_oi\":343,\"strike_price\":41.0,\"put_oi\":40},{\"call_oi\":280,\"strike_price\":41.5,\"put_oi\":1},{\"call_oi\":215,\"strike_price\":42.0,\"put_oi\":0},{\"call_oi\":99,\"strike_price\":42.5,\"put_oi\":200},{\"call_oi\":265,\"strike_price\":43.0,\"put_oi\":3},{\"call_oi\":264,\"strike_price\":43.5,\"put_oi\":14},{\"call_oi\":410,\"strike_price\":44.0,\"put_oi\":32},{\"call_oi\":40,\"strike_price\":44.5,\"put_oi\":1},{\"call_oi\":265,\"strike_price\":45.0,\"put_oi\":8},{\"call_oi\":104,\"strike_price\":45.5,\"put_oi\":1},{\"call_oi\":105,\"strike_price\":46.0,\"put_oi\":58},{\"call_oi\":50,\"strike_price\":46.5,\"put_oi\":25},{\"call_oi\":6,\"strike_price\":47.0,\"put_oi\":0},{\"call_oi\":0,\"strike_price\":47.5,\"put_oi\":7},{\"call_oi\":0,\"strike_price\":48.0,\"put_oi\":1},{\"call_oi\":0,\"strike_price\":48.5,\"put_oi\":0},{\"call_oi\":2,\"strike_price\":49.0,\"put_oi\":0},{\"call_oi\":70,\"strike_price\":50.0,\"put_oi\":1}]"], ["created_at", "2015-06-11 06:58:49.262387"], ["updated_at", "2015-06-11 06:58:49.262387"]]
D, [2015-06-10T23:58:49.743036 #86501] DEBUG -- :   [1m[36m (42.0ms)[0m  [1mCOMMIT[0m
D, [2015-06-10T23:58:50.502040 #86501] DEBUG -- :   [1m[35m (35.1ms)[0m  BEGIN
D, [2015-06-10T23:58:50.555319 #86501] DEBUG -- :   [1m[36mSQL (49.9ms)[0m  [1mINSERT INTO "daily_options" ("symbol", "expiration_date", "option_chains", "created_at", "updated_at") VALUES ($1, $2, $3, $4, $5) RETURNING "id"[0m  [["symbol", "LNKD"], ["expiration_date", "2015-06-12"], ["option_chains", "[{\"call_oi\":0,\"strike_price\":160.0,\"put_oi\":20},{\"call_oi\":0,\"strike_price\":165.0,\"put_oi\":10},{\"call_oi\":0,\"strike_price\":170.0,\"put_oi\":46},{\"call_oi\":2,\"strike_price\":172.5,\"put_oi\":0},{\"call_oi\":0,\"strike_price\":175.0,\"put_oi\":50},{\"call_oi\":0,\"strike_price\":177.5,\"put_oi\":27},{\"call_oi\":15,\"strike_price\":180.0,\"put_oi\":210},{\"call_oi\":10,\"strike_price\":182.5,\"put_oi\":31},{\"call_oi\":30,\"strike_price\":185.0,\"put_oi\":377},{\"call_oi\":6,\"strike_price\":187.5,\"put_oi\":326},{\"call_oi\":403,\"strike_price\":190.0,\"put_oi\":202},{\"call_oi\":37,\"strike_price\":192.5,\"put_oi\":146},{\"call_oi\":99,\"strike_price\":195.0,\"put_oi\":147},{\"call_oi\":66,\"strike_price\":197.5,\"put_oi\":228},{\"call_oi\":284,\"strike_price\":200.0,\"put_oi\":722},{\"call_oi\":169,\"strike_price\":202.5,\"put_oi\":771},{\"call_oi\":405,\"strike_price\":205.0,\"put_oi\":1128},{\"call_oi\":341,\"strike_price\":207.5,\"put_oi\":900},{\"call_oi\":351,\"strike_price\":210.0,\"put_oi\":499},{\"call_oi\":346,\"strike_price\":212.5,\"put_oi\":523},{\"call_oi\":869,\"strike_price\":215.0,\"put_oi\":658},{\"call_oi\":1207,\"strike_price\":217.5,\"put_oi\":267},{\"call_oi\":1933,\"strike_price\":220.0,\"put_oi\":159},{\"call_oi\":750,\"strike_price\":222.5,\"put_oi\":30},{\"call_oi\":728,\"strike_price\":225.0,\"put_oi\":56},{\"call_oi\":228,\"strike_price\":227.5,\"put_oi\":11},{\"call_oi\":984,\"strike_price\":230.0,\"put_oi\":83},{\"call_oi\":91,\"strike_price\":232.5,\"put_oi\":10},{\"call_oi\":159,\"strike_price\":235.0,\"put_oi\":15},{\"call_oi\":54,\"strike_price\":237.5,\"put_oi\":1},{\"call_oi\":96,\"strike_price\":240.0,\"put_oi\":2},{\"call_oi\":20,\"strike_price\":242.5,\"put_oi\":1},{\"call_oi\":30,\"strike_price\":245.0,\"put_oi\":1},{\"call_oi\":0,\"strike_price\":247.5,\"put_oi\":1},{\"call_oi\":3,\"strike_price\":252.5,\"put_oi\":2},{\"call_oi\":15,\"strike_price\":255.0,\"put_oi\":0},{\"call_oi\":0,\"strike_price\":257.5,\"put_oi\":1},{\"call_oi\":1,\"strike_price\":265.0,\"put_oi\":0},{\"call_oi\":7,\"strike_price\":267.5,\"put_oi\":0},{\"call_oi\":7,\"strike_price\":305.0,\"put_oi\":0}]"], ["created_at", "2015-06-11 06:58:50.502519"], ["updated_at", "2015-06-11 06:58:50.502519"]]
D, [2015-06-10T23:58:50.603702 #86501] DEBUG -- :   [1m[35m (46.1ms)[0m  COMMIT
D, [2015-06-11T00:00:50.241155 #86587] DEBUG -- :   [1m[36m (37.4ms)[0m  [1mSELECT COUNT(*) FROM "daily_options"[0m
D, [2015-06-11T00:01:01.486449 #86587] DEBUG -- :   [1m[35mDailyOption Load (98.9ms)[0m  SELECT "daily_options".* FROM "daily_options"
D, [2015-06-11T00:39:38.502782 #86788] DEBUG -- :   [1m[36mOptionChain Load (38.3ms)[0m  [1mSELECT  "option_chains".* FROM "option_chains"  ORDER BY "option_chains"."id" DESC LIMIT 1[0m
D, [2015-06-11T00:40:03.915229 #86796] DEBUG -- :   [1m[36m (36.4ms)[0m  [1mBEGIN[0m
D, [2015-06-11T00:40:04.043740 #86796] DEBUG -- :   [1m[35mSQL (37.6ms)[0m  INSERT INTO "option_chains" ("symbol", "created_at", "updated_at") VALUES ($1, $2, $3) RETURNING "id"  [["symbol", "XXX"], ["created_at", "2015-06-11 07:40:03.926407"], ["updated_at", "2015-06-11 07:40:03.926407"]]
D, [2015-06-11T00:40:04.085587 #86796] DEBUG -- :   [1m[36m (41.0ms)[0m  [1mCOMMIT[0m
D, [2015-06-11T00:40:14.323882 #86844] DEBUG -- :   [1m[36mOptionChain Load (34.2ms)[0m  [1mSELECT  "option_chains".* FROM "option_chains"  ORDER BY "option_chains"."id" DESC LIMIT 1[0m
D, [2015-06-11T00:53:55.270782 #86999] DEBUG -- :   [1m[36m (38.9ms)[0m  [1mSELECT COUNT(*) FROM "option_chains"[0m
D, [2015-06-11T00:55:54.974679 #87031] DEBUG -- :   [1m[36m (43.6ms)[0m  [1mSELECT COUNT(*) FROM "option_chains"[0m
D, [2015-06-11T00:57:28.634537 #87089] DEBUG -- :   [1m[36m (40.3ms)[0m  [1mSELECT COUNT(*) FROM "option_chains"[0m
D, [2015-06-11T01:07:02.438246 #87256] DEBUG -- :   [1m[36m (54.2ms)[0m  [1mSELECT COUNT(*) FROM "option_chains"[0m
D, [2015-06-11T01:08:28.522154 #87323] DEBUG -- :   [1m[36m (35.5ms)[0m  [1mSELECT COUNT(*) FROM "option_chains"[0m
D, [2015-06-11T01:08:32.875006 #87323] DEBUG -- :   [1m[35mOptionChain Load (36.6ms)[0m  SELECT  "option_chains".* FROM "option_chains"  ORDER BY "option_chains"."id" DESC LIMIT 1
D, [2015-06-11T01:21:04.630441 #87546] DEBUG -- :   [1m[36m (37.4ms)[0m  [1mBEGIN[0m
D, [2015-06-11T01:21:04.760172 #87546] DEBUG -- :   [1m[35mSQL (37.5ms)[0m  INSERT INTO "option_chains" ("symbol", "created_at", "updated_at") VALUES ($1, $2, $3) RETURNING "id"  [["symbol", "XXX"], ["created_at", "2015-06-11 08:21:04.640944"], ["updated_at", "2015-06-11 08:21:04.640944"]]
D, [2015-06-11T01:21:04.804310 #87546] DEBUG -- :   [1m[36m (43.3ms)[0m  [1mCOMMIT[0m
D, [2015-06-11T01:22:05.427804 #87650] DEBUG -- :   [1m[36m (43.6ms)[0m  [1mBEGIN[0m
D, [2015-06-11T01:22:05.547788 #87650] DEBUG -- :   [1m[35mSQL (37.6ms)[0m  INSERT INTO "option_chains" ("symbol", "created_at", "updated_at") VALUES ($1, $2, $3) RETURNING "id"  [["symbol", "XXX"], ["created_at", "2015-06-11 08:22:05.430523"], ["updated_at", "2015-06-11 08:22:05.430523"]]
D, [2015-06-11T01:22:05.588306 #87650] DEBUG -- :   [1m[36m (39.7ms)[0m  [1mCOMMIT[0m
D, [2015-06-11T01:23:04.893528 #87754] DEBUG -- :   [1m[36m (36.9ms)[0m  [1mBEGIN[0m
D, [2015-06-11T01:23:05.011937 #87754] DEBUG -- :   [1m[35mSQL (35.7ms)[0m  INSERT INTO "option_chains" ("symbol", "created_at", "updated_at") VALUES ($1, $2, $3) RETURNING "id"  [["symbol", "XXX"], ["created_at", "2015-06-11 08:23:04.896190"], ["updated_at", "2015-06-11 08:23:04.896190"]]
D, [2015-06-11T01:23:05.048702 #87754] DEBUG -- :   [1m[36m (35.9ms)[0m  [1mCOMMIT[0m
D, [2015-06-11T01:23:15.208052 #87802] DEBUG -- :   [1m[36m (38.2ms)[0m  [1mSELECT COUNT(*) FROM "option_chains"[0m
D, [2015-06-11T01:24:04.351734 #87926] DEBUG -- :   [1m[36m (37.2ms)[0m  [1mBEGIN[0m
D, [2015-06-11T01:24:04.477044 #87926] DEBUG -- :   [1m[35mSQL (39.0ms)[0m  INSERT INTO "option_chains" ("symbol", "created_at", "updated_at") VALUES ($1, $2, $3) RETURNING "id"  [["symbol", "XXX"], ["created_at", "2015-06-11 08:24:04.354331"], ["updated_at", "2015-06-11 08:24:04.354331"]]
D, [2015-06-11T01:24:04.519038 #87926] DEBUG -- :   [1m[36m (41.1ms)[0m  [1mCOMMIT[0m
D, [2015-06-11T01:25:04.716665 #88048] DEBUG -- :   [1m[36m (38.8ms)[0m  [1mBEGIN[0m
D, [2015-06-11T01:25:04.841175 #88048] DEBUG -- :   [1m[35mSQL (39.7ms)[0m  INSERT INTO "option_chains" ("symbol", "created_at", "updated_at") VALUES ($1, $2, $3) RETURNING "id"  [["symbol", "XXX"], ["created_at", "2015-06-11 08:25:04.719273"], ["updated_at", "2015-06-11 08:25:04.719273"]]
D, [2015-06-11T01:25:04.886898 #88048] DEBUG -- :   [1m[36m (44.9ms)[0m  [1mCOMMIT[0m
D, [2015-06-11T01:25:13.503923 #88096] DEBUG -- :   [1m[36m (36.6ms)[0m  [1mSELECT COUNT(*) FROM "option_chains"[0m
D, [2015-06-11T01:25:40.671515 #88096] DEBUG -- :   [1m[35mOptionChain Load (35.2ms)[0m  SELECT  "option_chains".* FROM "option_chains"  ORDER BY "option_chains"."id" DESC LIMIT 1
D, [2015-06-11T01:27:12.305351 #88335] DEBUG -- :   [1m[36m (37.5ms)[0m  [1mSELECT COUNT(*) FROM "daily_options"[0m
D, [2015-06-11T01:27:16.075684 #88335] DEBUG -- :   [1m[35mDailyOption Load (38.9ms)[0m  SELECT  "daily_options".* FROM "daily_options"  ORDER BY "daily_options"."id" DESC LIMIT 1
D, [2015-06-11T01:27:56.109103 #88363] DEBUG -- :   [1m[36m (36.1ms)[0m  [1mSELECT COUNT(*) FROM "option_chains"[0m
D, [2015-06-11T01:30:38.077759 #88740] DEBUG -- :   [1m[36m (39.1ms)[0m  [1mSELECT COUNT(*) FROM "option_chains"[0m
D, [2015-06-11T01:30:48.093042 #88740] DEBUG -- :   [1m[35mSQL (36.2ms)[0m  DELETE FROM "option_chains"
D, [2015-06-11T01:43:55.510701 #90255] DEBUG -- :   [1m[36m (38.5ms)[0m  [1mSELECT COUNT(*) FROM "option_chains"[0m
